****                   ADMIXTURE Version 1.3.0                  ****
****                    Copyright 2008-2015                     ****
****           David Alexander, Suyash Shringarpure,            ****
****                John  Novembre, Ken Lange                   ****
****                                                            ****
****                 Please cite our paper!                     ****
****   Information at www.genetics.ucla.edu/software/admixture  ****

Parallel execution requested.  Will use 2 threads.
Cross-validation will be performed.  Folds=5.
Random seed: 43
Point estimation method: Block relaxation algorithm
Convergence acceleration algorithm: QuasiNewton, 3 secant conditions
Point estimation will terminate when objective function delta < 0.0001
Estimation of standard errors disabled; will compute point estimates only.
Size of G: 284x12701
Performing five EM steps to prime main algorithm
1 (EM) 	Elapsed: 2.4	Loglikelihood: -2.18737e+06	(delta): 2.25311e+06
2 (EM) 	Elapsed: 2.387	Loglikelihood: -2.08135e+06	(delta): 106019
3 (EM) 	Elapsed: 2.011	Loglikelihood: -2.06258e+06	(delta): 18772.6
4 (EM) 	Elapsed: 2.017	Loglikelihood: -2.05069e+06	(delta): 11885.8
5 (EM) 	Elapsed: 1.974	Loglikelihood: -2.04057e+06	(delta): 10119.4
Initial loglikelihood: -2.04057e+06
Starting main algorithm
1 (QN/Block) 	Elapsed: 5.81	Loglikelihood: -1.80593e+06	(delta): 234642
2 (QN/Block) 	Elapsed: 5.556	Loglikelihood: -1.73083e+06	(delta): 75097.9
3 (QN/Block) 	Elapsed: 5.811	Loglikelihood: -1.69268e+06	(delta): 38151.2
4 (QN/Block) 	Elapsed: 4.817	Loglikelihood: -1.66419e+06	(delta): 28488.3
5 (QN/Block) 	Elapsed: 5.384	Loglikelihood: -1.64646e+06	(delta): 17734.2
6 (QN/Block) 	Elapsed: 6.014	Loglikelihood: -1.63639e+06	(delta): 10066.9
7 (QN/Block) 	Elapsed: 5.379	Loglikelihood: -1.63087e+06	(delta): 5517.86
8 (QN/Block) 	Elapsed: 4.607	Loglikelihood: -1.62721e+06	(delta): 3660.65
9 (QN/Block) 	Elapsed: 4.357	Loglikelihood: -1.62519e+06	(delta): 2023.37
10 (QN/Block) 	Elapsed: 3.503	Loglikelihood: -1.62356e+06	(delta): 1630.34
11 (QN/Block) 	Elapsed: 4.621	Loglikelihood: -1.62212e+06	(delta): 1434.66
12 (QN/Block) 	Elapsed: 4.219	Loglikelihood: -1.62106e+06	(delta): 1063.38
13 (QN/Block) 	Elapsed: 3.643	Loglikelihood: -1.62034e+06	(delta): 722.72
14 (QN/Block) 	Elapsed: 4.314	Loglikelihood: -1.61994e+06	(delta): 394.811
15 (QN/Block) 	Elapsed: 4.91	Loglikelihood: -1.61968e+06	(delta): 266.039
16 (QN/Block) 	Elapsed: 3.796	Loglikelihood: -1.61946e+06	(delta): 212.156
17 (QN/Block) 	Elapsed: 4.744	Loglikelihood: -1.61924e+06	(delta): 228.092
18 (QN/Block) 	Elapsed: 3.94	Loglikelihood: -1.61904e+06	(delta): 196.463
19 (QN/Block) 	Elapsed: 3.853	Loglikelihood: -1.61887e+06	(delta): 172.027
20 (QN/Block) 	Elapsed: 4.178	Loglikelihood: -1.61869e+06	(delta): 173.492
21 (QN/Block) 	Elapsed: 4.045	Loglikelihood: -1.61856e+06	(delta): 130.149
22 (QN/Block) 	Elapsed: 3.308	Loglikelihood: -1.61843e+06	(delta): 133.466
23 (QN/Block) 	Elapsed: 3.303	Loglikelihood: -1.61838e+06	(delta): 49.7693
24 (QN/Block) 	Elapsed: 3.391	Loglikelihood: -1.61835e+06	(delta): 34.8769
25 (QN/Block) 	Elapsed: 3.302	Loglikelihood: -1.61832e+06	(delta): 31.6071
26 (QN/Block) 	Elapsed: 3.316	Loglikelihood: -1.61829e+06	(delta): 22.247
27 (QN/Block) 	Elapsed: 3.36	Loglikelihood: -1.61827e+06	(delta): 19.9538
28 (QN/Block) 	Elapsed: 3.325	Loglikelihood: -1.61826e+06	(delta): 16.8225
29 (QN/Block) 	Elapsed: 3.231	Loglikelihood: -1.61824e+06	(delta): 12.9685
30 (QN/Block) 	Elapsed: 3.22	Loglikelihood: -1.61822e+06	(delta): 23.2143
31 (QN/Block) 	Elapsed: 3.246	Loglikelihood: -1.61819e+06	(delta): 34.4721
32 (QN/Block) 	Elapsed: 3.277	Loglikelihood: -1.61812e+06	(delta): 67.1068
33 (QN/Block) 	Elapsed: 3.215	Loglikelihood: -1.61798e+06	(delta): 137.04
34 (QN/Block) 	Elapsed: 3.274	Loglikelihood: -1.61766e+06	(delta): 321.987
35 (QN/Block) 	Elapsed: 3.313	Loglikelihood: -1.61728e+06	(delta): 382.278
36 (QN/Block) 	Elapsed: 3.369	Loglikelihood: -1.6169e+06	(delta): 373.494
37 (QN/Block) 	Elapsed: 3.24	Loglikelihood: -1.61677e+06	(delta): 129.563
38 (QN/Block) 	Elapsed: 3.275	Loglikelihood: -1.61676e+06	(delta): 18.425
39 (QN/Block) 	Elapsed: 3.227	Loglikelihood: -1.61675e+06	(delta): 2.57385
40 (QN/Block) 	Elapsed: 3.24	Loglikelihood: -1.61675e+06	(delta): 0.748692
41 (QN/Block) 	Elapsed: 3.204	Loglikelihood: -1.61675e+06	(delta): 0.147178
42 (QN/Block) 	Elapsed: 3.225	Loglikelihood: -1.61675e+06	(delta): 0.0391822
43 (QN/Block) 	Elapsed: 3.354	Loglikelihood: -1.61675e+06	(delta): 0.0159437
44 (QN/Block) 	Elapsed: 3.292	Loglikelihood: -1.61675e+06	(delta): 0.0108306
45 (QN/Block) 	Elapsed: 3.259	Loglikelihood: -1.61675e+06	(delta): 0.00235662
46 (QN/Block) 	Elapsed: 3.185	Loglikelihood: -1.61675e+06	(delta): 0.000730564
47 (QN/Block) 	Elapsed: 3.173	Loglikelihood: -1.61675e+06	(delta): 0.000790651
48 (QN/Block) 	Elapsed: 3.158	Loglikelihood: -1.61675e+06	(delta): 6.56669e-05
Summary: 
Converged in 48 iterations (200.015 sec)
Loglikelihood: -1616751.910572
Fst divergences between estimated populations: 
	Pop0	Pop1	Pop2	Pop3	Pop4	Pop5	Pop6	Pop7	Pop8	Pop9	Pop10	Pop11	Pop12	Pop13	Pop14	
Pop0	
Pop1	0.255	
Pop2	0.216	0.175	
Pop3	0.150	0.254	0.209	
Pop4	0.236	0.357	0.278	0.230	
Pop5	0.127	0.267	0.226	0.133	0.249	
Pop6	0.179	0.310	0.249	0.199	0.229	0.196	
Pop7	0.120	0.284	0.241	0.181	0.251	0.167	0.189	
Pop8	0.132	0.279	0.237	0.181	0.243	0.163	0.189	0.140	
Pop9	0.154	0.250	0.216	0.142	0.257	0.163	0.213	0.187	0.188	
Pop10	0.473	0.606	0.552	0.503	0.505	0.494	0.482	0.471	0.434	0.498	
Pop11	0.238	0.363	0.326	0.258	0.356	0.253	0.304	0.266	0.264	0.246	0.575	
Pop12	0.268	0.370	0.304	0.267	0.292	0.272	0.271	0.293	0.284	0.281	0.576	0.383	
Pop13	0.219	0.175	0.082	0.214	0.288	0.229	0.253	0.246	0.239	0.216	0.551	0.329	0.312	
Pop14	0.165	0.314	0.270	0.212	0.272	0.195	0.220	0.172	0.104	0.221	0.463	0.295	0.315	0.272	
Pop15	0.243	0.206	0.113	0.240	0.318	0.255	0.283	0.268	0.265	0.244	0.577	0.354	0.343	0.141	0.298	
CV error (K=16): 0.54815
Writing output files.
