****                   ADMIXTURE Version 1.3.0                  ****
****                    Copyright 2008-2015                     ****
****           David Alexander, Suyash Shringarpure,            ****
****                John  Novembre, Ken Lange                   ****
****                                                            ****
****                 Please cite our paper!                     ****
****   Information at www.genetics.ucla.edu/software/admixture  ****

Parallel execution requested.  Will use 2 threads.
Cross-validation will be performed.  Folds=5.
Random seed: 43
Point estimation method: Block relaxation algorithm
Convergence acceleration algorithm: QuasiNewton, 3 secant conditions
Point estimation will terminate when objective function delta < 0.0001
Estimation of standard errors disabled; will compute point estimates only.
Size of G: 284x6754
Performing five EM steps to prime main algorithm
1 (EM) 	Elapsed: 0.037	Loglikelihood: -1.6019e+06	(delta): 1.79169e+06
2 (EM) 	Elapsed: 0.117	Loglikelihood: -1.6019e+06	(delta): 0
3 (EM) 	Elapsed: 0.039	Loglikelihood: -1.6019e+06	(delta): 0
4 (EM) 	Elapsed: 0.046	Loglikelihood: -1.6019e+06	(delta): 0
5 (EM) 	Elapsed: 0.046	Loglikelihood: -1.6019e+06	(delta): 0
Initial loglikelihood: -1.6019e+06
Starting main algorithm
1 (QN/Block) 	Elapsed: 0.235	Loglikelihood: -1.6019e+06	(delta): 0
Summary: 
Converged in 1 iterations (1.109 sec)
Loglikelihood: -1601903.427675
CV error (K=1): 0.72744
Writing output files.
