****                   ADMIXTURE Version 1.3.0                  ****
****                    Copyright 2008-2015                     ****
****           David Alexander, Suyash Shringarpure,            ****
****                John  Novembre, Ken Lange                   ****
****                                                            ****
****                 Please cite our paper!                     ****
****   Information at www.genetics.ucla.edu/software/admixture  ****

Parallel execution requested.  Will use 2 threads.
Cross-validation will be performed.  Folds=5.
Random seed: 43
Point estimation method: Block relaxation algorithm
Convergence acceleration algorithm: QuasiNewton, 3 secant conditions
Point estimation will terminate when objective function delta < 0.0001
Estimation of standard errors disabled; will compute point estimates only.
Size of G: 284x12701
Performing five EM steps to prime main algorithm
1 (EM) 	Elapsed: 1.232	Loglikelihood: -2.19258e+06	(delta): 2.29037e+06
2 (EM) 	Elapsed: 1.288	Loglikelihood: -2.08771e+06	(delta): 104873
3 (EM) 	Elapsed: 1.22	Loglikelihood: -2.06844e+06	(delta): 19264
4 (EM) 	Elapsed: 1.279	Loglikelihood: -2.05662e+06	(delta): 11823.1
5 (EM) 	Elapsed: 1.3	Loglikelihood: -2.04698e+06	(delta): 9640.87
Initial loglikelihood: -2.04698e+06
Starting main algorithm
1 (QN/Block) 	Elapsed: 4.319	Loglikelihood: -1.82835e+06	(delta): 218631
2 (QN/Block) 	Elapsed: 3.69	Loglikelihood: -1.75706e+06	(delta): 71285.4
3 (QN/Block) 	Elapsed: 3.711	Loglikelihood: -1.71872e+06	(delta): 38344.6
4 (QN/Block) 	Elapsed: 3.905	Loglikelihood: -1.68567e+06	(delta): 33046.7
5 (QN/Block) 	Elapsed: 3.923	Loglikelihood: -1.67386e+06	(delta): 11812.5
6 (QN/Block) 	Elapsed: 3.94	Loglikelihood: -1.66789e+06	(delta): 5970.16
7 (QN/Block) 	Elapsed: 3.558	Loglikelihood: -1.66367e+06	(delta): 4215.48
8 (QN/Block) 	Elapsed: 3.468	Loglikelihood: -1.66173e+06	(delta): 1939.75
9 (QN/Block) 	Elapsed: 3.415	Loglikelihood: -1.66099e+06	(delta): 741.515
10 (QN/Block) 	Elapsed: 3.346	Loglikelihood: -1.66066e+06	(delta): 331.569
11 (QN/Block) 	Elapsed: 2.924	Loglikelihood: -1.66055e+06	(delta): 110.858
12 (QN/Block) 	Elapsed: 3.129	Loglikelihood: -1.66047e+06	(delta): 77.2109
13 (QN/Block) 	Elapsed: 3.121	Loglikelihood: -1.66043e+06	(delta): 45.3076
14 (QN/Block) 	Elapsed: 3.2	Loglikelihood: -1.6604e+06	(delta): 27.3683
15 (QN/Block) 	Elapsed: 3.352	Loglikelihood: -1.66038e+06	(delta): 16.7949
16 (QN/Block) 	Elapsed: 3.203	Loglikelihood: -1.66037e+06	(delta): 11.1345
17 (QN/Block) 	Elapsed: 3.068	Loglikelihood: -1.66037e+06	(delta): 3.48471
18 (QN/Block) 	Elapsed: 3.358	Loglikelihood: -1.66036e+06	(delta): 2.24559
19 (QN/Block) 	Elapsed: 3.351	Loglikelihood: -1.66036e+06	(delta): 1.23892
20 (QN/Block) 	Elapsed: 3.56	Loglikelihood: -1.66036e+06	(delta): 0.495009
21 (QN/Block) 	Elapsed: 3.47	Loglikelihood: -1.66036e+06	(delta): 0.274434
22 (QN/Block) 	Elapsed: 3.382	Loglikelihood: -1.66036e+06	(delta): 0.586714
23 (QN/Block) 	Elapsed: 3.804	Loglikelihood: -1.66036e+06	(delta): 0.604154
24 (QN/Block) 	Elapsed: 3.563	Loglikelihood: -1.66036e+06	(delta): 0.370569
25 (QN/Block) 	Elapsed: 3.474	Loglikelihood: -1.66036e+06	(delta): 0.163528
26 (QN/Block) 	Elapsed: 3.211	Loglikelihood: -1.66036e+06	(delta): 0.117786
27 (QN/Block) 	Elapsed: 3.143	Loglikelihood: -1.66036e+06	(delta): 0.161911
28 (QN/Block) 	Elapsed: 3.022	Loglikelihood: -1.66036e+06	(delta): 0.111657
29 (QN/Block) 	Elapsed: 3.522	Loglikelihood: -1.66036e+06	(delta): 0.0449502
30 (QN/Block) 	Elapsed: 3.087	Loglikelihood: -1.66036e+06	(delta): 0.0428785
31 (QN/Block) 	Elapsed: 3.07	Loglikelihood: -1.66036e+06	(delta): 0.0413986
32 (QN/Block) 	Elapsed: 2.993	Loglikelihood: -1.66036e+06	(delta): 0.0357885
33 (QN/Block) 	Elapsed: 2.837	Loglikelihood: -1.66036e+06	(delta): 0.00341308
34 (QN/Block) 	Elapsed: 2.848	Loglikelihood: -1.66036e+06	(delta): 0.00282952
35 (QN/Block) 	Elapsed: 2.901	Loglikelihood: -1.66036e+06	(delta): 0.0013876
36 (QN/Block) 	Elapsed: 2.718	Loglikelihood: -1.66036e+06	(delta): 0.00042636
37 (QN/Block) 	Elapsed: 2.583	Loglikelihood: -1.66036e+06	(delta): 0.000117306
38 (QN/Block) 	Elapsed: 2.606	Loglikelihood: -1.66036e+06	(delta): 3.33725e-05
Summary: 
Converged in 38 iterations (135.137 sec)
Loglikelihood: -1660359.844156
Fst divergences between estimated populations: 
	Pop0	Pop1	Pop2	Pop3	Pop4	Pop5	Pop6	Pop7	Pop8	Pop9	Pop10	
Pop0	
Pop1	0.176	
Pop2	0.460	0.476	
Pop3	0.286	0.282	0.610	
Pop4	0.158	0.168	0.495	0.237	
Pop5	0.268	0.247	0.556	0.337	0.233	
Pop6	0.161	0.118	0.476	0.252	0.133	0.217	
Pop7	0.172	0.139	0.439	0.277	0.169	0.246	0.130	
Pop8	0.208	0.230	0.546	0.154	0.180	0.293	0.201	0.225	
Pop9	0.233	0.290	0.578	0.365	0.249	0.358	0.263	0.280	0.290	
Pop10	0.208	0.176	0.472	0.317	0.206	0.282	0.170	0.109	0.264	0.316	
Pop11	0.176	0.167	0.499	0.265	0.124	0.235	0.125	0.162	0.213	0.269	0.200	
CV error (K=12): 0.51155
Writing output files.
