****                   ADMIXTURE Version 1.3.0                  ****
****                    Copyright 2008-2015                     ****
****           David Alexander, Suyash Shringarpure,            ****
****                John  Novembre, Ken Lange                   ****
****                                                            ****
****                 Please cite our paper!                     ****
****   Information at www.genetics.ucla.edu/software/admixture  ****

Parallel execution requested.  Will use 2 threads.
Cross-validation will be performed.  Folds=5.
Random seed: 43
Point estimation method: Block relaxation algorithm
Convergence acceleration algorithm: QuasiNewton, 3 secant conditions
Point estimation will terminate when objective function delta < 0.0001
Estimation of standard errors disabled; will compute point estimates only.
Size of G: 284x12701
Performing five EM steps to prime main algorithm
1 (EM) 	Elapsed: 2.414	Loglikelihood: -2.18489e+06	(delta): 2.23648e+06
2 (EM) 	Elapsed: 2.452	Loglikelihood: -2.07757e+06	(delta): 107324
3 (EM) 	Elapsed: 2.57	Loglikelihood: -2.0591e+06	(delta): 18473
4 (EM) 	Elapsed: 2.539	Loglikelihood: -2.0474e+06	(delta): 11694.9
5 (EM) 	Elapsed: 2.417	Loglikelihood: -2.03735e+06	(delta): 10048.5
Initial loglikelihood: -2.03735e+06
Starting main algorithm
1 (QN/Block) 	Elapsed: 7.68	Loglikelihood: -1.78038e+06	(delta): 256975
2 (QN/Block) 	Elapsed: 7.714	Loglikelihood: -1.68942e+06	(delta): 90958.8
3 (QN/Block) 	Elapsed: 7.941	Loglikelihood: -1.64137e+06	(delta): 48046.8
4 (QN/Block) 	Elapsed: 7.057	Loglikelihood: -1.618e+06	(delta): 23369
5 (QN/Block) 	Elapsed: 6.506	Loglikelihood: -1.60751e+06	(delta): 10491.2
6 (QN/Block) 	Elapsed: 6.59	Loglikelihood: -1.60087e+06	(delta): 6638.04
7 (QN/Block) 	Elapsed: 6.666	Loglikelihood: -1.59747e+06	(delta): 3408.8
8 (QN/Block) 	Elapsed: 7.058	Loglikelihood: -1.59611e+06	(delta): 1358.7
9 (QN/Block) 	Elapsed: 6.525	Loglikelihood: -1.59551e+06	(delta): 594.242
10 (QN/Block) 	Elapsed: 6.475	Loglikelihood: -1.59521e+06	(delta): 298.16
11 (QN/Block) 	Elapsed: 6.467	Loglikelihood: -1.59505e+06	(delta): 162.132
12 (QN/Block) 	Elapsed: 7.196	Loglikelihood: -1.59495e+06	(delta): 102.971
13 (QN/Block) 	Elapsed: 6.613	Loglikelihood: -1.59485e+06	(delta): 98.9836
14 (QN/Block) 	Elapsed: 6.408	Loglikelihood: -1.59477e+06	(delta): 77.7265
15 (QN/Block) 	Elapsed: 5.799	Loglikelihood: -1.59468e+06	(delta): 88.4251
16 (QN/Block) 	Elapsed: 6.028	Loglikelihood: -1.59459e+06	(delta): 91.4429
17 (QN/Block) 	Elapsed: 5.248	Loglikelihood: -1.5945e+06	(delta): 91.1397
18 (QN/Block) 	Elapsed: 5.558	Loglikelihood: -1.59442e+06	(delta): 82.6125
19 (QN/Block) 	Elapsed: 5.917	Loglikelihood: -1.59434e+06	(delta): 83.2356
20 (QN/Block) 	Elapsed: 6.094	Loglikelihood: -1.59427e+06	(delta): 63.1283
21 (QN/Block) 	Elapsed: 4.599	Loglikelihood: -1.59422e+06	(delta): 50.3683
22 (QN/Block) 	Elapsed: 4.539	Loglikelihood: -1.59418e+06	(delta): 41.4383
23 (QN/Block) 	Elapsed: 4.608	Loglikelihood: -1.59412e+06	(delta): 65.1731
24 (QN/Block) 	Elapsed: 4.651	Loglikelihood: -1.59399e+06	(delta): 123.298
25 (QN/Block) 	Elapsed: 4.667	Loglikelihood: -1.59377e+06	(delta): 226.512
26 (QN/Block) 	Elapsed: 4.571	Loglikelihood: -1.59327e+06	(delta): 499.653
27 (QN/Block) 	Elapsed: 4.57	Loglikelihood: -1.59291e+06	(delta): 360.222
28 (QN/Block) 	Elapsed: 4.544	Loglikelihood: -1.59274e+06	(delta): 168.565
29 (QN/Block) 	Elapsed: 4.562	Loglikelihood: -1.59269e+06	(delta): 46.8728
30 (QN/Block) 	Elapsed: 4.543	Loglikelihood: -1.59268e+06	(delta): 7.2679
31 (QN/Block) 	Elapsed: 4.541	Loglikelihood: -1.59268e+06	(delta): 2.02303
32 (QN/Block) 	Elapsed: 4.549	Loglikelihood: -1.59268e+06	(delta): 0.226375
33 (QN/Block) 	Elapsed: 4.549	Loglikelihood: -1.59268e+06	(delta): 0.0973068
34 (QN/Block) 	Elapsed: 4.559	Loglikelihood: -1.59268e+06	(delta): 0.0587812
35 (QN/Block) 	Elapsed: 4.546	Loglikelihood: -1.59268e+06	(delta): 0.0129769
36 (QN/Block) 	Elapsed: 4.545	Loglikelihood: -1.59268e+06	(delta): 0.00496739
37 (QN/Block) 	Elapsed: 4.541	Loglikelihood: -1.59268e+06	(delta): 0.0138786
38 (QN/Block) 	Elapsed: 4.551	Loglikelihood: -1.59268e+06	(delta): 0.00401412
39 (QN/Block) 	Elapsed: 4.545	Loglikelihood: -1.59268e+06	(delta): 0.00531937
40 (QN/Block) 	Elapsed: 4.536	Loglikelihood: -1.59268e+06	(delta): 0.00572564
41 (QN/Block) 	Elapsed: 4.542	Loglikelihood: -1.59268e+06	(delta): 0.00621406
42 (QN/Block) 	Elapsed: 4.547	Loglikelihood: -1.59268e+06	(delta): 0.00365642
43 (QN/Block) 	Elapsed: 4.553	Loglikelihood: -1.59268e+06	(delta): 0.0113322
44 (QN/Block) 	Elapsed: 4.533	Loglikelihood: -1.59268e+06	(delta): 0.00498686
45 (QN/Block) 	Elapsed: 4.545	Loglikelihood: -1.59268e+06	(delta): 0.0133074
46 (QN/Block) 	Elapsed: 4.524	Loglikelihood: -1.59268e+06	(delta): 0.00271523
47 (QN/Block) 	Elapsed: 4.499	Loglikelihood: -1.59268e+06	(delta): 0.0101285
48 (QN/Block) 	Elapsed: 5.095	Loglikelihood: -1.59268e+06	(delta): 0.00405342
49 (QN/Block) 	Elapsed: 4.504	Loglikelihood: -1.59268e+06	(delta): 0.00445942
50 (QN/Block) 	Elapsed: 4.503	Loglikelihood: -1.59268e+06	(delta): 0.00149129
51 (QN/Block) 	Elapsed: 4.556	Loglikelihood: -1.59268e+06	(delta): 0.00456346
52 (QN/Block) 	Elapsed: 4.564	Loglikelihood: -1.59268e+06	(delta): 0.00852733
53 (QN/Block) 	Elapsed: 4.548	Loglikelihood: -1.59268e+06	(delta): 0.00296333
54 (QN/Block) 	Elapsed: 4.168	Loglikelihood: -1.59268e+06	(delta): 0.00230577
55 (QN/Block) 	Elapsed: 4.016	Loglikelihood: -1.59268e+06	(delta): 0.00217464
56 (QN/Block) 	Elapsed: 4.172	Loglikelihood: -1.59268e+06	(delta): 0.000341764
57 (QN/Block) 	Elapsed: 4.166	Loglikelihood: -1.59268e+06	(delta): 0.000314358
58 (QN/Block) 	Elapsed: 4.16	Loglikelihood: -1.59268e+06	(delta): 0.000300372
59 (QN/Block) 	Elapsed: 4.336	Loglikelihood: -1.59268e+06	(delta): 0.000291797
60 (QN/Block) 	Elapsed: 4.328	Loglikelihood: -1.59268e+06	(delta): 0.000285408
61 (QN/Block) 	Elapsed: 4.316	Loglikelihood: -1.59268e+06	(delta): 0.000280027
62 (QN/Block) 	Elapsed: 4.32	Loglikelihood: -1.59268e+06	(delta): 0.000275187
63 (QN/Block) 	Elapsed: 4.312	Loglikelihood: -1.59268e+06	(delta): 0.000270659
64 (QN/Block) 	Elapsed: 4.318	Loglikelihood: -1.59268e+06	(delta): 0.000266359
65 (QN/Block) 	Elapsed: 4.313	Loglikelihood: -1.59268e+06	(delta): 0.000262221
66 (QN/Block) 	Elapsed: 4.363	Loglikelihood: -1.59268e+06	(delta): 0.000258211
67 (QN/Block) 	Elapsed: 4.313	Loglikelihood: -1.59268e+06	(delta): 0.000254332
68 (QN/Block) 	Elapsed: 4.355	Loglikelihood: -1.59268e+06	(delta): 0.00025055
69 (QN/Block) 	Elapsed: 4.405	Loglikelihood: -1.59268e+06	(delta): 0.000246877
70 (QN/Block) 	Elapsed: 4.331	Loglikelihood: -1.59268e+06	(delta): 0.000243306
71 (QN/Block) 	Elapsed: 4.318	Loglikelihood: -1.59268e+06	(delta): 0.000142145
72 (QN/Block) 	Elapsed: 4.312	Loglikelihood: -1.59268e+06	(delta): 9.9875e-06
Summary: 
Converged in 72 iterations (381.514 sec)
Loglikelihood: -1592680.561669
Fst divergences between estimated populations: 
	Pop0	Pop1	Pop2	Pop3	Pop4	Pop5	Pop6	Pop7	Pop8	Pop9	Pop10	Pop11	Pop12	Pop13	Pop14	Pop15	Pop16	Pop17	
Pop0	
Pop1	0.227	
Pop2	0.282	0.252	
Pop3	0.238	0.164	0.246	
Pop4	0.327	0.253	0.359	0.264	
Pop5	0.553	0.495	0.509	0.436	0.576	
Pop6	0.098	0.244	0.307	0.253	0.343	0.564	
Pop7	0.114	0.255	0.322	0.266	0.354	0.579	0.158	
Pop8	0.274	0.199	0.283	0.172	0.295	0.499	0.292	0.302	
Pop9	0.209	0.133	0.233	0.182	0.258	0.504	0.229	0.240	0.211	
Pop10	0.218	0.129	0.240	0.134	0.239	0.475	0.235	0.245	0.152	0.151	
Pop11	0.271	0.196	0.275	0.105	0.295	0.464	0.288	0.298	0.202	0.212	0.167	
Pop12	0.257	0.214	0.266	0.210	0.320	0.515	0.275	0.290	0.239	0.214	0.195	0.243	
Pop13	0.248	0.175	0.264	0.148	0.276	0.476	0.267	0.276	0.148	0.191	0.134	0.181	0.214	
Pop14	0.218	0.164	0.260	0.189	0.246	0.499	0.232	0.245	0.218	0.143	0.156	0.223	0.226	0.195	
Pop15	0.276	0.224	0.254	0.216	0.329	0.500	0.295	0.310	0.247	0.226	0.209	0.245	0.201	0.223	0.240	
Pop16	0.108	0.247	0.305	0.253	0.347	0.566	0.114	0.166	0.294	0.231	0.238	0.285	0.278	0.268	0.234	0.297	
Pop17	0.176	0.268	0.361	0.281	0.364	0.608	0.196	0.207	0.316	0.254	0.258	0.315	0.307	0.294	0.251	0.338	0.201	
Pop18	0.321	0.287	0.308	0.298	0.397	0.588	0.342	0.360	0.338	0.282	0.284	0.328	0.314	0.316	0.297	0.310	0.348	0.388	
CV error (K=19): 0.57801
Writing output files.
