****                   ADMIXTURE Version 1.3.0                  ****
****                    Copyright 2008-2015                     ****
****           David Alexander, Suyash Shringarpure,            ****
****                John  Novembre, Ken Lange                   ****
****                                                            ****
****                 Please cite our paper!                     ****
****   Information at www.genetics.ucla.edu/software/admixture  ****

Parallel execution requested.  Will use 2 threads.
Cross-validation will be performed.  Folds=5.
Random seed: 43
Point estimation method: Block relaxation algorithm
Convergence acceleration algorithm: QuasiNewton, 3 secant conditions
Point estimation will terminate when objective function delta < 0.0001
Estimation of standard errors disabled; will compute point estimates only.
Size of G: 284x12701
Performing five EM steps to prime main algorithm
1 (EM) 	Elapsed: 1.53	Loglikelihood: -2.19079e+06	(delta): 2.27595e+06
2 (EM) 	Elapsed: 2.291	Loglikelihood: -2.08483e+06	(delta): 105958
3 (EM) 	Elapsed: 1.655	Loglikelihood: -2.06601e+06	(delta): 18820.9
4 (EM) 	Elapsed: 1.649	Loglikelihood: -2.05435e+06	(delta): 11662.6
5 (EM) 	Elapsed: 1.59	Loglikelihood: -2.0447e+06	(delta): 9652.92
Initial loglikelihood: -2.0447e+06
Starting main algorithm
1 (QN/Block) 	Elapsed: 4.526	Loglikelihood: -1.81597e+06	(delta): 228729
2 (QN/Block) 	Elapsed: 4.757	Loglikelihood: -1.74062e+06	(delta): 75351.8
3 (QN/Block) 	Elapsed: 4.98	Loglikelihood: -1.70604e+06	(delta): 34580.7
4 (QN/Block) 	Elapsed: 4.936	Loglikelihood: -1.67604e+06	(delta): 30000.1
5 (QN/Block) 	Elapsed: 5.039	Loglikelihood: -1.66205e+06	(delta): 13983.6
6 (QN/Block) 	Elapsed: 4.86	Loglikelihood: -1.65179e+06	(delta): 10265.7
7 (QN/Block) 	Elapsed: 4.511	Loglikelihood: -1.64265e+06	(delta): 9136.26
8 (QN/Block) 	Elapsed: 4.094	Loglikelihood: -1.63743e+06	(delta): 5219.11
9 (QN/Block) 	Elapsed: 4.185	Loglikelihood: -1.63563e+06	(delta): 1802.99
10 (QN/Block) 	Elapsed: 4.109	Loglikelihood: -1.63458e+06	(delta): 1053.54
11 (QN/Block) 	Elapsed: 3.871	Loglikelihood: -1.6342e+06	(delta): 372.573
12 (QN/Block) 	Elapsed: 3.762	Loglikelihood: -1.63405e+06	(delta): 149.88
13 (QN/Block) 	Elapsed: 3.85	Loglikelihood: -1.63401e+06	(delta): 40.9149
14 (QN/Block) 	Elapsed: 4.368	Loglikelihood: -1.634e+06	(delta): 11.721
15 (QN/Block) 	Elapsed: 4.458	Loglikelihood: -1.634e+06	(delta): 2.12864
16 (QN/Block) 	Elapsed: 4.338	Loglikelihood: -1.634e+06	(delta): 1.613
17 (QN/Block) 	Elapsed: 4.458	Loglikelihood: -1.63399e+06	(delta): 3.27199
18 (QN/Block) 	Elapsed: 4.02	Loglikelihood: -1.63399e+06	(delta): 5.36083
19 (QN/Block) 	Elapsed: 3.926	Loglikelihood: -1.63398e+06	(delta): 9.65706
20 (QN/Block) 	Elapsed: 4.191	Loglikelihood: -1.63397e+06	(delta): 6.39031
21 (QN/Block) 	Elapsed: 4.349	Loglikelihood: -1.63397e+06	(delta): 3.6843
22 (QN/Block) 	Elapsed: 3.78	Loglikelihood: -1.63397e+06	(delta): 1.88941
23 (QN/Block) 	Elapsed: 3.852	Loglikelihood: -1.63397e+06	(delta): 1.22085
24 (QN/Block) 	Elapsed: 4.345	Loglikelihood: -1.63396e+06	(delta): 0.889641
25 (QN/Block) 	Elapsed: 3.929	Loglikelihood: -1.63396e+06	(delta): 0.562927
26 (QN/Block) 	Elapsed: 3.563	Loglikelihood: -1.63396e+06	(delta): 0.178625
27 (QN/Block) 	Elapsed: 3.629	Loglikelihood: -1.63396e+06	(delta): 0.100055
28 (QN/Block) 	Elapsed: 3.215	Loglikelihood: -1.63396e+06	(delta): 0.0414858
29 (QN/Block) 	Elapsed: 3.405	Loglikelihood: -1.63396e+06	(delta): 0.107153
30 (QN/Block) 	Elapsed: 3.366	Loglikelihood: -1.63396e+06	(delta): 0.0188514
31 (QN/Block) 	Elapsed: 3.072	Loglikelihood: -1.63396e+06	(delta): 0.00468394
32 (QN/Block) 	Elapsed: 2.871	Loglikelihood: -1.63396e+06	(delta): 0.00412827
33 (QN/Block) 	Elapsed: 3.006	Loglikelihood: -1.63396e+06	(delta): 0.00132078
34 (QN/Block) 	Elapsed: 2.916	Loglikelihood: -1.63396e+06	(delta): 0.00388699
35 (QN/Block) 	Elapsed: 2.869	Loglikelihood: -1.63396e+06	(delta): 0.00756957
36 (QN/Block) 	Elapsed: 3.007	Loglikelihood: -1.63396e+06	(delta): 0.0032202
37 (QN/Block) 	Elapsed: 2.962	Loglikelihood: -1.63396e+06	(delta): 0.00284669
38 (QN/Block) 	Elapsed: 3.616	Loglikelihood: -1.63396e+06	(delta): 0.00104623
39 (QN/Block) 	Elapsed: 4.896	Loglikelihood: -1.63396e+06	(delta): 0.00151155
40 (QN/Block) 	Elapsed: 5.014	Loglikelihood: -1.63396e+06	(delta): 0.00207455
41 (QN/Block) 	Elapsed: 5.02	Loglikelihood: -1.63396e+06	(delta): 0.000556279
42 (QN/Block) 	Elapsed: 4.858	Loglikelihood: -1.63396e+06	(delta): 0.000376767
43 (QN/Block) 	Elapsed: 5.003	Loglikelihood: -1.63396e+06	(delta): 0.00173149
44 (QN/Block) 	Elapsed: 3.431	Loglikelihood: -1.63396e+06	(delta): 0.00164963
45 (QN/Block) 	Elapsed: 2.951	Loglikelihood: -1.63396e+06	(delta): 0.00125833
46 (QN/Block) 	Elapsed: 2.941	Loglikelihood: -1.63396e+06	(delta): 0.000241383
47 (QN/Block) 	Elapsed: 2.948	Loglikelihood: -1.63396e+06	(delta): 0.00027159
48 (QN/Block) 	Elapsed: 2.943	Loglikelihood: -1.63396e+06	(delta): 0.000222742
49 (QN/Block) 	Elapsed: 2.941	Loglikelihood: -1.63396e+06	(delta): 0.000371532
50 (QN/Block) 	Elapsed: 2.94	Loglikelihood: -1.63396e+06	(delta): 0.000273786
51 (QN/Block) 	Elapsed: 2.942	Loglikelihood: -1.63396e+06	(delta): 0.000259683
52 (QN/Block) 	Elapsed: 2.945	Loglikelihood: -1.63396e+06	(delta): 0.000151169
53 (QN/Block) 	Elapsed: 2.94	Loglikelihood: -1.63396e+06	(delta): 0.000170257
54 (QN/Block) 	Elapsed: 2.94	Loglikelihood: -1.63396e+06	(delta): 0.000113506
55 (QN/Block) 	Elapsed: 2.943	Loglikelihood: -1.63396e+06	(delta): 7.82148e-05
Summary: 
Converged in 55 iterations (222.24 sec)
Loglikelihood: -1633963.128951
Fst divergences between estimated populations: 
	Pop0	Pop1	Pop2	Pop3	Pop4	Pop5	Pop6	Pop7	Pop8	Pop9	Pop10	Pop11	Pop12	
Pop0	
Pop1	0.189	
Pop2	0.156	0.120	
Pop3	0.150	0.183	0.151	
Pop4	0.184	0.132	0.124	0.175	
Pop5	0.248	0.269	0.241	0.263	0.260	
Pop6	0.221	0.194	0.183	0.205	0.186	0.311	
Pop7	0.499	0.472	0.473	0.505	0.428	0.580	0.487	
Pop8	0.208	0.231	0.203	0.199	0.219	0.316	0.242	0.542	
Pop9	0.254	0.287	0.257	0.258	0.274	0.369	0.316	0.609	0.157	
Pop10	0.290	0.297	0.271	0.272	0.280	0.390	0.277	0.580	0.298	0.377	
Pop11	0.166	0.167	0.127	0.134	0.155	0.256	0.200	0.495	0.214	0.269	0.276	
Pop12	0.262	0.252	0.236	0.233	0.235	0.361	0.234	0.509	0.274	0.362	0.298	0.251	
Pop13	0.245	0.280	0.251	0.245	0.262	0.357	0.300	0.578	0.240	0.267	0.372	0.261	0.350	
CV error (K=14): 0.52921
Writing output files.
