****                   ADMIXTURE Version 1.3.0                  ****
****                    Copyright 2008-2015                     ****
****           David Alexander, Suyash Shringarpure,            ****
****                John  Novembre, Ken Lange                   ****
****                                                            ****
****                 Please cite our paper!                     ****
****   Information at www.genetics.ucla.edu/software/admixture  ****

Parallel execution requested.  Will use 2 threads.
Cross-validation will be performed.  Folds=5.
Random seed: 43
Point estimation method: Block relaxation algorithm
Convergence acceleration algorithm: QuasiNewton, 3 secant conditions
Point estimation will terminate when objective function delta < 0.0001
Estimation of standard errors disabled; will compute point estimates only.
Size of G: 284x12701
Performing five EM steps to prime main algorithm
1 (EM) 	Elapsed: 1.325	Loglikelihood: -2.19531e+06	(delta): 2.3247e+06
2 (EM) 	Elapsed: 1.033	Loglikelihood: -2.09181e+06	(delta): 103505
3 (EM) 	Elapsed: 0.991	Loglikelihood: -2.07215e+06	(delta): 19659.1
4 (EM) 	Elapsed: 1.035	Loglikelihood: -2.06024e+06	(delta): 11911.7
5 (EM) 	Elapsed: 1.028	Loglikelihood: -2.05077e+06	(delta): 9467.24
Initial loglikelihood: -2.05077e+06
Starting main algorithm
1 (QN/Block) 	Elapsed: 2.949	Loglikelihood: -1.85616e+06	(delta): 194615
2 (QN/Block) 	Elapsed: 2.735	Loglikelihood: -1.78087e+06	(delta): 75286.3
3 (QN/Block) 	Elapsed: 3.001	Loglikelihood: -1.7365e+06	(delta): 44366.2
4 (QN/Block) 	Elapsed: 3.173	Loglikelihood: -1.71129e+06	(delta): 25217.6
5 (QN/Block) 	Elapsed: 2.877	Loglikelihood: -1.70289e+06	(delta): 8394.78
6 (QN/Block) 	Elapsed: 2.896	Loglikelihood: -1.69964e+06	(delta): 3253.69
7 (QN/Block) 	Elapsed: 2.749	Loglikelihood: -1.69856e+06	(delta): 1072.52
8 (QN/Block) 	Elapsed: 2.896	Loglikelihood: -1.69783e+06	(delta): 737.037
9 (QN/Block) 	Elapsed: 2.759	Loglikelihood: -1.69735e+06	(delta): 477.735
10 (QN/Block) 	Elapsed: 2.895	Loglikelihood: -1.69699e+06	(delta): 356.299
11 (QN/Block) 	Elapsed: 2.744	Loglikelihood: -1.69681e+06	(delta): 181.959
12 (QN/Block) 	Elapsed: 2.842	Loglikelihood: -1.69663e+06	(delta): 182.41
13 (QN/Block) 	Elapsed: 2.685	Loglikelihood: -1.69635e+06	(delta): 281.525
14 (QN/Block) 	Elapsed: 2.606	Loglikelihood: -1.69622e+06	(delta): 123.857
15 (QN/Block) 	Elapsed: 2.497	Loglikelihood: -1.69614e+06	(delta): 88.5729
16 (QN/Block) 	Elapsed: 2.389	Loglikelihood: -1.69607e+06	(delta): 62.5887
17 (QN/Block) 	Elapsed: 2.464	Loglikelihood: -1.69605e+06	(delta): 26.2133
18 (QN/Block) 	Elapsed: 2.472	Loglikelihood: -1.69604e+06	(delta): 8.6809
19 (QN/Block) 	Elapsed: 2.658	Loglikelihood: -1.69603e+06	(delta): 3.10987
20 (QN/Block) 	Elapsed: 2.602	Loglikelihood: -1.69603e+06	(delta): 2.30388
21 (QN/Block) 	Elapsed: 2.477	Loglikelihood: -1.69603e+06	(delta): 0.554968
22 (QN/Block) 	Elapsed: 2.266	Loglikelihood: -1.69603e+06	(delta): 0.07292
23 (QN/Block) 	Elapsed: 2.485	Loglikelihood: -1.69603e+06	(delta): 0.0220308
24 (QN/Block) 	Elapsed: 2.479	Loglikelihood: -1.69603e+06	(delta): 0.0285602
25 (QN/Block) 	Elapsed: 2.604	Loglikelihood: -1.69603e+06	(delta): 0.00815576
26 (QN/Block) 	Elapsed: 2.49	Loglikelihood: -1.69603e+06	(delta): 0.00628027
27 (QN/Block) 	Elapsed: 2.831	Loglikelihood: -1.69603e+06	(delta): 0.00133664
28 (QN/Block) 	Elapsed: 2.629	Loglikelihood: -1.69603e+06	(delta): 0.00111391
29 (QN/Block) 	Elapsed: 2.626	Loglikelihood: -1.69603e+06	(delta): 0.000283781
30 (QN/Block) 	Elapsed: 2.537	Loglikelihood: -1.69603e+06	(delta): 7.18716e-05
Summary: 
Converged in 30 iterations (88.093 sec)
Loglikelihood: -1696031.705314
Fst divergences between estimated populations: 
	Pop0	Pop1	Pop2	Pop3	Pop4	Pop5	Pop6	Pop7	Pop8	
Pop0	
Pop1	0.175	
Pop2	0.185	0.167	
Pop3	0.156	0.150	0.159	
Pop4	0.260	0.269	0.283	0.254	
Pop5	0.358	0.298	0.366	0.350	0.462	
Pop6	0.209	0.218	0.233	0.202	0.153	0.396	
Pop7	0.178	0.130	0.162	0.157	0.280	0.339	0.227	
Pop8	0.238	0.237	0.262	0.219	0.328	0.412	0.251	0.250	
Pop9	0.162	0.132	0.133	0.136	0.268	0.343	0.217	0.128	0.237	
CV error (K=10): 0.49383
Writing output files.
