****                   ADMIXTURE Version 1.3.0                  ****
****                    Copyright 2008-2015                     ****
****           David Alexander, Suyash Shringarpure,            ****
****                John  Novembre, Ken Lange                   ****
****                                                            ****
****                 Please cite our paper!                     ****
****   Information at www.genetics.ucla.edu/software/admixture  ****

Parallel execution requested.  Will use 2 threads.
Cross-validation will be performed.  Folds=5.
Random seed: 43
Point estimation method: Block relaxation algorithm
Convergence acceleration algorithm: QuasiNewton, 3 secant conditions
Point estimation will terminate when objective function delta < 0.0001
Estimation of standard errors disabled; will compute point estimates only.
Size of G: 284x12701
Performing five EM steps to prime main algorithm
1 (EM) 	Elapsed: 3.485	Loglikelihood: -2.18685e+06	(delta): 2.25505e+06
2 (EM) 	Elapsed: 3.518	Loglikelihood: -2.08065e+06	(delta): 106195
3 (EM) 	Elapsed: 2.219	Loglikelihood: -2.06261e+06	(delta): 18038.2
4 (EM) 	Elapsed: 2.081	Loglikelihood: -2.05144e+06	(delta): 11169.6
5 (EM) 	Elapsed: 2.097	Loglikelihood: -2.0421e+06	(delta): 9343.69
Initial loglikelihood: -2.0421e+06
Starting main algorithm
1 (QN/Block) 	Elapsed: 6.32	Loglikelihood: -1.80628e+06	(delta): 235816
2 (QN/Block) 	Elapsed: 6.585	Loglikelihood: -1.717e+06	(delta): 89285.2
3 (QN/Block) 	Elapsed: 6.474	Loglikelihood: -1.66851e+06	(delta): 48492.7
4 (QN/Block) 	Elapsed: 6.004	Loglikelihood: -1.63725e+06	(delta): 31253.7
5 (QN/Block) 	Elapsed: 5.975	Loglikelihood: -1.62321e+06	(delta): 14040.4
6 (QN/Block) 	Elapsed: 5.764	Loglikelihood: -1.6154e+06	(delta): 7810.33
7 (QN/Block) 	Elapsed: 5.598	Loglikelihood: -1.6117e+06	(delta): 3704.07
8 (QN/Block) 	Elapsed: 5.926	Loglikelihood: -1.61043e+06	(delta): 1271.23
9 (QN/Block) 	Elapsed: 5.834	Loglikelihood: -1.60972e+06	(delta): 708.415
10 (QN/Block) 	Elapsed: 5.01	Loglikelihood: -1.6091e+06	(delta): 617.496
11 (QN/Block) 	Elapsed: 5.333	Loglikelihood: -1.60867e+06	(delta): 432.564
12 (QN/Block) 	Elapsed: 5.7	Loglikelihood: -1.60851e+06	(delta): 160.361
13 (QN/Block) 	Elapsed: 5.466	Loglikelihood: -1.60842e+06	(delta): 87.4658
14 (QN/Block) 	Elapsed: 5.638	Loglikelihood: -1.60834e+06	(delta): 81.6409
15 (QN/Block) 	Elapsed: 5.194	Loglikelihood: -1.60829e+06	(delta): 49.7866
16 (QN/Block) 	Elapsed: 5.71	Loglikelihood: -1.60826e+06	(delta): 29.8858
17 (QN/Block) 	Elapsed: 5.13	Loglikelihood: -1.60825e+06	(delta): 12.3442
18 (QN/Block) 	Elapsed: 5.423	Loglikelihood: -1.60824e+06	(delta): 5.50925
19 (QN/Block) 	Elapsed: 4.688	Loglikelihood: -1.60823e+06	(delta): 6.78883
20 (QN/Block) 	Elapsed: 4.771	Loglikelihood: -1.60822e+06	(delta): 9.71934
21 (QN/Block) 	Elapsed: 4.544	Loglikelihood: -1.60821e+06	(delta): 12.7144
22 (QN/Block) 	Elapsed: 4.767	Loglikelihood: -1.6082e+06	(delta): 11.6344
23 (QN/Block) 	Elapsed: 3.833	Loglikelihood: -1.6082e+06	(delta): 3.3467
24 (QN/Block) 	Elapsed: 3.963	Loglikelihood: -1.60819e+06	(delta): 1.52201
25 (QN/Block) 	Elapsed: 3.955	Loglikelihood: -1.60819e+06	(delta): 1.4828
26 (QN/Block) 	Elapsed: 3.841	Loglikelihood: -1.60819e+06	(delta): 3.14814
27 (QN/Block) 	Elapsed: 3.814	Loglikelihood: -1.60818e+06	(delta): 7.21038
28 (QN/Block) 	Elapsed: 3.86	Loglikelihood: -1.60817e+06	(delta): 8.08608
29 (QN/Block) 	Elapsed: 3.882	Loglikelihood: -1.60816e+06	(delta): 14.1057
30 (QN/Block) 	Elapsed: 3.855	Loglikelihood: -1.60814e+06	(delta): 16.7616
31 (QN/Block) 	Elapsed: 3.818	Loglikelihood: -1.60814e+06	(delta): 7.99041
32 (QN/Block) 	Elapsed: 3.821	Loglikelihood: -1.60813e+06	(delta): 1.32762
33 (QN/Block) 	Elapsed: 3.832	Loglikelihood: -1.60813e+06	(delta): 0.806073
34 (QN/Block) 	Elapsed: 3.812	Loglikelihood: -1.60813e+06	(delta): 0.513642
35 (QN/Block) 	Elapsed: 3.816	Loglikelihood: -1.60813e+06	(delta): 0.37281
36 (QN/Block) 	Elapsed: 3.827	Loglikelihood: -1.60813e+06	(delta): 0.31551
37 (QN/Block) 	Elapsed: 3.974	Loglikelihood: -1.60813e+06	(delta): 0.194064
38 (QN/Block) 	Elapsed: 3.942	Loglikelihood: -1.60813e+06	(delta): 0.209037
39 (QN/Block) 	Elapsed: 3.971	Loglikelihood: -1.60813e+06	(delta): 0.247085
40 (QN/Block) 	Elapsed: 3.971	Loglikelihood: -1.60813e+06	(delta): 0.312878
41 (QN/Block) 	Elapsed: 3.97	Loglikelihood: -1.60813e+06	(delta): 0.422803
42 (QN/Block) 	Elapsed: 3.989	Loglikelihood: -1.60813e+06	(delta): 0.613784
43 (QN/Block) 	Elapsed: 3.98	Loglikelihood: -1.60813e+06	(delta): 0.948785
44 (QN/Block) 	Elapsed: 3.97	Loglikelihood: -1.60813e+06	(delta): 1.50096
45 (QN/Block) 	Elapsed: 3.975	Loglikelihood: -1.60813e+06	(delta): 2.39565
46 (QN/Block) 	Elapsed: 3.973	Loglikelihood: -1.60812e+06	(delta): 3.83511
47 (QN/Block) 	Elapsed: 3.981	Loglikelihood: -1.60812e+06	(delta): 6.16405
48 (QN/Block) 	Elapsed: 4.007	Loglikelihood: -1.60811e+06	(delta): 3.43566
49 (QN/Block) 	Elapsed: 3.874	Loglikelihood: -1.60811e+06	(delta): 0.135948
50 (QN/Block) 	Elapsed: 3.85	Loglikelihood: -1.60811e+06	(delta): 0.112537
51 (QN/Block) 	Elapsed: 5.243	Loglikelihood: -1.60811e+06	(delta): 0.141992
52 (QN/Block) 	Elapsed: 4.761	Loglikelihood: -1.60811e+06	(delta): 0.0568304
53 (QN/Block) 	Elapsed: 3.842	Loglikelihood: -1.60811e+06	(delta): 0.0557039
54 (QN/Block) 	Elapsed: 5.152	Loglikelihood: -1.60811e+06	(delta): 0.00876309
55 (QN/Block) 	Elapsed: 5.846	Loglikelihood: -1.60811e+06	(delta): 0.00177352
56 (QN/Block) 	Elapsed: 5.86	Loglikelihood: -1.60811e+06	(delta): 0.00168542
57 (QN/Block) 	Elapsed: 6.019	Loglikelihood: -1.60811e+06	(delta): 0.00308289
58 (QN/Block) 	Elapsed: 6.009	Loglikelihood: -1.60811e+06	(delta): 0.00106817
59 (QN/Block) 	Elapsed: 5.928	Loglikelihood: -1.60811e+06	(delta): 0.00125469
60 (QN/Block) 	Elapsed: 5.741	Loglikelihood: -1.60811e+06	(delta): 0.00157735
61 (QN/Block) 	Elapsed: 5.366	Loglikelihood: -1.60811e+06	(delta): 0.00205545
62 (QN/Block) 	Elapsed: 3.495	Loglikelihood: -1.60811e+06	(delta): 0.00267546
63 (QN/Block) 	Elapsed: 3.553	Loglikelihood: -1.60811e+06	(delta): 0.00350397
64 (QN/Block) 	Elapsed: 4.819	Loglikelihood: -1.60811e+06	(delta): 0.00434366
65 (QN/Block) 	Elapsed: 3.841	Loglikelihood: -1.60811e+06	(delta): 0.00347987
66 (QN/Block) 	Elapsed: 3.619	Loglikelihood: -1.60811e+06	(delta): 0.00262431
67 (QN/Block) 	Elapsed: 3.619	Loglikelihood: -1.60811e+06	(delta): 0.00138208
68 (QN/Block) 	Elapsed: 3.619	Loglikelihood: -1.60811e+06	(delta): 0.000392972
69 (QN/Block) 	Elapsed: 3.463	Loglikelihood: -1.60811e+06	(delta): 0.000334326
70 (QN/Block) 	Elapsed: 3.476	Loglikelihood: -1.60811e+06	(delta): 0.000192552
71 (QN/Block) 	Elapsed: 3.463	Loglikelihood: -1.60811e+06	(delta): 0.000139251
72 (QN/Block) 	Elapsed: 3.464	Loglikelihood: -1.60811e+06	(delta): 2.3298e-05
Summary: 
Converged in 72 iterations (349.922 sec)
Loglikelihood: -1608111.779540
Fst divergences between estimated populations: 
	Pop0	Pop1	Pop2	Pop3	Pop4	Pop5	Pop6	Pop7	Pop8	Pop9	Pop10	Pop11	Pop12	Pop13	Pop14	Pop15	
Pop0	
Pop1	0.512	
Pop2	0.694	0.278	
Pop3	0.593	0.186	0.290	
Pop4	0.588	0.247	0.361	0.276	
Pop5	0.548	0.141	0.283	0.194	0.256	
Pop6	0.568	0.196	0.315	0.227	0.239	0.198	
Pop7	0.547	0.131	0.253	0.152	0.239	0.121	0.185	
Pop8	0.543	0.104	0.313	0.219	0.278	0.174	0.228	0.166	
Pop9	0.675	0.363	0.508	0.423	0.462	0.393	0.430	0.382	0.394	
Pop10	0.608	0.214	0.311	0.251	0.283	0.220	0.253	0.203	0.249	0.447	
Pop11	0.638	0.238	0.174	0.252	0.291	0.246	0.257	0.217	0.273	0.472	0.271	
Pop12	0.665	0.288	0.371	0.303	0.299	0.299	0.279	0.270	0.319	0.510	0.336	0.313	
Pop13	0.581	0.174	0.278	0.129	0.266	0.181	0.213	0.139	0.207	0.415	0.240	0.240	0.289	
Pop14	0.655	0.261	0.354	0.272	0.355	0.263	0.305	0.231	0.293	0.442	0.326	0.323	0.380	0.261	
Pop15	0.645	0.246	0.182	0.258	0.296	0.250	0.264	0.222	0.279	0.478	0.278	0.112	0.318	0.247	0.328	
Pop16	0.572	0.172	0.238	0.149	0.227	0.172	0.194	0.133	0.205	0.406	0.213	0.197	0.258	0.137	0.243	0.204	
CV error (K=17): 0.55745
Writing output files.
