****                   ADMIXTURE Version 1.3.0                  ****
****                    Copyright 2008-2015                     ****
****           David Alexander, Suyash Shringarpure,            ****
****                John  Novembre, Ken Lange                   ****
****                                                            ****
****                 Please cite our paper!                     ****
****   Information at www.genetics.ucla.edu/software/admixture  ****

Parallel execution requested.  Will use 2 threads.
Cross-validation will be performed.  Folds=5.
Random seed: 43
Point estimation method: Block relaxation algorithm
Convergence acceleration algorithm: QuasiNewton, 3 secant conditions
Point estimation will terminate when objective function delta < 0.0001
Estimation of standard errors disabled; will compute point estimates only.
Size of G: 284x12701
Performing five EM steps to prime main algorithm
1 (EM) 	Elapsed: 0.318	Loglikelihood: -2.16318e+06	(delta): 3.21389e+06
2 (EM) 	Elapsed: 0.248	Loglikelihood: -2.09032e+06	(delta): 72864.1
3 (EM) 	Elapsed: 0.258	Loglikelihood: -2.07269e+06	(delta): 17632.4
4 (EM) 	Elapsed: 0.226	Loglikelihood: -2.06478e+06	(delta): 7904.12
5 (EM) 	Elapsed: 0.229	Loglikelihood: -2.06105e+06	(delta): 3737.68
Initial loglikelihood: -2.06105e+06
Starting main algorithm
1 (QN/Block) 	Elapsed: 0.982	Loglikelihood: -1.98746e+06	(delta): 73582.9
2 (QN/Block) 	Elapsed: 0.878	Loglikelihood: -1.96038e+06	(delta): 27078.5
3 (QN/Block) 	Elapsed: 0.6	Loglikelihood: -1.95176e+06	(delta): 8620.14
4 (QN/Block) 	Elapsed: 0.69	Loglikelihood: -1.93811e+06	(delta): 13650.4
5 (QN/Block) 	Elapsed: 0.71	Loglikelihood: -1.93054e+06	(delta): 7574.68
6 (QN/Block) 	Elapsed: 0.616	Loglikelihood: -1.92949e+06	(delta): 1049.89
7 (QN/Block) 	Elapsed: 0.636	Loglikelihood: -1.92925e+06	(delta): 237.136
8 (QN/Block) 	Elapsed: 0.619	Loglikelihood: -1.92917e+06	(delta): 79.0598
9 (QN/Block) 	Elapsed: 0.618	Loglikelihood: -1.92916e+06	(delta): 15.1325
10 (QN/Block) 	Elapsed: 0.622	Loglikelihood: -1.92916e+06	(delta): 2.74867
11 (QN/Block) 	Elapsed: 0.614	Loglikelihood: -1.92916e+06	(delta): 0.325624
12 (QN/Block) 	Elapsed: 0.646	Loglikelihood: -1.92916e+06	(delta): 0.0155505
13 (QN/Block) 	Elapsed: 0.613	Loglikelihood: -1.92916e+06	(delta): 0.00400226
14 (QN/Block) 	Elapsed: 0.592	Loglikelihood: -1.92916e+06	(delta): 0.000218157
15 (QN/Block) 	Elapsed: 0.616	Loglikelihood: -1.92916e+06	(delta): 8.15839e-07
Summary: 
Converged in 15 iterations (12.225 sec)
Loglikelihood: -1929155.340202
Fst divergences between estimated populations: 
	Pop0	
Pop0	
Pop1	0.167	
CV error (K=2): 0.48596
Writing output files.
