****                   ADMIXTURE Version 1.3.0                  ****
****                    Copyright 2008-2015                     ****
****           David Alexander, Suyash Shringarpure,            ****
****                John  Novembre, Ken Lange                   ****
****                                                            ****
****                 Please cite our paper!                     ****
****   Information at www.genetics.ucla.edu/software/admixture  ****

Parallel execution requested.  Will use 2 threads.
Cross-validation will be performed.  Folds=5.
Random seed: 43
Point estimation method: Block relaxation algorithm
Convergence acceleration algorithm: QuasiNewton, 3 secant conditions
Point estimation will terminate when objective function delta < 0.0001
Estimation of standard errors disabled; will compute point estimates only.
Size of G: 284x12701
Performing five EM steps to prime main algorithm
1 (EM) 	Elapsed: 0.212	Loglikelihood: -2.19252e+06	(delta): 2.83301e+06
2 (EM) 	Elapsed: 0.269	Loglikelihood: -2.10317e+06	(delta): 89350.5
3 (EM) 	Elapsed: 0.284	Loglikelihood: -2.08156e+06	(delta): 21609.3
4 (EM) 	Elapsed: 0.275	Loglikelihood: -2.06984e+06	(delta): 11713.3
5 (EM) 	Elapsed: 0.266	Loglikelihood: -2.06264e+06	(delta): 7203.05
Initial loglikelihood: -2.06264e+06
Starting main algorithm
1 (QN/Block) 	Elapsed: 0.81	Loglikelihood: -1.98795e+06	(delta): 74690.2
2 (QN/Block) 	Elapsed: 0.789	Loglikelihood: -1.91367e+06	(delta): 74278.5
3 (QN/Block) 	Elapsed: 0.765	Loglikelihood: -1.8935e+06	(delta): 20173.4
4 (QN/Block) 	Elapsed: 0.741	Loglikelihood: -1.8842e+06	(delta): 9299.93
5 (QN/Block) 	Elapsed: 0.998	Loglikelihood: -1.87991e+06	(delta): 4287.27
6 (QN/Block) 	Elapsed: 0.998	Loglikelihood: -1.87914e+06	(delta): 774.862
7 (QN/Block) 	Elapsed: 1.021	Loglikelihood: -1.87894e+06	(delta): 197.047
8 (QN/Block) 	Elapsed: 0.993	Loglikelihood: -1.87876e+06	(delta): 175.856
9 (QN/Block) 	Elapsed: 0.978	Loglikelihood: -1.87868e+06	(delta): 82.7731
10 (QN/Block) 	Elapsed: 0.897	Loglikelihood: -1.87864e+06	(delta): 38.6401
11 (QN/Block) 	Elapsed: 0.855	Loglikelihood: -1.87862e+06	(delta): 17.4886
12 (QN/Block) 	Elapsed: 0.882	Loglikelihood: -1.87862e+06	(delta): 9.23256
13 (QN/Block) 	Elapsed: 0.916	Loglikelihood: -1.87861e+06	(delta): 3.47336
14 (QN/Block) 	Elapsed: 0.863	Loglikelihood: -1.87861e+06	(delta): 1.05692
15 (QN/Block) 	Elapsed: 0.883	Loglikelihood: -1.87861e+06	(delta): 0.310675
16 (QN/Block) 	Elapsed: 0.839	Loglikelihood: -1.87861e+06	(delta): 0.0978577
17 (QN/Block) 	Elapsed: 0.898	Loglikelihood: -1.87861e+06	(delta): 0.0295402
18 (QN/Block) 	Elapsed: 0.885	Loglikelihood: -1.87861e+06	(delta): 0.019174
19 (QN/Block) 	Elapsed: 0.871	Loglikelihood: -1.87861e+06	(delta): 0.000235121
20 (QN/Block) 	Elapsed: 0.861	Loglikelihood: -1.87861e+06	(delta): 5.80284e-06
Summary: 
Converged in 20 iterations (20.033 sec)
Loglikelihood: -1878610.309753
Fst divergences between estimated populations: 
	Pop0	Pop1	
Pop0	
Pop1	0.157	
Pop2	0.202	0.117	
CV error (K=3): 0.48067
Writing output files.
