****                   ADMIXTURE Version 1.3.0                  ****
****                    Copyright 2008-2015                     ****
****           David Alexander, Suyash Shringarpure,            ****
****                John  Novembre, Ken Lange                   ****
****                                                            ****
****                 Please cite our paper!                     ****
****   Information at www.genetics.ucla.edu/software/admixture  ****

Parallel execution requested.  Will use 2 threads.
Cross-validation will be performed.  Folds=5.
Random seed: 43
Point estimation method: Block relaxation algorithm
Convergence acceleration algorithm: QuasiNewton, 3 secant conditions
Point estimation will terminate when objective function delta < 0.0001
Estimation of standard errors disabled; will compute point estimates only.
Size of G: 284x12701
Performing five EM steps to prime main algorithm
1 (EM) 	Elapsed: 0.349	Loglikelihood: -2.20196e+06	(delta): 2.62246e+06
2 (EM) 	Elapsed: 0.368	Loglikelihood: -2.10649e+06	(delta): 95475
3 (EM) 	Elapsed: 0.416	Loglikelihood: -2.08415e+06	(delta): 22335.2
4 (EM) 	Elapsed: 0.399	Loglikelihood: -2.07144e+06	(delta): 12713
5 (EM) 	Elapsed: 0.408	Loglikelihood: -2.06281e+06	(delta): 8631.32
Initial loglikelihood: -2.06281e+06
Starting main algorithm
1 (QN/Block) 	Elapsed: 1.052	Loglikelihood: -1.94272e+06	(delta): 120085
2 (QN/Block) 	Elapsed: 1.043	Loglikelihood: -1.88154e+06	(delta): 61179
3 (QN/Block) 	Elapsed: 1.163	Loglikelihood: -1.8598e+06	(delta): 21745.1
4 (QN/Block) 	Elapsed: 1.195	Loglikelihood: -1.84713e+06	(delta): 12663
5 (QN/Block) 	Elapsed: 1.196	Loglikelihood: -1.8425e+06	(delta): 4630.17
6 (QN/Block) 	Elapsed: 1.207	Loglikelihood: -1.83781e+06	(delta): 4698
7 (QN/Block) 	Elapsed: 1.252	Loglikelihood: -1.83382e+06	(delta): 3988.48
8 (QN/Block) 	Elapsed: 1.176	Loglikelihood: -1.83298e+06	(delta): 836.675
9 (QN/Block) 	Elapsed: 1.069	Loglikelihood: -1.83276e+06	(delta): 221.841
10 (QN/Block) 	Elapsed: 1.058	Loglikelihood: -1.8327e+06	(delta): 56.2383
11 (QN/Block) 	Elapsed: 1.048	Loglikelihood: -1.83268e+06	(delta): 23.5842
12 (QN/Block) 	Elapsed: 1.118	Loglikelihood: -1.83267e+06	(delta): 4.85409
13 (QN/Block) 	Elapsed: 1.068	Loglikelihood: -1.83267e+06	(delta): 1.78502
14 (QN/Block) 	Elapsed: 1.129	Loglikelihood: -1.83267e+06	(delta): 0.538994
15 (QN/Block) 	Elapsed: 1.112	Loglikelihood: -1.83267e+06	(delta): 0.131424
16 (QN/Block) 	Elapsed: 1.074	Loglikelihood: -1.83267e+06	(delta): 0.0257793
17 (QN/Block) 	Elapsed: 1.052	Loglikelihood: -1.83267e+06	(delta): 0.0067839
18 (QN/Block) 	Elapsed: 1.069	Loglikelihood: -1.83267e+06	(delta): 0.00118015
19 (QN/Block) 	Elapsed: 1.027	Loglikelihood: -1.83267e+06	(delta): 3.09178e-05
Summary: 
Converged in 19 iterations (24.105 sec)
Loglikelihood: -1832672.468790
Fst divergences between estimated populations: 
	Pop0	Pop1	Pop2	
Pop0	
Pop1	0.171	
Pop2	0.212	0.208	
Pop3	0.118	0.137	0.163	
CV error (K=4): 0.47378
Writing output files.
