****                   ADMIXTURE Version 1.3.0                  ****
****                    Copyright 2008-2015                     ****
****           David Alexander, Suyash Shringarpure,            ****
****                John  Novembre, Ken Lange                   ****
****                                                            ****
****                 Please cite our paper!                     ****
****   Information at www.genetics.ucla.edu/software/admixture  ****

Parallel execution requested.  Will use 2 threads.
Cross-validation will be performed.  Folds=5.
Random seed: 43
Point estimation method: Block relaxation algorithm
Convergence acceleration algorithm: QuasiNewton, 3 secant conditions
Point estimation will terminate when objective function delta < 0.0001
Estimation of standard errors disabled; will compute point estimates only.
Size of G: 286x6754
Performing five EM steps to prime main algorithm
1 (EM) 	Elapsed: 0.307	Loglikelihood: -1.69851e+06	(delta): 878821
2 (EM) 	Elapsed: 0.248	Loglikelihood: -1.64436e+06	(delta): 54154.1
3 (EM) 	Elapsed: 0.248	Loglikelihood: -1.62876e+06	(delta): 15597.6
4 (EM) 	Elapsed: 0.248	Loglikelihood: -1.61885e+06	(delta): 9911.62
5 (EM) 	Elapsed: 0.255	Loglikelihood: -1.6112e+06	(delta): 7644.33
Initial loglikelihood: -1.6112e+06
Starting main algorithm
1 (QN/Block) 	Elapsed: 0.7	Loglikelihood: -1.47218e+06	(delta): 139027
2 (QN/Block) 	Elapsed: 0.704	Loglikelihood: -1.44404e+06	(delta): 28137.8
3 (QN/Block) 	Elapsed: 0.752	Loglikelihood: -1.43543e+06	(delta): 8605.24
4 (QN/Block) 	Elapsed: 0.749	Loglikelihood: -1.43e+06	(delta): 5432.86
5 (QN/Block) 	Elapsed: 0.775	Loglikelihood: -1.42649e+06	(delta): 3506.96
6 (QN/Block) 	Elapsed: 0.769	Loglikelihood: -1.4215e+06	(delta): 4996.9
7 (QN/Block) 	Elapsed: 0.779	Loglikelihood: -1.41999e+06	(delta): 1510.25
8 (QN/Block) 	Elapsed: 0.727	Loglikelihood: -1.41965e+06	(delta): 333.859
9 (QN/Block) 	Elapsed: 0.644	Loglikelihood: -1.41957e+06	(delta): 83.9075
10 (QN/Block) 	Elapsed: 0.66	Loglikelihood: -1.41953e+06	(delta): 38.4884
11 (QN/Block) 	Elapsed: 0.806	Loglikelihood: -1.41953e+06	(delta): 5.45778
12 (QN/Block) 	Elapsed: 0.732	Loglikelihood: -1.41953e+06	(delta): 0.227515
13 (QN/Block) 	Elapsed: 0.745	Loglikelihood: -1.41953e+06	(delta): 0.0353761
14 (QN/Block) 	Elapsed: 0.755	Loglikelihood: -1.41953e+06	(delta): 0.00367994
15 (QN/Block) 	Elapsed: 0.755	Loglikelihood: -1.41953e+06	(delta): 0.000435379
16 (QN/Block) 	Elapsed: 0.75	Loglikelihood: -1.41953e+06	(delta): 7.99287e-05
Summary: 
Converged in 16 iterations (13.712 sec)
Loglikelihood: -1419525.766460
Fst divergences between estimated populations: 
	Pop0	Pop1	Pop2	Pop3	
Pop0	
Pop1	0.210	
Pop2	0.311	0.268	
Pop3	0.232	0.214	0.157	
Pop4	0.174	0.132	0.233	0.178	
CV error (K=5): 0.64199
Writing output files.
