****                   ADMIXTURE Version 1.3.0                  ****
****                    Copyright 2008-2015                     ****
****           David Alexander, Suyash Shringarpure,            ****
****                John  Novembre, Ken Lange                   ****
****                                                            ****
****                 Please cite our paper!                     ****
****   Information at www.genetics.ucla.edu/software/admixture  ****

Parallel execution requested.  Will use 2 threads.
Cross-validation will be performed.  Folds=5.
Random seed: 43
Point estimation method: Block relaxation algorithm
Convergence acceleration algorithm: QuasiNewton, 3 secant conditions
Point estimation will terminate when objective function delta < 0.0001
Estimation of standard errors disabled; will compute point estimates only.
Size of G: 284x12701
Performing five EM steps to prime main algorithm
1 (EM) 	Elapsed: 0.737	Loglikelihood: -2.20059e+06	(delta): 2.44992e+06
2 (EM) 	Elapsed: 0.481	Loglikelihood: -2.1008e+06	(delta): 99799.5
3 (EM) 	Elapsed: 0.489	Loglikelihood: -2.07986e+06	(delta): 20936.2
4 (EM) 	Elapsed: 0.479	Loglikelihood: -2.06711e+06	(delta): 12751
5 (EM) 	Elapsed: 0.486	Loglikelihood: -2.05731e+06	(delta): 9796.26
Initial loglikelihood: -2.05731e+06
Starting main algorithm
1 (QN/Block) 	Elapsed: 1.225	Loglikelihood: -1.89057e+06	(delta): 166745
2 (QN/Block) 	Elapsed: 1.237	Loglikelihood: -1.82143e+06	(delta): 69132.1
3 (QN/Block) 	Elapsed: 1.396	Loglikelihood: -1.79315e+06	(delta): 28285
4 (QN/Block) 	Elapsed: 1.44	Loglikelihood: -1.78233e+06	(delta): 10823.1
5 (QN/Block) 	Elapsed: 1.392	Loglikelihood: -1.77747e+06	(delta): 4858.58
6 (QN/Block) 	Elapsed: 1.349	Loglikelihood: -1.77503e+06	(delta): 2440.96
7 (QN/Block) 	Elapsed: 1.415	Loglikelihood: -1.77272e+06	(delta): 2302.15
8 (QN/Block) 	Elapsed: 1.355	Loglikelihood: -1.77174e+06	(delta): 987.898
9 (QN/Block) 	Elapsed: 1.307	Loglikelihood: -1.77151e+06	(delta): 230.701
10 (QN/Block) 	Elapsed: 1.334	Loglikelihood: -1.77145e+06	(delta): 58.7933
11 (QN/Block) 	Elapsed: 1.306	Loglikelihood: -1.77143e+06	(delta): 14.4457
12 (QN/Block) 	Elapsed: 1.311	Loglikelihood: -1.77143e+06	(delta): 3.47389
13 (QN/Block) 	Elapsed: 1.319	Loglikelihood: -1.77143e+06	(delta): 0.996327
14 (QN/Block) 	Elapsed: 1.539	Loglikelihood: -1.77143e+06	(delta): 0.076723
15 (QN/Block) 	Elapsed: 1.53	Loglikelihood: -1.77143e+06	(delta): 0.0105699
16 (QN/Block) 	Elapsed: 1.525	Loglikelihood: -1.77143e+06	(delta): 0.00296864
17 (QN/Block) 	Elapsed: 1.372	Loglikelihood: -1.77143e+06	(delta): 4.20792e-05
Summary: 
Converged in 17 iterations (27.287 sec)
Loglikelihood: -1771428.399491
Fst divergences between estimated populations: 
	Pop0	Pop1	Pop2	Pop3	Pop4	
Pop0	
Pop1	0.102	
Pop2	0.216	0.190	
Pop3	0.265	0.238	0.149	
Pop4	0.184	0.168	0.218	0.293	
Pop5	0.130	0.091	0.172	0.220	0.155	
CV error (K=6): 0.47124
Writing output files.
