****                   ADMIXTURE Version 1.3.0                  ****
****                    Copyright 2008-2015                     ****
****           David Alexander, Suyash Shringarpure,            ****
****                John  Novembre, Ken Lange                   ****
****                                                            ****
****                 Please cite our paper!                     ****
****   Information at www.genetics.ucla.edu/software/admixture  ****

Parallel execution requested.  Will use 2 threads.
Cross-validation will be performed.  Folds=5.
Random seed: 43
Point estimation method: Block relaxation algorithm
Convergence acceleration algorithm: QuasiNewton, 3 secant conditions
Point estimation will terminate when objective function delta < 0.0001
Estimation of standard errors disabled; will compute point estimates only.
Size of G: 286x6754
Performing five EM steps to prime main algorithm
1 (EM) 	Elapsed: 0.574	Loglikelihood: -1.69378e+06	(delta): 813867
2 (EM) 	Elapsed: 0.661	Loglikelihood: -1.64122e+06	(delta): 52559.2
3 (EM) 	Elapsed: 0.654	Loglikelihood: -1.62801e+06	(delta): 13218.4
4 (EM) 	Elapsed: 0.656	Loglikelihood: -1.61966e+06	(delta): 8347.08
5 (EM) 	Elapsed: 0.628	Loglikelihood: -1.61308e+06	(delta): 6582.62
Initial loglikelihood: -1.61308e+06
Starting main algorithm
1 (QN/Block) 	Elapsed: 1.689	Loglikelihood: -1.46402e+06	(delta): 149058
2 (QN/Block) 	Elapsed: 1.706	Loglikelihood: -1.4133e+06	(delta): 50713
3 (QN/Block) 	Elapsed: 1.724	Loglikelihood: -1.39395e+06	(delta): 19357.6
4 (QN/Block) 	Elapsed: 1.796	Loglikelihood: -1.38591e+06	(delta): 8040.82
5 (QN/Block) 	Elapsed: 1.757	Loglikelihood: -1.3839e+06	(delta): 2006.19
6 (QN/Block) 	Elapsed: 1.784	Loglikelihood: -1.38317e+06	(delta): 726.734
7 (QN/Block) 	Elapsed: 1.723	Loglikelihood: -1.38305e+06	(delta): 125.075
8 (QN/Block) 	Elapsed: 1.684	Loglikelihood: -1.38302e+06	(delta): 31.5634
9 (QN/Block) 	Elapsed: 1.701	Loglikelihood: -1.38301e+06	(delta): 7.49565
10 (QN/Block) 	Elapsed: 1.662	Loglikelihood: -1.38301e+06	(delta): 0.973611
11 (QN/Block) 	Elapsed: 1.574	Loglikelihood: -1.38301e+06	(delta): 0.195854
12 (QN/Block) 	Elapsed: 1.603	Loglikelihood: -1.38301e+06	(delta): 0.0590453
13 (QN/Block) 	Elapsed: 1.42	Loglikelihood: -1.38301e+06	(delta): 0.00639473
14 (QN/Block) 	Elapsed: 1.553	Loglikelihood: -1.38301e+06	(delta): 0.00130255
15 (QN/Block) 	Elapsed: 1.541	Loglikelihood: -1.38301e+06	(delta): 4.05554e-05
Summary: 
Converged in 15 iterations (28.791 sec)
Loglikelihood: -1383007.293430
Fst divergences between estimated populations: 
	Pop0	Pop1	Pop2	Pop3	Pop4	Pop5	
Pop0	
Pop1	0.257	
Pop2	0.200	0.161	
Pop3	0.135	0.263	0.205	
Pop4	0.116	0.280	0.221	0.162	
Pop5	0.172	0.288	0.233	0.189	0.203	
Pop6	0.205	0.322	0.237	0.205	0.220	0.243	
CV error (K=7): 0.63888
Writing output files.
