****                   ADMIXTURE Version 1.3.0                  ****
****                    Copyright 2008-2015                     ****
****           David Alexander, Suyash Shringarpure,            ****
****                John  Novembre, Ken Lange                   ****
****                                                            ****
****                 Please cite our paper!                     ****
****   Information at www.genetics.ucla.edu/software/admixture  ****

Parallel execution requested.  Will use 2 threads.
Cross-validation will be performed.  Folds=5.
Random seed: 43
Point estimation method: Block relaxation algorithm
Convergence acceleration algorithm: QuasiNewton, 3 secant conditions
Point estimation will terminate when objective function delta < 0.0001
Estimation of standard errors disabled; will compute point estimates only.
Size of G: 286x6754
Performing five EM steps to prime main algorithm
1 (EM) 	Elapsed: 0.416	Loglikelihood: -1.6912e+06	(delta): 793947
2 (EM) 	Elapsed: 0.388	Loglikelihood: -1.63883e+06	(delta): 52373.1
3 (EM) 	Elapsed: 0.389	Loglikelihood: -1.62588e+06	(delta): 12947.6
4 (EM) 	Elapsed: 0.388	Loglikelihood: -1.61748e+06	(delta): 8406.04
5 (EM) 	Elapsed: 0.388	Loglikelihood: -1.6106e+06	(delta): 6880.11
Initial loglikelihood: -1.6106e+06
Starting main algorithm
1 (QN/Block) 	Elapsed: 1.025	Loglikelihood: -1.45244e+06	(delta): 158153
2 (QN/Block) 	Elapsed: 1.027	Loglikelihood: -1.40327e+06	(delta): 49174.1
3 (QN/Block) 	Elapsed: 1.098	Loglikelihood: -1.38643e+06	(delta): 16838.2
4 (QN/Block) 	Elapsed: 1.162	Loglikelihood: -1.37723e+06	(delta): 9207.21
5 (QN/Block) 	Elapsed: 1.184	Loglikelihood: -1.37309e+06	(delta): 4131.67
6 (QN/Block) 	Elapsed: 1.201	Loglikelihood: -1.37136e+06	(delta): 1729.34
7 (QN/Block) 	Elapsed: 1.228	Loglikelihood: -1.37029e+06	(delta): 1073.28
8 (QN/Block) 	Elapsed: 1.271	Loglikelihood: -1.36961e+06	(delta): 676.492
9 (QN/Block) 	Elapsed: 1.232	Loglikelihood: -1.36884e+06	(delta): 773.783
10 (QN/Block) 	Elapsed: 1.269	Loglikelihood: -1.36814e+06	(delta): 702.95
11 (QN/Block) 	Elapsed: 1.19	Loglikelihood: -1.36761e+06	(delta): 526.386
12 (QN/Block) 	Elapsed: 1.114	Loglikelihood: -1.3674e+06	(delta): 213.876
13 (QN/Block) 	Elapsed: 1.16	Loglikelihood: -1.36735e+06	(delta): 48.0793
14 (QN/Block) 	Elapsed: 1.188	Loglikelihood: -1.36733e+06	(delta): 19.3858
15 (QN/Block) 	Elapsed: 1.177	Loglikelihood: -1.36732e+06	(delta): 5.73876
16 (QN/Block) 	Elapsed: 1.185	Loglikelihood: -1.36732e+06	(delta): 2.13891
17 (QN/Block) 	Elapsed: 1.173	Loglikelihood: -1.36732e+06	(delta): 0.387732
18 (QN/Block) 	Elapsed: 1.192	Loglikelihood: -1.36732e+06	(delta): 0.143995
19 (QN/Block) 	Elapsed: 1.201	Loglikelihood: -1.36732e+06	(delta): 0.081857
20 (QN/Block) 	Elapsed: 1.185	Loglikelihood: -1.36732e+06	(delta): 0.0104585
21 (QN/Block) 	Elapsed: 1.089	Loglikelihood: -1.36732e+06	(delta): 0.00195894
22 (QN/Block) 	Elapsed: 1.114	Loglikelihood: -1.36732e+06	(delta): 0.000577047
23 (QN/Block) 	Elapsed: 1.177	Loglikelihood: -1.36732e+06	(delta): 1.71755e-05
Summary: 
Converged in 23 iterations (29.874 sec)
Loglikelihood: -1367321.586931
Fst divergences between estimated populations: 
	Pop0	Pop1	Pop2	Pop3	Pop4	Pop5	Pop6	
Pop0	
Pop1	0.136	
Pop2	0.187	0.167	
Pop3	0.164	0.117	0.180	
Pop4	0.190	0.173	0.225	0.205	
Pop5	0.206	0.200	0.221	0.221	0.234	
Pop6	0.286	0.287	0.279	0.301	0.322	0.311	
Pop7	0.264	0.256	0.305	0.279	0.290	0.161	0.392	
CV error (K=8): 0.64070
Writing output files.
