****                   ADMIXTURE Version 1.3.0                  ****
****                    Copyright 2008-2015                     ****
****           David Alexander, Suyash Shringarpure,            ****
****                John  Novembre, Ken Lange                   ****
****                                                            ****
****                 Please cite our paper!                     ****
****   Information at www.genetics.ucla.edu/software/admixture  ****

Parallel execution requested.  Will use 2 threads.
Cross-validation will be performed.  Folds=5.
Random seed: 43
Point estimation method: Block relaxation algorithm
Convergence acceleration algorithm: QuasiNewton, 3 secant conditions
Point estimation will terminate when objective function delta < 0.0001
Estimation of standard errors disabled; will compute point estimates only.
Size of G: 284x12701
Performing five EM steps to prime main algorithm
1 (EM) 	Elapsed: 1.258	Loglikelihood: -2.19773e+06	(delta): 2.33542e+06
2 (EM) 	Elapsed: 0.924	Loglikelihood: -2.09482e+06	(delta): 102915
3 (EM) 	Elapsed: 1.227	Loglikelihood: -2.07519e+06	(delta): 19626
4 (EM) 	Elapsed: 0.897	Loglikelihood: -2.06334e+06	(delta): 11852.2
5 (EM) 	Elapsed: 0.911	Loglikelihood: -2.05401e+06	(delta): 9333.72
Initial loglikelihood: -2.05401e+06
Starting main algorithm
1 (QN/Block) 	Elapsed: 2.437	Loglikelihood: -1.86809e+06	(delta): 185920
2 (QN/Block) 	Elapsed: 2.452	Loglikelihood: -1.80085e+06	(delta): 67238.7
3 (QN/Block) 	Elapsed: 2.657	Loglikelihood: -1.76223e+06	(delta): 38612.7
4 (QN/Block) 	Elapsed: 2.768	Loglikelihood: -1.73778e+06	(delta): 24452.7
5 (QN/Block) 	Elapsed: 2.639	Loglikelihood: -1.72798e+06	(delta): 9798.1
6 (QN/Block) 	Elapsed: 2.649	Loglikelihood: -1.72275e+06	(delta): 5237.12
7 (QN/Block) 	Elapsed: 2.568	Loglikelihood: -1.7181e+06	(delta): 4647.87
8 (QN/Block) 	Elapsed: 2.5	Loglikelihood: -1.71351e+06	(delta): 4588.29
9 (QN/Block) 	Elapsed: 2.685	Loglikelihood: -1.71073e+06	(delta): 2782.9
10 (QN/Block) 	Elapsed: 2.629	Loglikelihood: -1.70885e+06	(delta): 1881.88
11 (QN/Block) 	Elapsed: 2.569	Loglikelihood: -1.70831e+06	(delta): 535.271
12 (QN/Block) 	Elapsed: 2.585	Loglikelihood: -1.70817e+06	(delta): 141.07
13 (QN/Block) 	Elapsed: 2.538	Loglikelihood: -1.70808e+06	(delta): 85.503
14 (QN/Block) 	Elapsed: 2.579	Loglikelihood: -1.70804e+06	(delta): 44.1789
15 (QN/Block) 	Elapsed: 2.446	Loglikelihood: -1.70802e+06	(delta): 21.4561
16 (QN/Block) 	Elapsed: 2.21	Loglikelihood: -1.70801e+06	(delta): 11.4452
17 (QN/Block) 	Elapsed: 2.045	Loglikelihood: -1.708e+06	(delta): 7.69032
18 (QN/Block) 	Elapsed: 2.494	Loglikelihood: -1.708e+06	(delta): 2.60857
19 (QN/Block) 	Elapsed: 2.018	Loglikelihood: -1.708e+06	(delta): 1.27886
20 (QN/Block) 	Elapsed: 2.065	Loglikelihood: -1.70799e+06	(delta): 0.580865
21 (QN/Block) 	Elapsed: 2.255	Loglikelihood: -1.70799e+06	(delta): 0.761896
22 (QN/Block) 	Elapsed: 1.766	Loglikelihood: -1.70799e+06	(delta): 0.0816145
23 (QN/Block) 	Elapsed: 2.302	Loglikelihood: -1.70799e+06	(delta): 0.0360076
24 (QN/Block) 	Elapsed: 1.633	Loglikelihood: -1.70799e+06	(delta): 0.0108561
25 (QN/Block) 	Elapsed: 1.784	Loglikelihood: -1.70799e+06	(delta): 0.000234794
26 (QN/Block) 	Elapsed: 2.378	Loglikelihood: -1.70799e+06	(delta): 2.54842e-05
Summary: 
Converged in 26 iterations (68.827 sec)
Loglikelihood: -1707993.582473
Fst divergences between estimated populations: 
	Pop0	Pop1	Pop2	Pop3	Pop4	Pop5	Pop6	Pop7	
Pop0	
Pop1	0.217	
Pop2	0.253	0.238	
Pop3	0.212	0.154	0.231	
Pop4	0.191	0.103	0.214	0.122	
Pop5	0.371	0.274	0.390	0.334	0.293	
Pop6	0.180	0.162	0.209	0.124	0.127	0.327	
Pop7	0.154	0.269	0.330	0.264	0.244	0.439	0.237	
Pop8	0.290	0.235	0.321	0.232	0.207	0.392	0.232	0.332	
CV error (K=9): 0.48429
Writing output files.
