****                   ADMIXTURE Version 1.3.0                  ****
****                    Copyright 2008-2015                     ****
****           David Alexander, Suyash Shringarpure,            ****
****                John  Novembre, Ken Lange                   ****
****                                                            ****
****                 Please cite our paper!                     ****
****   Information at www.genetics.ucla.edu/software/admixture  ****

Parallel execution requested.  Will use 2 threads.
Cross-validation will be performed.  Folds=5.
Random seed: 43
Point estimation method: Block relaxation algorithm
Convergence acceleration algorithm: QuasiNewton, 3 secant conditions
Point estimation will terminate when objective function delta < 0.0001
Estimation of standard errors disabled; will compute point estimates only.
Size of G: 460x841
Performing five EM steps to prime main algorithm
1 (EM) 	Elapsed: 0.156	Loglikelihood: -308132	(delta): 173869
2 (EM) 	Elapsed: 0.156	Loglikelihood: -296644	(delta): 11488
3 (EM) 	Elapsed: 0.15	Loglikelihood: -294500	(delta): 2143.39
4 (EM) 	Elapsed: 0.14	Loglikelihood: -293252	(delta): 1248.39
5 (EM) 	Elapsed: 0.153	Loglikelihood: -292235	(delta): 1016.85
Initial loglikelihood: -292235
Starting main algorithm
1 (QN/Block) 	Elapsed: 0.402	Loglikelihood: -259259	(delta): 32976.5
2 (QN/Block) 	Elapsed: 0.375	Loglikelihood: -249788	(delta): 9470.13
3 (QN/Block) 	Elapsed: 0.393	Loglikelihood: -246583	(delta): 3205.42
4 (QN/Block) 	Elapsed: 0.436	Loglikelihood: -245267	(delta): 1315.99
5 (QN/Block) 	Elapsed: 0.419	Loglikelihood: -244978	(delta): 288.568
6 (QN/Block) 	Elapsed: 0.414	Loglikelihood: -244833	(delta): 145.778
7 (QN/Block) 	Elapsed: 0.416	Loglikelihood: -244734	(delta): 98.7266
8 (QN/Block) 	Elapsed: 0.407	Loglikelihood: -244601	(delta): 132.787
9 (QN/Block) 	Elapsed: 0.412	Loglikelihood: -244434	(delta): 167.573
10 (QN/Block) 	Elapsed: 0.411	Loglikelihood: -244260	(delta): 173.334
11 (QN/Block) 	Elapsed: 0.376	Loglikelihood: -244157	(delta): 103.344
12 (QN/Block) 	Elapsed: 0.363	Loglikelihood: -244081	(delta): 75.6961
13 (QN/Block) 	Elapsed: 0.386	Loglikelihood: -244041	(delta): 40.3414
14 (QN/Block) 	Elapsed: 0.385	Loglikelihood: -244018	(delta): 22.9028
15 (QN/Block) 	Elapsed: 0.42	Loglikelihood: -244001	(delta): 17.1333
16 (QN/Block) 	Elapsed: 0.412	Loglikelihood: -243990	(delta): 10.3555
17 (QN/Block) 	Elapsed: 0.63	Loglikelihood: -243980	(delta): 10.5183
18 (QN/Block) 	Elapsed: 0.604	Loglikelihood: -243972	(delta): 8.07397
19 (QN/Block) 	Elapsed: 0.395	Loglikelihood: -243966	(delta): 6.20587
20 (QN/Block) 	Elapsed: 0.272	Loglikelihood: -243961	(delta): 4.52038
21 (QN/Block) 	Elapsed: 0.289	Loglikelihood: -243956	(delta): 4.69184
22 (QN/Block) 	Elapsed: 0.255	Loglikelihood: -243955	(delta): 1.92099
23 (QN/Block) 	Elapsed: 0.28	Loglikelihood: -243952	(delta): 2.74424
24 (QN/Block) 	Elapsed: 0.265	Loglikelihood: -243951	(delta): 1.26716
25 (QN/Block) 	Elapsed: 0.256	Loglikelihood: -243949	(delta): 1.08359
26 (QN/Block) 	Elapsed: 0.288	Loglikelihood: -243949	(delta): 0.810911
27 (QN/Block) 	Elapsed: 0.292	Loglikelihood: -243948	(delta): 0.809298
28 (QN/Block) 	Elapsed: 0.33	Loglikelihood: -243947	(delta): 0.65042
29 (QN/Block) 	Elapsed: 0.312	Loglikelihood: -243946	(delta): 0.88312
30 (QN/Block) 	Elapsed: 0.288	Loglikelihood: -243945	(delta): 0.917489
31 (QN/Block) 	Elapsed: 0.29	Loglikelihood: -243944	(delta): 1.09603
32 (QN/Block) 	Elapsed: 0.315	Loglikelihood: -243944	(delta): 0.594593
33 (QN/Block) 	Elapsed: 0.244	Loglikelihood: -243943	(delta): 0.311754
34 (QN/Block) 	Elapsed: 0.252	Loglikelihood: -243943	(delta): 0.157122
35 (QN/Block) 	Elapsed: 0.252	Loglikelihood: -243943	(delta): 0.142507
36 (QN/Block) 	Elapsed: 0.253	Loglikelihood: -243943	(delta): 0.156045
37 (QN/Block) 	Elapsed: 0.252	Loglikelihood: -243943	(delta): 0.171142
38 (QN/Block) 	Elapsed: 0.348	Loglikelihood: -243943	(delta): 0.191029
39 (QN/Block) 	Elapsed: 0.253	Loglikelihood: -243942	(delta): 0.326939
40 (QN/Block) 	Elapsed: 0.253	Loglikelihood: -243942	(delta): 0.44017
41 (QN/Block) 	Elapsed: 0.253	Loglikelihood: -243941	(delta): 0.344625
42 (QN/Block) 	Elapsed: 0.252	Loglikelihood: -243941	(delta): 0.254136
43 (QN/Block) 	Elapsed: 0.252	Loglikelihood: -243941	(delta): 0.259731
44 (QN/Block) 	Elapsed: 0.243	Loglikelihood: -243941	(delta): 0.242993
45 (QN/Block) 	Elapsed: 0.252	Loglikelihood: -243940	(delta): 0.457994
46 (QN/Block) 	Elapsed: 0.309	Loglikelihood: -243940	(delta): 0.289889
47 (QN/Block) 	Elapsed: 0.484	Loglikelihood: -243940	(delta): 0.380775
48 (QN/Block) 	Elapsed: 0.457	Loglikelihood: -243939	(delta): 0.501202
49 (QN/Block) 	Elapsed: 0.429	Loglikelihood: -243938	(delta): 0.675416
50 (QN/Block) 	Elapsed: 0.259	Loglikelihood: -243938	(delta): 0.819264
51 (QN/Block) 	Elapsed: 0.258	Loglikelihood: -243937	(delta): 0.869544
52 (QN/Block) 	Elapsed: 0.384	Loglikelihood: -243935	(delta): 1.32686
53 (QN/Block) 	Elapsed: 0.584	Loglikelihood: -243933	(delta): 1.88762
54 (QN/Block) 	Elapsed: 0.584	Loglikelihood: -243931	(delta): 1.9712
55 (QN/Block) 	Elapsed: 0.575	Loglikelihood: -243929	(delta): 2.48783
56 (QN/Block) 	Elapsed: 0.38	Loglikelihood: -243923	(delta): 6.03031
57 (QN/Block) 	Elapsed: 0.261	Loglikelihood: -243919	(delta): 3.67209
58 (QN/Block) 	Elapsed: 0.322	Loglikelihood: -243916	(delta): 3.70098
59 (QN/Block) 	Elapsed: 0.243	Loglikelihood: -243914	(delta): 2.04635
60 (QN/Block) 	Elapsed: 0.247	Loglikelihood: -243910	(delta): 3.75683
61 (QN/Block) 	Elapsed: 0.247	Loglikelihood: -243907	(delta): 2.5466
62 (QN/Block) 	Elapsed: 0.238	Loglikelihood: -243902	(delta): 4.88379
63 (QN/Block) 	Elapsed: 0.238	Loglikelihood: -243896	(delta): 6.03891
64 (QN/Block) 	Elapsed: 0.238	Loglikelihood: -243891	(delta): 5.70306
65 (QN/Block) 	Elapsed: 0.26	Loglikelihood: -243882	(delta): 8.37425
66 (QN/Block) 	Elapsed: 0.369	Loglikelihood: -243876	(delta): 5.8533
67 (QN/Block) 	Elapsed: 0.244	Loglikelihood: -243866	(delta): 10.4232
68 (QN/Block) 	Elapsed: 0.249	Loglikelihood: -243863	(delta): 3.21696
69 (QN/Block) 	Elapsed: 0.244	Loglikelihood: -243861	(delta): 1.97756
70 (QN/Block) 	Elapsed: 0.245	Loglikelihood: -243860	(delta): 0.905584
71 (QN/Block) 	Elapsed: 0.246	Loglikelihood: -243859	(delta): 0.715276
72 (QN/Block) 	Elapsed: 0.244	Loglikelihood: -243859	(delta): 0.259156
73 (QN/Block) 	Elapsed: 0.244	Loglikelihood: -243859	(delta): 0.138355
74 (QN/Block) 	Elapsed: 0.244	Loglikelihood: -243859	(delta): 0.0570188
75 (QN/Block) 	Elapsed: 0.244	Loglikelihood: -243859	(delta): 0.0501787
76 (QN/Block) 	Elapsed: 0.244	Loglikelihood: -243859	(delta): 0.0392691
77 (QN/Block) 	Elapsed: 0.243	Loglikelihood: -243859	(delta): 0.0250987
78 (QN/Block) 	Elapsed: 0.244	Loglikelihood: -243859	(delta): 0.0337267
79 (QN/Block) 	Elapsed: 0.244	Loglikelihood: -243859	(delta): 0.0373823
80 (QN/Block) 	Elapsed: 0.244	Loglikelihood: -243858	(delta): 0.0247421
81 (QN/Block) 	Elapsed: 0.244	Loglikelihood: -243858	(delta): 0.0124754
82 (QN/Block) 	Elapsed: 0.244	Loglikelihood: -243858	(delta): 0.00514169
83 (QN/Block) 	Elapsed: 0.244	Loglikelihood: -243858	(delta): 0.005329
84 (QN/Block) 	Elapsed: 0.257	Loglikelihood: -243858	(delta): 0.00190526
85 (QN/Block) 	Elapsed: 0.257	Loglikelihood: -243858	(delta): 0.000961474
86 (QN/Block) 	Elapsed: 0.258	Loglikelihood: -243858	(delta): 0.00111197
87 (QN/Block) 	Elapsed: 0.258	Loglikelihood: -243858	(delta): 0.00152435
88 (QN/Block) 	Elapsed: 0.259	Loglikelihood: -243858	(delta): 0.00239153
89 (QN/Block) 	Elapsed: 0.258	Loglikelihood: -243858	(delta): 0.00433772
90 (QN/Block) 	Elapsed: 0.258	Loglikelihood: -243858	(delta): 0.00773694
91 (QN/Block) 	Elapsed: 0.245	Loglikelihood: -243858	(delta): 0.00206231
92 (QN/Block) 	Elapsed: 0.244	Loglikelihood: -243858	(delta): 0.000814164
93 (QN/Block) 	Elapsed: 0.258	Loglikelihood: -243858	(delta): 0.000932341
94 (QN/Block) 	Elapsed: 0.253	Loglikelihood: -243858	(delta): 0.00169261
95 (QN/Block) 	Elapsed: 0.258	Loglikelihood: -243858	(delta): 0.000699798
96 (QN/Block) 	Elapsed: 0.257	Loglikelihood: -243858	(delta): 0.000240115
97 (QN/Block) 	Elapsed: 0.249	Loglikelihood: -243858	(delta): 0.000175428
98 (QN/Block) 	Elapsed: 0.244	Loglikelihood: -243858	(delta): 0.000210142
99 (QN/Block) 	Elapsed: 0.244	Loglikelihood: -243858	(delta): 0.000177361
100 (QN/Block) 	Elapsed: 0.244	Loglikelihood: -243858	(delta): 8.41553e-05
Summary: 
Converged in 100 iterations (32.383 sec)
Loglikelihood: -243858.447180
Fst divergences between estimated populations: 
	Pop0	Pop1	Pop2	Pop3	Pop4	Pop5	Pop6	Pop7	Pop8	Pop9	Pop10	
Pop0	
Pop1	0.395	
Pop2	0.297	0.365	
Pop3	0.512	0.542	0.489	
Pop4	0.335	0.310	0.280	0.439	
Pop5	0.430	0.405	0.415	0.526	0.303	
Pop6	0.333	0.372	0.293	0.416	0.278	0.381	
Pop7	0.272	0.311	0.229	0.440	0.265	0.365	0.234	
Pop8	0.296	0.343	0.267	0.469	0.303	0.405	0.275	0.214	
Pop9	0.372	0.330	0.325	0.487	0.249	0.329	0.308	0.303	0.332	
Pop10	0.282	0.382	0.232	0.466	0.312	0.425	0.272	0.183	0.220	0.342	
Pop11	0.352	0.396	0.317	0.397	0.280	0.376	0.216	0.269	0.296	0.341	0.288	
CV error (K=12): 0.62315
Writing output files.
