****                   ADMIXTURE Version 1.3.0                  ****
****                    Copyright 2008-2015                     ****
****           David Alexander, Suyash Shringarpure,            ****
****                John  Novembre, Ken Lange                   ****
****                                                            ****
****                 Please cite our paper!                     ****
****   Information at www.genetics.ucla.edu/software/admixture  ****

Parallel execution requested.  Will use 2 threads.
Cross-validation will be performed.  Folds=5.
Random seed: 43
Point estimation method: Block relaxation algorithm
Convergence acceleration algorithm: QuasiNewton, 3 secant conditions
Point estimation will terminate when objective function delta < 0.0001
Estimation of standard errors disabled; will compute point estimates only.
Size of G: 460x841
Performing five EM steps to prime main algorithm
1 (EM) 	Elapsed: 0.324	Loglikelihood: -306220	(delta): 165195
2 (EM) 	Elapsed: 0.298	Loglikelihood: -295007	(delta): 11213
3 (EM) 	Elapsed: 0.302	Loglikelihood: -293089	(delta): 1918.51
4 (EM) 	Elapsed: 0.303	Loglikelihood: -291930	(delta): 1158.82
5 (EM) 	Elapsed: 0.291	Loglikelihood: -290892	(delta): 1038.18
Initial loglikelihood: -290892
Starting main algorithm
1 (QN/Block) 	Elapsed: 0.874	Loglikelihood: -253297	(delta): 37594.3
2 (QN/Block) 	Elapsed: 0.846	Loglikelihood: -243455	(delta): 9842.17
3 (QN/Block) 	Elapsed: 0.9	Loglikelihood: -239768	(delta): 3687.27
4 (QN/Block) 	Elapsed: 0.801	Loglikelihood: -238138	(delta): 1629.37
5 (QN/Block) 	Elapsed: 0.828	Loglikelihood: -236829	(delta): 1309.49
6 (QN/Block) 	Elapsed: 0.873	Loglikelihood: -235966	(delta): 862.966
7 (QN/Block) 	Elapsed: 0.874	Loglikelihood: -235551	(delta): 414.762
8 (QN/Block) 	Elapsed: 0.797	Loglikelihood: -235362	(delta): 189.14
9 (QN/Block) 	Elapsed: 0.591	Loglikelihood: -235191	(delta): 170.895
10 (QN/Block) 	Elapsed: 0.531	Loglikelihood: -235106	(delta): 85.4999
11 (QN/Block) 	Elapsed: 0.617	Loglikelihood: -235031	(delta): 74.7718
12 (QN/Block) 	Elapsed: 0.662	Loglikelihood: -234971	(delta): 60.4146
13 (QN/Block) 	Elapsed: 0.7	Loglikelihood: -234912	(delta): 58.645
14 (QN/Block) 	Elapsed: 0.607	Loglikelihood: -234873	(delta): 38.8252
15 (QN/Block) 	Elapsed: 0.679	Loglikelihood: -234838	(delta): 34.8932
16 (QN/Block) 	Elapsed: 0.48	Loglikelihood: -234820	(delta): 18.6905
17 (QN/Block) 	Elapsed: 0.492	Loglikelihood: -234799	(delta): 20.8728
18 (QN/Block) 	Elapsed: 0.559	Loglikelihood: -234780	(delta): 18.9552
19 (QN/Block) 	Elapsed: 0.481	Loglikelihood: -234741	(delta): 38.5186
20 (QN/Block) 	Elapsed: 0.476	Loglikelihood: -234720	(delta): 21.3948
21 (QN/Block) 	Elapsed: 0.771	Loglikelihood: -234710	(delta): 10.0272
22 (QN/Block) 	Elapsed: 0.796	Loglikelihood: -234704	(delta): 5.97379
23 (QN/Block) 	Elapsed: 0.742	Loglikelihood: -234700	(delta): 3.77175
24 (QN/Block) 	Elapsed: 0.721	Loglikelihood: -234692	(delta): 7.64106
25 (QN/Block) 	Elapsed: 0.523	Loglikelihood: -234685	(delta): 7.66664
26 (QN/Block) 	Elapsed: 0.489	Loglikelihood: -234678	(delta): 6.41399
27 (QN/Block) 	Elapsed: 0.483	Loglikelihood: -234671	(delta): 7.25922
28 (QN/Block) 	Elapsed: 0.483	Loglikelihood: -234666	(delta): 5.26161
29 (QN/Block) 	Elapsed: 0.495	Loglikelihood: -234663	(delta): 2.69035
30 (QN/Block) 	Elapsed: 0.502	Loglikelihood: -234658	(delta): 4.58105
31 (QN/Block) 	Elapsed: 0.488	Loglikelihood: -234657	(delta): 1.61342
32 (QN/Block) 	Elapsed: 0.496	Loglikelihood: -234655	(delta): 2.05987
33 (QN/Block) 	Elapsed: 0.489	Loglikelihood: -234654	(delta): 0.835985
34 (QN/Block) 	Elapsed: 0.482	Loglikelihood: -234653	(delta): 0.792806
35 (QN/Block) 	Elapsed: 0.744	Loglikelihood: -234653	(delta): 0.62582
36 (QN/Block) 	Elapsed: 0.721	Loglikelihood: -234652	(delta): 0.747484
37 (QN/Block) 	Elapsed: 0.727	Loglikelihood: -234651	(delta): 0.446958
38 (QN/Block) 	Elapsed: 0.726	Loglikelihood: -234651	(delta): 0.251545
39 (QN/Block) 	Elapsed: 0.729	Loglikelihood: -234650	(delta): 0.660107
40 (QN/Block) 	Elapsed: 0.7	Loglikelihood: -234650	(delta): 0.48888
41 (QN/Block) 	Elapsed: 0.512	Loglikelihood: -234649	(delta): 0.744207
42 (QN/Block) 	Elapsed: 0.495	Loglikelihood: -234649	(delta): 0.63402
43 (QN/Block) 	Elapsed: 0.484	Loglikelihood: -234648	(delta): 0.738153
44 (QN/Block) 	Elapsed: 0.485	Loglikelihood: -234647	(delta): 0.436762
45 (QN/Block) 	Elapsed: 0.481	Loglikelihood: -234647	(delta): 0.597692
46 (QN/Block) 	Elapsed: 0.481	Loglikelihood: -234646	(delta): 0.682958
47 (QN/Block) 	Elapsed: 0.48	Loglikelihood: -234645	(delta): 0.957048
48 (QN/Block) 	Elapsed: 0.489	Loglikelihood: -234644	(delta): 0.739476
49 (QN/Block) 	Elapsed: 0.481	Loglikelihood: -234644	(delta): 0.604597
50 (QN/Block) 	Elapsed: 0.482	Loglikelihood: -234643	(delta): 0.380789
51 (QN/Block) 	Elapsed: 0.493	Loglikelihood: -234643	(delta): 0.315297
52 (QN/Block) 	Elapsed: 0.503	Loglikelihood: -234643	(delta): 0.520613
53 (QN/Block) 	Elapsed: 0.492	Loglikelihood: -234642	(delta): 0.218993
54 (QN/Block) 	Elapsed: 0.481	Loglikelihood: -234642	(delta): 0.277898
55 (QN/Block) 	Elapsed: 0.479	Loglikelihood: -234642	(delta): 0.177511
56 (QN/Block) 	Elapsed: 0.487	Loglikelihood: -234642	(delta): 0.405302
57 (QN/Block) 	Elapsed: 0.488	Loglikelihood: -234641	(delta): 0.413686
58 (QN/Block) 	Elapsed: 0.49	Loglikelihood: -234640	(delta): 0.978853
59 (QN/Block) 	Elapsed: 0.481	Loglikelihood: -234639	(delta): 0.638777
60 (QN/Block) 	Elapsed: 0.463	Loglikelihood: -234639	(delta): 0.341592
61 (QN/Block) 	Elapsed: 0.448	Loglikelihood: -234639	(delta): 0.177165
62 (QN/Block) 	Elapsed: 0.449	Loglikelihood: -234639	(delta): 0.119273
63 (QN/Block) 	Elapsed: 0.452	Loglikelihood: -234639	(delta): 0.0666127
64 (QN/Block) 	Elapsed: 0.621	Loglikelihood: -234639	(delta): 0.056286
65 (QN/Block) 	Elapsed: 0.676	Loglikelihood: -234639	(delta): 0.034096
66 (QN/Block) 	Elapsed: 0.682	Loglikelihood: -234639	(delta): 0.028476
67 (QN/Block) 	Elapsed: 0.683	Loglikelihood: -234639	(delta): 0.0287165
68 (QN/Block) 	Elapsed: 0.667	Loglikelihood: -234639	(delta): 0.0144057
69 (QN/Block) 	Elapsed: 0.679	Loglikelihood: -234639	(delta): 0.00857899
70 (QN/Block) 	Elapsed: 0.677	Loglikelihood: -234639	(delta): 0.0070405
71 (QN/Block) 	Elapsed: 0.665	Loglikelihood: -234639	(delta): 0.0334409
72 (QN/Block) 	Elapsed: 0.697	Loglikelihood: -234638	(delta): 0.227052
73 (QN/Block) 	Elapsed: 0.692	Loglikelihood: -234638	(delta): 0.0771238
74 (QN/Block) 	Elapsed: 0.667	Loglikelihood: -234638	(delta): 0.104333
75 (QN/Block) 	Elapsed: 0.695	Loglikelihood: -234638	(delta): 0.074944
76 (QN/Block) 	Elapsed: 0.68	Loglikelihood: -234638	(delta): 0.0216461
77 (QN/Block) 	Elapsed: 0.671	Loglikelihood: -234638	(delta): 0.0213867
78 (QN/Block) 	Elapsed: 0.673	Loglikelihood: -234638	(delta): 0.00812857
79 (QN/Block) 	Elapsed: 0.682	Loglikelihood: -234638	(delta): 0.0026625
80 (QN/Block) 	Elapsed: 0.673	Loglikelihood: -234638	(delta): 0.000644074
81 (QN/Block) 	Elapsed: 0.67	Loglikelihood: -234638	(delta): 0.00116429
82 (QN/Block) 	Elapsed: 0.698	Loglikelihood: -234638	(delta): 0.000644228
83 (QN/Block) 	Elapsed: 0.707	Loglikelihood: -234638	(delta): 0.000816733
84 (QN/Block) 	Elapsed: 0.692	Loglikelihood: -234638	(delta): 0.00112243
85 (QN/Block) 	Elapsed: 0.694	Loglikelihood: -234638	(delta): 0.00150847
86 (QN/Block) 	Elapsed: 0.695	Loglikelihood: -234638	(delta): 0.00194104
87 (QN/Block) 	Elapsed: 0.693	Loglikelihood: -234638	(delta): 0.00242747
88 (QN/Block) 	Elapsed: 0.691	Loglikelihood: -234638	(delta): 0.00295116
89 (QN/Block) 	Elapsed: 0.726	Loglikelihood: -234638	(delta): 0.0034645
90 (QN/Block) 	Elapsed: 0.716	Loglikelihood: -234638	(delta): 0.00380168
91 (QN/Block) 	Elapsed: 0.68	Loglikelihood: -234638	(delta): 0.0039076
92 (QN/Block) 	Elapsed: 0.684	Loglikelihood: -234638	(delta): 0.00481493
93 (QN/Block) 	Elapsed: 0.684	Loglikelihood: -234638	(delta): 0.0109977
94 (QN/Block) 	Elapsed: 0.671	Loglikelihood: -234638	(delta): 0.00337314
95 (QN/Block) 	Elapsed: 0.663	Loglikelihood: -234638	(delta): 0.00241813
96 (QN/Block) 	Elapsed: 0.617	Loglikelihood: -234638	(delta): 0.00124711
97 (QN/Block) 	Elapsed: 0.494	Loglikelihood: -234638	(delta): 0.000205207
98 (QN/Block) 	Elapsed: 0.474	Loglikelihood: -234638	(delta): 0.000200979
99 (QN/Block) 	Elapsed: 0.438	Loglikelihood: -234638	(delta): 6.85487e-05
Summary: 
Converged in 99 iterations (63.223 sec)
Loglikelihood: -234637.994082
Fst divergences between estimated populations: 
	Pop0	Pop1	Pop2	Pop3	Pop4	Pop5	Pop6	Pop7	Pop8	Pop9	Pop10	Pop11	Pop12	Pop13	Pop14	Pop15	Pop16	Pop17	
Pop0	
Pop1	0.286	
Pop2	0.327	0.383	
Pop3	0.253	0.290	0.367	
Pop4	0.338	0.379	0.348	0.374	
Pop5	0.350	0.393	0.301	0.395	0.380	
Pop6	0.318	0.352	0.354	0.373	0.315	0.393	
Pop7	0.345	0.397	0.270	0.384	0.352	0.299	0.362	
Pop8	0.397	0.459	0.474	0.425	0.510	0.498	0.497	0.497	
Pop9	0.280	0.343	0.288	0.330	0.331	0.281	0.366	0.285	0.446	
Pop10	0.324	0.369	0.372	0.380	0.387	0.399	0.291	0.381	0.495	0.383	
Pop11	0.308	0.381	0.434	0.373	0.448	0.469	0.410	0.466	0.501	0.407	0.423	
Pop12	0.302	0.358	0.339	0.369	0.322	0.371	0.217	0.334	0.477	0.319	0.312	0.406	
Pop13	0.330	0.382	0.444	0.354	0.453	0.475	0.416	0.476	0.497	0.437	0.421	0.349	0.412	
Pop14	0.304	0.349	0.243	0.353	0.324	0.264	0.324	0.248	0.450	0.240	0.346	0.422	0.303	0.436	
Pop15	0.483	0.520	0.545	0.544	0.550	0.580	0.459	0.554	0.666	0.544	0.458	0.596	0.480	0.595	0.514	
Pop16	0.310	0.362	0.253	0.344	0.340	0.311	0.325	0.287	0.422	0.287	0.351	0.419	0.323	0.424	0.253	0.528	
Pop17	0.314	0.372	0.377	0.337	0.419	0.400	0.413	0.409	0.378	0.363	0.413	0.423	0.400	0.422	0.355	0.587	0.341	
Pop18	0.260	0.319	0.234	0.309	0.281	0.260	0.300	0.241	0.392	0.238	0.331	0.377	0.283	0.379	0.173	0.493	0.227	0.313	
CV error (K=19): 0.65419
Writing output files.
