****                   ADMIXTURE Version 1.3.0                  ****
****                    Copyright 2008-2015                     ****
****           David Alexander, Suyash Shringarpure,            ****
****                John  Novembre, Ken Lange                   ****
****                                                            ****
****                 Please cite our paper!                     ****
****   Information at www.genetics.ucla.edu/software/admixture  ****

Parallel execution requested.  Will use 2 threads.
Cross-validation will be performed.  Folds=5.
Random seed: 43
Point estimation method: Block relaxation algorithm
Convergence acceleration algorithm: QuasiNewton, 3 secant conditions
Point estimation will terminate when objective function delta < 0.0001
Estimation of standard errors disabled; will compute point estimates only.
Size of G: 315x2370
Performing five EM steps to prime main algorithm
1 (EM) 	Elapsed: 0.42	Loglikelihood: -367267	(delta): 561746
2 (EM) 	Elapsed: 0.25	Loglikelihood: -345129	(delta): 22138
3 (EM) 	Elapsed: 0.214	Loglikelihood: -341592	(delta): 3537.55
4 (EM) 	Elapsed: 0.225	Loglikelihood: -339529	(delta): 2063.11
5 (EM) 	Elapsed: 0.214	Loglikelihood: -337925	(delta): 1603.94
Initial loglikelihood: -337925
Starting main algorithm
1 (QN/Block) 	Elapsed: 0.622	Loglikelihood: -309961	(delta): 27963.9
2 (QN/Block) 	Elapsed: 0.625	Loglikelihood: -299303	(delta): 10657.9
3 (QN/Block) 	Elapsed: 0.659	Loglikelihood: -294428	(delta): 4875.31
4 (QN/Block) 	Elapsed: 0.648	Loglikelihood: -292088	(delta): 2339.99
5 (QN/Block) 	Elapsed: 0.643	Loglikelihood: -291227	(delta): 861.137
6 (QN/Block) 	Elapsed: 0.644	Loglikelihood: -290772	(delta): 454.786
7 (QN/Block) 	Elapsed: 0.613	Loglikelihood: -290573	(delta): 198.693
8 (QN/Block) 	Elapsed: 0.621	Loglikelihood: -290496	(delta): 76.7635
9 (QN/Block) 	Elapsed: 0.549	Loglikelihood: -290461	(delta): 35.5331
10 (QN/Block) 	Elapsed: 0.569	Loglikelihood: -290445	(delta): 16.3708
11 (QN/Block) 	Elapsed: 0.554	Loglikelihood: -290435	(delta): 9.68754
12 (QN/Block) 	Elapsed: 0.534	Loglikelihood: -290425	(delta): 10.0744
13 (QN/Block) 	Elapsed: 0.574	Loglikelihood: -290421	(delta): 3.98493
14 (QN/Block) 	Elapsed: 0.608	Loglikelihood: -290417	(delta): 3.58084
15 (QN/Block) 	Elapsed: 0.622	Loglikelihood: -290416	(delta): 1.55482
16 (QN/Block) 	Elapsed: 0.58	Loglikelihood: -290415	(delta): 0.600104
17 (QN/Block) 	Elapsed: 0.545	Loglikelihood: -290415	(delta): 0.555087
18 (QN/Block) 	Elapsed: 0.581	Loglikelihood: -290414	(delta): 0.185496
19 (QN/Block) 	Elapsed: 0.597	Loglikelihood: -290414	(delta): 0.187286
20 (QN/Block) 	Elapsed: 0.507	Loglikelihood: -290414	(delta): 0.140681
21 (QN/Block) 	Elapsed: 0.578	Loglikelihood: -290414	(delta): 0.129211
22 (QN/Block) 	Elapsed: 0.557	Loglikelihood: -290414	(delta): 0.108909
23 (QN/Block) 	Elapsed: 0.545	Loglikelihood: -290414	(delta): 0.218228
24 (QN/Block) 	Elapsed: 0.529	Loglikelihood: -290413	(delta): 0.242593
25 (QN/Block) 	Elapsed: 0.627	Loglikelihood: -290413	(delta): 0.207996
26 (QN/Block) 	Elapsed: 0.601	Loglikelihood: -290413	(delta): 0.507131
27 (QN/Block) 	Elapsed: 0.57	Loglikelihood: -290412	(delta): 0.521275
28 (QN/Block) 	Elapsed: 0.51	Loglikelihood: -290411	(delta): 0.630197
29 (QN/Block) 	Elapsed: 0.581	Loglikelihood: -290411	(delta): 0.488219
30 (QN/Block) 	Elapsed: 0.501	Loglikelihood: -290411	(delta): 0.223262
31 (QN/Block) 	Elapsed: 0.49	Loglikelihood: -290411	(delta): 0.0655297
32 (QN/Block) 	Elapsed: 0.482	Loglikelihood: -290411	(delta): 0.00803473
33 (QN/Block) 	Elapsed: 0.459	Loglikelihood: -290411	(delta): 0.00110556
34 (QN/Block) 	Elapsed: 0.527	Loglikelihood: -290411	(delta): 0.000495496
35 (QN/Block) 	Elapsed: 0.526	Loglikelihood: -290411	(delta): 0.00018846
36 (QN/Block) 	Elapsed: 0.512	Loglikelihood: -290411	(delta): 0.00035239
37 (QN/Block) 	Elapsed: 0.487	Loglikelihood: -290411	(delta): 5.48608e-05
Summary: 
Converged in 37 iterations (22.877 sec)
Loglikelihood: -290410.680413
Fst divergences between estimated populations: 
	Pop0	Pop1	Pop2	Pop3	Pop4	Pop5	Pop6	Pop7	Pop8	
Pop0	
Pop1	0.340	
Pop2	0.297	0.338	
Pop3	0.229	0.299	0.211	
Pop4	0.260	0.307	0.143	0.169	
Pop5	0.298	0.336	0.186	0.242	0.210	
Pop6	0.208	0.266	0.197	0.148	0.174	0.205	
Pop7	0.273	0.318	0.166	0.204	0.185	0.094	0.186	
Pop8	0.256	0.314	0.111	0.174	0.118	0.187	0.165	0.163	
Pop9	0.305	0.337	0.147	0.228	0.180	0.234	0.206	0.216	0.163	
CV error (K=10): 0.41565
Writing output files.
