****                   ADMIXTURE Version 1.3.0                  ****
****                    Copyright 2008-2015                     ****
****           David Alexander, Suyash Shringarpure,            ****
****                John  Novembre, Ken Lange                   ****
****                                                            ****
****                 Please cite our paper!                     ****
****   Information at www.genetics.ucla.edu/software/admixture  ****

Parallel execution requested.  Will use 2 threads.
Cross-validation will be performed.  Folds=5.
Random seed: 43
Point estimation method: Block relaxation algorithm
Convergence acceleration algorithm: QuasiNewton, 3 secant conditions
Point estimation will terminate when objective function delta < 0.0001
Estimation of standard errors disabled; will compute point estimates only.
Size of G: 315x1015
Performing five EM steps to prime main algorithm
1 (EM) 	Elapsed: 0.009	Loglikelihood: -243324	(delta): 321894
2 (EM) 	Elapsed: 0.009	Loglikelihood: -243324	(delta): 0
3 (EM) 	Elapsed: 0.009	Loglikelihood: -243324	(delta): 0
4 (EM) 	Elapsed: 0.009	Loglikelihood: -243324	(delta): 0
5 (EM) 	Elapsed: 0.009	Loglikelihood: -243324	(delta): 0
Initial loglikelihood: -243324
Starting main algorithm
1 (QN/Block) 	Elapsed: 0.037	Loglikelihood: -243324	(delta): 0
Summary: 
Converged in 1 iterations (0.107 sec)
Loglikelihood: -243323.636380
CV error (K=1): 0.65719
Writing output files.
