****                   ADMIXTURE Version 1.3.0                  ****
****                    Copyright 2008-2015                     ****
****           David Alexander, Suyash Shringarpure,            ****
****                John  Novembre, Ken Lange                   ****
****                                                            ****
****                 Please cite our paper!                     ****
****   Information at www.genetics.ucla.edu/software/admixture  ****

Parallel execution requested.  Will use 2 threads.
Cross-validation will be performed.  Folds=5.
Random seed: 43
Point estimation method: Block relaxation algorithm
Convergence acceleration algorithm: QuasiNewton, 3 secant conditions
Point estimation will terminate when objective function delta < 0.0001
Estimation of standard errors disabled; will compute point estimates only.
Size of G: 315x2370
Performing five EM steps to prime main algorithm
1 (EM) 	Elapsed: 0.133	Loglikelihood: -366712	(delta): 626795
2 (EM) 	Elapsed: 0.163	Loglikelihood: -346812	(delta): 19900.4
3 (EM) 	Elapsed: 0.167	Loglikelihood: -343083	(delta): 3728.67
4 (EM) 	Elapsed: 0.12	Loglikelihood: -341043	(delta): 2040.54
5 (EM) 	Elapsed: 0.072	Loglikelihood: -339658	(delta): 1384.22
Initial loglikelihood: -339658
Starting main algorithm
1 (QN/Block) 	Elapsed: 0.221	Loglikelihood: -326544	(delta): 13113.9
2 (QN/Block) 	Elapsed: 0.227	Loglikelihood: -315063	(delta): 11481.2
3 (QN/Block) 	Elapsed: 0.237	Loglikelihood: -312664	(delta): 2399.31
4 (QN/Block) 	Elapsed: 0.246	Loglikelihood: -311509	(delta): 1155.2
5 (QN/Block) 	Elapsed: 0.254	Loglikelihood: -310765	(delta): 743.992
6 (QN/Block) 	Elapsed: 0.252	Loglikelihood: -310506	(delta): 258.388
7 (QN/Block) 	Elapsed: 0.264	Loglikelihood: -310397	(delta): 109.21
8 (QN/Block) 	Elapsed: 0.246	Loglikelihood: -310318	(delta): 78.5772
9 (QN/Block) 	Elapsed: 0.244	Loglikelihood: -310276	(delta): 42.55
10 (QN/Block) 	Elapsed: 0.241	Loglikelihood: -310242	(delta): 33.7458
11 (QN/Block) 	Elapsed: 0.246	Loglikelihood: -310224	(delta): 18.4204
12 (QN/Block) 	Elapsed: 0.25	Loglikelihood: -310200	(delta): 23.5201
13 (QN/Block) 	Elapsed: 0.215	Loglikelihood: -310187	(delta): 12.7551
14 (QN/Block) 	Elapsed: 0.18	Loglikelihood: -310179	(delta): 8.7511
15 (QN/Block) 	Elapsed: 0.189	Loglikelihood: -310174	(delta): 4.80519
16 (QN/Block) 	Elapsed: 0.205	Loglikelihood: -310125	(delta): 49.3625
17 (QN/Block) 	Elapsed: 0.254	Loglikelihood: -310063	(delta): 61.6724
18 (QN/Block) 	Elapsed: 0.271	Loglikelihood: -310023	(delta): 39.6135
19 (QN/Block) 	Elapsed: 0.247	Loglikelihood: -310004	(delta): 19.0305
20 (QN/Block) 	Elapsed: 0.252	Loglikelihood: -309995	(delta): 8.9228
21 (QN/Block) 	Elapsed: 0.235	Loglikelihood: -309992	(delta): 3.54437
22 (QN/Block) 	Elapsed: 0.226	Loglikelihood: -309983	(delta): 8.74442
23 (QN/Block) 	Elapsed: 0.239	Loglikelihood: -309971	(delta): 11.5785
24 (QN/Block) 	Elapsed: 0.225	Loglikelihood: -309960	(delta): 11.1364
25 (QN/Block) 	Elapsed: 0.239	Loglikelihood: -309949	(delta): 10.8846
26 (QN/Block) 	Elapsed: 0.23	Loglikelihood: -309942	(delta): 7.61457
27 (QN/Block) 	Elapsed: 0.223	Loglikelihood: -309936	(delta): 5.91254
28 (QN/Block) 	Elapsed: 0.227	Loglikelihood: -309930	(delta): 5.42414
29 (QN/Block) 	Elapsed: 0.217	Loglikelihood: -309925	(delta): 5.41657
30 (QN/Block) 	Elapsed: 0.216	Loglikelihood: -309922	(delta): 3.09523
31 (QN/Block) 	Elapsed: 0.225	Loglikelihood: -309919	(delta): 2.70283
32 (QN/Block) 	Elapsed: 0.233	Loglikelihood: -309915	(delta): 4.57615
33 (QN/Block) 	Elapsed: 0.25	Loglikelihood: -309912	(delta): 2.84411
34 (QN/Block) 	Elapsed: 0.209	Loglikelihood: -309905	(delta): 6.43016
35 (QN/Block) 	Elapsed: 0.212	Loglikelihood: -309899	(delta): 6.04086
36 (QN/Block) 	Elapsed: 0.205	Loglikelihood: -309887	(delta): 12.3324
37 (QN/Block) 	Elapsed: 0.229	Loglikelihood: -309879	(delta): 7.51708
38 (QN/Block) 	Elapsed: 0.236	Loglikelihood: -309871	(delta): 8.55177
39 (QN/Block) 	Elapsed: 0.254	Loglikelihood: -309861	(delta): 10.0562
40 (QN/Block) 	Elapsed: 0.242	Loglikelihood: -309850	(delta): 11.2213
41 (QN/Block) 	Elapsed: 0.26	Loglikelihood: -309834	(delta): 15.411
42 (QN/Block) 	Elapsed: 0.262	Loglikelihood: -309809	(delta): 25.4518
43 (QN/Block) 	Elapsed: 0.251	Loglikelihood: -309763	(delta): 45.9681
44 (QN/Block) 	Elapsed: 0.22	Loglikelihood: -309690	(delta): 72.6214
45 (QN/Block) 	Elapsed: 0.226	Loglikelihood: -309622	(delta): 68.0045
46 (QN/Block) 	Elapsed: 0.234	Loglikelihood: -309567	(delta): 54.9808
47 (QN/Block) 	Elapsed: 0.238	Loglikelihood: -309554	(delta): 13.2792
48 (QN/Block) 	Elapsed: 0.218	Loglikelihood: -309549	(delta): 5.01495
49 (QN/Block) 	Elapsed: 0.221	Loglikelihood: -309547	(delta): 1.46755
50 (QN/Block) 	Elapsed: 0.223	Loglikelihood: -309547	(delta): 0.441792
51 (QN/Block) 	Elapsed: 0.225	Loglikelihood: -309547	(delta): 0.108496
52 (QN/Block) 	Elapsed: 0.228	Loglikelihood: -309547	(delta): 0.0354975
53 (QN/Block) 	Elapsed: 0.219	Loglikelihood: -309547	(delta): 0.00714663
54 (QN/Block) 	Elapsed: 0.212	Loglikelihood: -309547	(delta): 0.00803198
55 (QN/Block) 	Elapsed: 0.204	Loglikelihood: -309547	(delta): 0.00308477
56 (QN/Block) 	Elapsed: 0.216	Loglikelihood: -309547	(delta): 0.00333885
57 (QN/Block) 	Elapsed: 0.187	Loglikelihood: -309547	(delta): 0.000439807
58 (QN/Block) 	Elapsed: 0.189	Loglikelihood: -309547	(delta): 0.000635841
59 (QN/Block) 	Elapsed: 0.196	Loglikelihood: -309547	(delta): 0.000146321
60 (QN/Block) 	Elapsed: 0.179	Loglikelihood: -309547	(delta): 7.24053e-05
Summary: 
Converged in 60 iterations (14.965 sec)
Loglikelihood: -309546.842555
Fst divergences between estimated populations: 
	Pop0	Pop1	Pop2	
Pop0	
Pop1	0.171	
Pop2	0.178	0.238	
Pop3	0.136	0.205	0.146	
CV error (K=4): 0.39067
Writing output files.
