****                   ADMIXTURE Version 1.3.0                  ****
****                    Copyright 2008-2015                     ****
****           David Alexander, Suyash Shringarpure,            ****
****                John  Novembre, Ken Lange                   ****
****                                                            ****
****                 Please cite our paper!                     ****
****   Information at www.genetics.ucla.edu/software/admixture  ****

Parallel execution requested.  Will use 2 threads.
Cross-validation will be performed.  Folds=5.
Random seed: 43
Point estimation method: Block relaxation algorithm
Convergence acceleration algorithm: QuasiNewton, 3 secant conditions
Point estimation will terminate when objective function delta < 0.0001
Estimation of standard errors disabled; will compute point estimates only.
Size of G: 315x1015
Performing five EM steps to prime main algorithm
1 (EM) 	Elapsed: 0.043	Loglikelihood: -257730	(delta): 160892
2 (EM) 	Elapsed: 0.034	Loglikelihood: -248084	(delta): 9645.59
3 (EM) 	Elapsed: 0.035	Loglikelihood: -245861	(delta): 2223
4 (EM) 	Elapsed: 0.034	Loglikelihood: -244578	(delta): 1283.18
5 (EM) 	Elapsed: 0.037	Loglikelihood: -243639	(delta): 938.486
Initial loglikelihood: -243639
Starting main algorithm
1 (QN/Block) 	Elapsed: 0.103	Loglikelihood: -226850	(delta): 16789.7
2 (QN/Block) 	Elapsed: 0.101	Loglikelihood: -220572	(delta): 6277.64
3 (QN/Block) 	Elapsed: 0.11	Loglikelihood: -219114	(delta): 1458.13
4 (QN/Block) 	Elapsed: 0.119	Loglikelihood: -218198	(delta): 916.035
5 (QN/Block) 	Elapsed: 0.101	Loglikelihood: -217726	(delta): 471.699
6 (QN/Block) 	Elapsed: 0.103	Loglikelihood: -217260	(delta): 465.668
7 (QN/Block) 	Elapsed: 0.104	Loglikelihood: -216746	(delta): 514.133
8 (QN/Block) 	Elapsed: 0.152	Loglikelihood: -216263	(delta): 483.228
9 (QN/Block) 	Elapsed: 0.186	Loglikelihood: -216024	(delta): 239.409
10 (QN/Block) 	Elapsed: 0.19	Loglikelihood: -215927	(delta): 96.3003
11 (QN/Block) 	Elapsed: 0.151	Loglikelihood: -215768	(delta): 159.664
12 (QN/Block) 	Elapsed: 0.149	Loglikelihood: -215584	(delta): 183.51
13 (QN/Block) 	Elapsed: 0.152	Loglikelihood: -215435	(delta): 149.325
14 (QN/Block) 	Elapsed: 0.151	Loglikelihood: -215342	(delta): 92.7073
15 (QN/Block) 	Elapsed: 0.16	Loglikelihood: -215317	(delta): 25.3353
16 (QN/Block) 	Elapsed: 0.156	Loglikelihood: -215306	(delta): 10.7577
17 (QN/Block) 	Elapsed: 0.149	Loglikelihood: -215300	(delta): 6.09442
18 (QN/Block) 	Elapsed: 0.156	Loglikelihood: -215295	(delta): 4.51856
19 (QN/Block) 	Elapsed: 0.179	Loglikelihood: -215291	(delta): 3.98146
20 (QN/Block) 	Elapsed: 0.157	Loglikelihood: -215287	(delta): 4.18627
21 (QN/Block) 	Elapsed: 0.171	Loglikelihood: -215285	(delta): 1.83921
22 (QN/Block) 	Elapsed: 0.181	Loglikelihood: -215284	(delta): 0.977549
23 (QN/Block) 	Elapsed: 0.165	Loglikelihood: -215284	(delta): 0.627719
24 (QN/Block) 	Elapsed: 0.157	Loglikelihood: -215283	(delta): 0.346657
25 (QN/Block) 	Elapsed: 0.153	Loglikelihood: -215283	(delta): 0.344569
26 (QN/Block) 	Elapsed: 0.179	Loglikelihood: -215283	(delta): 0.11697
27 (QN/Block) 	Elapsed: 0.161	Loglikelihood: -215283	(delta): 0.0392343
28 (QN/Block) 	Elapsed: 0.175	Loglikelihood: -215283	(delta): 0.0398332
29 (QN/Block) 	Elapsed: 0.178	Loglikelihood: -215283	(delta): 0.0267409
30 (QN/Block) 	Elapsed: 0.176	Loglikelihood: -215283	(delta): 0.0132975
31 (QN/Block) 	Elapsed: 0.168	Loglikelihood: -215283	(delta): 0.00731624
32 (QN/Block) 	Elapsed: 0.106	Loglikelihood: -215283	(delta): 0.00301619
33 (QN/Block) 	Elapsed: 0.108	Loglikelihood: -215283	(delta): 0.000681365
34 (QN/Block) 	Elapsed: 0.117	Loglikelihood: -215283	(delta): 8.7097e-05
Summary: 
Converged in 34 iterations (5.357 sec)
Loglikelihood: -215282.884828
Fst divergences between estimated populations: 
	Pop0	Pop1	Pop2	Pop3	Pop4	
Pop0	
Pop1	0.179	
Pop2	0.221	0.130	
Pop3	0.194	0.245	0.292	
Pop4	0.190	0.166	0.206	0.241	
Pop5	0.219	0.189	0.206	0.267	0.240	
CV error (K=6): 0.60283
Writing output files.
