****                   ADMIXTURE Version 1.3.0                  ****
****                    Copyright 2008-2015                     ****
****           David Alexander, Suyash Shringarpure,            ****
****                John  Novembre, Ken Lange                   ****
****                                                            ****
****                 Please cite our paper!                     ****
****   Information at www.genetics.ucla.edu/software/admixture  ****

Parallel execution requested.  Will use 2 threads.
Cross-validation will be performed.  Folds=5.
Random seed: 43
Point estimation method: Block relaxation algorithm
Convergence acceleration algorithm: QuasiNewton, 3 secant conditions
Point estimation will terminate when objective function delta < 0.0001
Estimation of standard errors disabled; will compute point estimates only.
Size of G: 308x1017
Performing five EM steps to prime main algorithm
1 (EM) 	Elapsed: 0.122	Loglikelihood: -254177	(delta): 152586
2 (EM) 	Elapsed: 0.119	Loglikelihood: -245025	(delta): 9152.09
3 (EM) 	Elapsed: 0.116	Loglikelihood: -243025	(delta): 2000.4
4 (EM) 	Elapsed: 0.118	Loglikelihood: -241790	(delta): 1234.39
5 (EM) 	Elapsed: 0.118	Loglikelihood: -240818	(delta): 972.461
Initial loglikelihood: -240818
Starting main algorithm
1 (QN/Block) 	Elapsed: 0.339	Loglikelihood: -219754	(delta): 21064.1
2 (QN/Block) 	Elapsed: 0.34	Loglikelihood: -212907	(delta): 6846.44
3 (QN/Block) 	Elapsed: 0.351	Loglikelihood: -210419	(delta): 2488.28
4 (QN/Block) 	Elapsed: 0.37	Loglikelihood: -209334	(delta): 1084.81
5 (QN/Block) 	Elapsed: 0.339	Loglikelihood: -209079	(delta): 255.064
6 (QN/Block) 	Elapsed: 0.358	Loglikelihood: -209002	(delta): 76.8614
7 (QN/Block) 	Elapsed: 0.347	Loglikelihood: -208983	(delta): 19.2967
8 (QN/Block) 	Elapsed: 0.355	Loglikelihood: -208971	(delta): 11.5486
9 (QN/Block) 	Elapsed: 0.353	Loglikelihood: -208965	(delta): 6.76354
10 (QN/Block) 	Elapsed: 0.355	Loglikelihood: -208955	(delta): 9.90651
11 (QN/Block) 	Elapsed: 0.337	Loglikelihood: -208954	(delta): 1.28223
12 (QN/Block) 	Elapsed: 0.359	Loglikelihood: -208953	(delta): 0.515981
13 (QN/Block) 	Elapsed: 0.331	Loglikelihood: -208953	(delta): 0.132057
14 (QN/Block) 	Elapsed: 0.261	Loglikelihood: -208953	(delta): 0.0297663
15 (QN/Block) 	Elapsed: 0.188	Loglikelihood: -208953	(delta): 0.0115231
16 (QN/Block) 	Elapsed: 0.198	Loglikelihood: -208953	(delta): 0.00567013
17 (QN/Block) 	Elapsed: 0.192	Loglikelihood: -208953	(delta): 0.00674626
18 (QN/Block) 	Elapsed: 0.184	Loglikelihood: -208953	(delta): 0.00376397
19 (QN/Block) 	Elapsed: 0.137	Loglikelihood: -208953	(delta): 0.000657428
20 (QN/Block) 	Elapsed: 0.126	Loglikelihood: -208953	(delta): 0.000758333
21 (QN/Block) 	Elapsed: 0.132	Loglikelihood: -208953	(delta): 9.33985e-05
Summary: 
Converged in 21 iterations (6.693 sec)
Loglikelihood: -208952.804001
Fst divergences between estimated populations: 
	Pop0	Pop1	Pop2	Pop3	Pop4	Pop5	Pop6	
Pop0	
Pop1	0.326	
Pop2	0.330	0.220	
Pop3	0.333	0.274	0.302	
Pop4	0.344	0.265	0.251	0.325	
Pop5	0.289	0.199	0.220	0.265	0.238	
Pop6	0.360	0.252	0.212	0.345	0.209	0.239	
Pop7	0.323	0.216	0.170	0.297	0.194	0.199	0.131	
CV error (K=8): 0.60638
Writing output files.
