****                   ADMIXTURE Version 1.3.0                  ****
****                    Copyright 2008-2015                     ****
****           David Alexander, Suyash Shringarpure,            ****
****                John  Novembre, Ken Lange                   ****
****                                                            ****
****                 Please cite our paper!                     ****
****   Information at www.genetics.ucla.edu/software/admixture  ****

Parallel execution requested.  Will use 2 threads.
Cross-validation will be performed.  Folds=5.
Random seed: 43
Point estimation method: Block relaxation algorithm
Convergence acceleration algorithm: QuasiNewton, 3 secant conditions
Point estimation will terminate when objective function delta < 0.0001
Estimation of standard errors disabled; will compute point estimates only.
Size of G: 460x841
Performing five EM steps to prime main algorithm
1 (EM) 	Elapsed: 0.115	Loglikelihood: -308323	(delta): 173052
2 (EM) 	Elapsed: 0.18	Loglikelihood: -297427	(delta): 10896.5
3 (EM) 	Elapsed: 0.137	Loglikelihood: -295184	(delta): 2242.68
4 (EM) 	Elapsed: 0.16	Loglikelihood: -293822	(delta): 1361.98
5 (EM) 	Elapsed: 0.102	Loglikelihood: -292736	(delta): 1085.79
Initial loglikelihood: -292736
Starting main algorithm
1 (QN/Block) 	Elapsed: 0.261	Loglikelihood: -265644	(delta): 27092.4
2 (QN/Block) 	Elapsed: 0.267	Loglikelihood: -257235	(delta): 8408.86
3 (QN/Block) 	Elapsed: 0.284	Loglikelihood: -253150	(delta): 4084.58
4 (QN/Block) 	Elapsed: 0.282	Loglikelihood: -251013	(delta): 2137.78
5 (QN/Block) 	Elapsed: 0.292	Loglikelihood: -249851	(delta): 1161.52
6 (QN/Block) 	Elapsed: 0.275	Loglikelihood: -249466	(delta): 384.952
7 (QN/Block) 	Elapsed: 0.295	Loglikelihood: -249344	(delta): 122.455
8 (QN/Block) 	Elapsed: 0.285	Loglikelihood: -249270	(delta): 73.7018
9 (QN/Block) 	Elapsed: 0.26	Loglikelihood: -249215	(delta): 54.6803
10 (QN/Block) 	Elapsed: 0.295	Loglikelihood: -249160	(delta): 54.9153
11 (QN/Block) 	Elapsed: 0.281	Loglikelihood: -249100	(delta): 59.9897
12 (QN/Block) 	Elapsed: 0.287	Loglikelihood: -248971	(delta): 129.308
13 (QN/Block) 	Elapsed: 0.28	Loglikelihood: -248856	(delta): 114.763
14 (QN/Block) 	Elapsed: 0.3	Loglikelihood: -248810	(delta): 45.8309
15 (QN/Block) 	Elapsed: 0.248	Loglikelihood: -248798	(delta): 11.9224
16 (QN/Block) 	Elapsed: 0.281	Loglikelihood: -248794	(delta): 4.0979
17 (QN/Block) 	Elapsed: 0.282	Loglikelihood: -248791	(delta): 3.11923
18 (QN/Block) 	Elapsed: 0.282	Loglikelihood: -248790	(delta): 1.25998
19 (QN/Block) 	Elapsed: 0.268	Loglikelihood: -248789	(delta): 1.42408
20 (QN/Block) 	Elapsed: 0.263	Loglikelihood: -248788	(delta): 0.649291
21 (QN/Block) 	Elapsed: 0.273	Loglikelihood: -248788	(delta): 0.157041
22 (QN/Block) 	Elapsed: 0.274	Loglikelihood: -248788	(delta): 0.0824094
23 (QN/Block) 	Elapsed: 0.267	Loglikelihood: -248788	(delta): 0.0171345
24 (QN/Block) 	Elapsed: 0.227	Loglikelihood: -248788	(delta): 0.00667479
25 (QN/Block) 	Elapsed: 0.265	Loglikelihood: -248788	(delta): 0.00188249
26 (QN/Block) 	Elapsed: 0.2	Loglikelihood: -248788	(delta): 0.000808794
27 (QN/Block) 	Elapsed: 0.221	Loglikelihood: -248788	(delta): 0.000242744
28 (QN/Block) 	Elapsed: 0.272	Loglikelihood: -248788	(delta): 3.26044e-06
Summary: 
Converged in 28 iterations (8.527 sec)
Loglikelihood: -248787.674654
Fst divergences between estimated populations: 
	Pop0	Pop1	Pop2	Pop3	Pop4	Pop5	Pop6	Pop7	
Pop0	
Pop1	0.288	
Pop2	0.276	0.347	
Pop3	0.294	0.378	0.406	
Pop4	0.263	0.361	0.300	0.355	
Pop5	0.433	0.523	0.484	0.517	0.379	
Pop6	0.234	0.301	0.309	0.310	0.314	0.475	
Pop7	0.246	0.291	0.189	0.348	0.241	0.428	0.278	
Pop8	0.290	0.352	0.199	0.398	0.259	0.452	0.319	0.167	
CV error (K=9): 0.61970
Writing output files.
