****                   ADMIXTURE Version 1.3.0                  ****
****                    Copyright 2008-2015                     ****
****           David Alexander, Suyash Shringarpure,            ****
****                John  Novembre, Ken Lange                   ****
****                                                            ****
****                 Please cite our paper!                     ****
****   Information at www.genetics.ucla.edu/software/admixture  ****

Parallel execution requested.  Will use 2 threads.
Cross-validation will be performed.  Folds=5.
Random seed: 43
Point estimation method: Block relaxation algorithm
Convergence acceleration algorithm: QuasiNewton, 3 secant conditions
Point estimation will terminate when objective function delta < 0.0001
Estimation of standard errors disabled; will compute point estimates only.
Size of G: 731x3863
Performing five EM steps to prime main algorithm
1 (EM) 	Elapsed: 1.873	Loglikelihood: -2.52597e+06	(delta): 1.00287e+06
2 (EM) 	Elapsed: 1.727	Loglikelihood: -2.46021e+06	(delta): 65761.6
3 (EM) 	Elapsed: 1.049	Loglikelihood: -2.44813e+06	(delta): 12084.1
4 (EM) 	Elapsed: 1.048	Loglikelihood: -2.441e+06	(delta): 7127.28
5 (EM) 	Elapsed: 1.069	Loglikelihood: -2.43513e+06	(delta): 5869.81
Initial loglikelihood: -2.43513e+06
Starting main algorithm
1 (QN/Block) 	Elapsed: 2.932	Loglikelihood: -2.14652e+06	(delta): 288607
2 (QN/Block) 	Elapsed: 2.772	Loglikelihood: -2.09022e+06	(delta): 56297.9
3 (QN/Block) 	Elapsed: 2.925	Loglikelihood: -2.07002e+06	(delta): 20203.3
4 (QN/Block) 	Elapsed: 2.922	Loglikelihood: -2.0581e+06	(delta): 11916.5
5 (QN/Block) 	Elapsed: 3.004	Loglikelihood: -2.04999e+06	(delta): 8117.39
6 (QN/Block) 	Elapsed: 2.912	Loglikelihood: -2.04552e+06	(delta): 4468.38
7 (QN/Block) 	Elapsed: 4.394	Loglikelihood: -2.04315e+06	(delta): 2369.16
8 (QN/Block) 	Elapsed: 4.113	Loglikelihood: -2.04138e+06	(delta): 1764.61
9 (QN/Block) 	Elapsed: 2.877	Loglikelihood: -2.04011e+06	(delta): 1277.59
10 (QN/Block) 	Elapsed: 2.966	Loglikelihood: -2.03944e+06	(delta): 661.793
11 (QN/Block) 	Elapsed: 2.866	Loglikelihood: -2.03919e+06	(delta): 250.246
12 (QN/Block) 	Elapsed: 2.871	Loglikelihood: -2.03908e+06	(delta): 113.035
13 (QN/Block) 	Elapsed: 2.922	Loglikelihood: -2.03902e+06	(delta): 58.9881
14 (QN/Block) 	Elapsed: 2.961	Loglikelihood: -2.03899e+06	(delta): 28.5999
15 (QN/Block) 	Elapsed: 2.815	Loglikelihood: -2.03898e+06	(delta): 9.12219
16 (QN/Block) 	Elapsed: 2.947	Loglikelihood: -2.03898e+06	(delta): 3.83896
17 (QN/Block) 	Elapsed: 2.961	Loglikelihood: -2.03898e+06	(delta): 3.42993
18 (QN/Block) 	Elapsed: 3.005	Loglikelihood: -2.03898e+06	(delta): 1.09594
19 (QN/Block) 	Elapsed: 2.927	Loglikelihood: -2.03898e+06	(delta): 0.645731
20 (QN/Block) 	Elapsed: 3.051	Loglikelihood: -2.03897e+06	(delta): 0.787892
21 (QN/Block) 	Elapsed: 3.006	Loglikelihood: -2.03897e+06	(delta): 0.172535
22 (QN/Block) 	Elapsed: 2.894	Loglikelihood: -2.03897e+06	(delta): 0.0763585
23 (QN/Block) 	Elapsed: 3.016	Loglikelihood: -2.03897e+06	(delta): 0.0250791
24 (QN/Block) 	Elapsed: 2.843	Loglikelihood: -2.03897e+06	(delta): 0.0357968
25 (QN/Block) 	Elapsed: 2.657	Loglikelihood: -2.03897e+06	(delta): 0.00440581
26 (QN/Block) 	Elapsed: 2.183	Loglikelihood: -2.03897e+06	(delta): 0.00328149
27 (QN/Block) 	Elapsed: 2.991	Loglikelihood: -2.03897e+06	(delta): 0.00212409
28 (QN/Block) 	Elapsed: 3.045	Loglikelihood: -2.03897e+06	(delta): 0.00109688
29 (QN/Block) 	Elapsed: 2.915	Loglikelihood: -2.03897e+06	(delta): 0.000699678
30 (QN/Block) 	Elapsed: 2.921	Loglikelihood: -2.03897e+06	(delta): 0.000316386
31 (QN/Block) 	Elapsed: 2.833	Loglikelihood: -2.03897e+06	(delta): 0.00174452
32 (QN/Block) 	Elapsed: 2.88	Loglikelihood: -2.03897e+06	(delta): 0.000240003
33 (QN/Block) 	Elapsed: 2.993	Loglikelihood: -2.03897e+06	(delta): 4.86588e-05
Summary: 
Converged in 33 iterations (107.464 sec)
Loglikelihood: -2038974.398605
Fst divergences between estimated populations: 
	Pop0	Pop1	Pop2	Pop3	Pop4	Pop5	Pop6	Pop7	Pop8	Pop9	Pop10	
Pop0	
Pop1	0.178	
Pop2	0.320	0.306	
Pop3	0.203	0.196	0.321	
Pop4	0.257	0.228	0.341	0.220	
Pop5	0.383	0.370	0.340	0.373	0.389	
Pop6	0.447	0.427	0.212	0.450	0.467	0.443	
Pop7	0.242	0.223	0.341	0.224	0.261	0.410	0.467	
Pop8	0.171	0.210	0.331	0.227	0.264	0.389	0.454	0.255	
Pop9	0.231	0.209	0.359	0.226	0.245	0.431	0.484	0.154	0.244	
Pop10	0.291	0.280	0.402	0.294	0.324	0.445	0.525	0.305	0.305	0.289	
Pop11	0.165	0.142	0.296	0.156	0.203	0.352	0.427	0.164	0.188	0.150	0.238	
CV error (K=12): 0.64556
Writing output files.
