****                   ADMIXTURE Version 1.3.0                  ****
****                    Copyright 2008-2015                     ****
****           David Alexander, Suyash Shringarpure,            ****
****                John  Novembre, Ken Lange                   ****
****                                                            ****
****                 Please cite our paper!                     ****
****   Information at www.genetics.ucla.edu/software/admixture  ****

Parallel execution requested.  Will use 2 threads.
Cross-validation will be performed.  Folds=5.
Random seed: 43
Point estimation method: Block relaxation algorithm
Convergence acceleration algorithm: QuasiNewton, 3 secant conditions
Point estimation will terminate when objective function delta < 0.0001
Estimation of standard errors disabled; will compute point estimates only.
Size of G: 732x8587
Performing five EM steps to prime main algorithm
1 (EM) 	Elapsed: 7.468	Loglikelihood: -3.42064e+06	(delta): 4.14917e+06
2 (EM) 	Elapsed: 6.26	Loglikelihood: -3.25151e+06	(delta): 169130
3 (EM) 	Elapsed: 4.615	Loglikelihood: -3.23069e+06	(delta): 20825.3
4 (EM) 	Elapsed: 4.512	Loglikelihood: -3.21957e+06	(delta): 11116.6
5 (EM) 	Elapsed: 4.497	Loglikelihood: -3.21042e+06	(delta): 9153.88
Initial loglikelihood: -3.21042e+06
Starting main algorithm
1 (QN/Block) 	Elapsed: 15.13	Loglikelihood: -2.84041e+06	(delta): 370004
2 (QN/Block) 	Elapsed: 12.67	Loglikelihood: -2.74395e+06	(delta): 96464.2
3 (QN/Block) 	Elapsed: 12.512	Loglikelihood: -2.69171e+06	(delta): 52240.1
4 (QN/Block) 	Elapsed: 12.512	Loglikelihood: -2.6597e+06	(delta): 32011.4
5 (QN/Block) 	Elapsed: 12.554	Loglikelihood: -2.64369e+06	(delta): 16004.7
6 (QN/Block) 	Elapsed: 10.939	Loglikelihood: -2.63626e+06	(delta): 7431.98
7 (QN/Block) 	Elapsed: 10.885	Loglikelihood: -2.63241e+06	(delta): 3844.95
8 (QN/Block) 	Elapsed: 11.436	Loglikelihood: -2.6307e+06	(delta): 1710.09
9 (QN/Block) 	Elapsed: 10.782	Loglikelihood: -2.62922e+06	(delta): 1487.4
10 (QN/Block) 	Elapsed: 10.418	Loglikelihood: -2.62823e+06	(delta): 983.498
11 (QN/Block) 	Elapsed: 10.72	Loglikelihood: -2.62765e+06	(delta): 579.003
12 (QN/Block) 	Elapsed: 11.271	Loglikelihood: -2.6274e+06	(delta): 253.754
13 (QN/Block) 	Elapsed: 10.161	Loglikelihood: -2.62728e+06	(delta): 118.746
14 (QN/Block) 	Elapsed: 9.594	Loglikelihood: -2.62719e+06	(delta): 88.7655
15 (QN/Block) 	Elapsed: 8.602	Loglikelihood: -2.62714e+06	(delta): 54.7993
16 (QN/Block) 	Elapsed: 7.524	Loglikelihood: -2.62706e+06	(delta): 75.1833
17 (QN/Block) 	Elapsed: 10.279	Loglikelihood: -2.62691e+06	(delta): 152.672
18 (QN/Block) 	Elapsed: 11.41	Loglikelihood: -2.62674e+06	(delta): 167.563
19 (QN/Block) 	Elapsed: 11.327	Loglikelihood: -2.62663e+06	(delta): 114.315
20 (QN/Block) 	Elapsed: 11.358	Loglikelihood: -2.62659e+06	(delta): 34.7719
21 (QN/Block) 	Elapsed: 9.544	Loglikelihood: -2.62659e+06	(delta): 7.86869
22 (QN/Block) 	Elapsed: 10.876	Loglikelihood: -2.62658e+06	(delta): 6.77541
23 (QN/Block) 	Elapsed: 11.134	Loglikelihood: -2.62657e+06	(delta): 9.55129
24 (QN/Block) 	Elapsed: 11.114	Loglikelihood: -2.62656e+06	(delta): 14.265
25 (QN/Block) 	Elapsed: 11.324	Loglikelihood: -2.62651e+06	(delta): 44.1311
26 (QN/Block) 	Elapsed: 10.611	Loglikelihood: -2.62641e+06	(delta): 97.0956
27 (QN/Block) 	Elapsed: 7.632	Loglikelihood: -2.62623e+06	(delta): 180.048
28 (QN/Block) 	Elapsed: 7.73	Loglikelihood: -2.62605e+06	(delta): 189.342
29 (QN/Block) 	Elapsed: 8.885	Loglikelihood: -2.62593e+06	(delta): 114.056
30 (QN/Block) 	Elapsed: 8.759	Loglikelihood: -2.62586e+06	(delta): 73.3549
31 (QN/Block) 	Elapsed: 7.177	Loglikelihood: -2.62578e+06	(delta): 77.1516
32 (QN/Block) 	Elapsed: 7.032	Loglikelihood: -2.62572e+06	(delta): 56.9955
33 (QN/Block) 	Elapsed: 7.028	Loglikelihood: -2.62569e+06	(delta): 37.7547
34 (QN/Block) 	Elapsed: 7.009	Loglikelihood: -2.62567e+06	(delta): 16.7027
35 (QN/Block) 	Elapsed: 7.017	Loglikelihood: -2.62566e+06	(delta): 6.77727
36 (QN/Block) 	Elapsed: 7.93	Loglikelihood: -2.62566e+06	(delta): 1.54623
37 (QN/Block) 	Elapsed: 7.006	Loglikelihood: -2.62566e+06	(delta): 0.464971
38 (QN/Block) 	Elapsed: 7.34	Loglikelihood: -2.62566e+06	(delta): 0.150179
39 (QN/Block) 	Elapsed: 7.022	Loglikelihood: -2.62566e+06	(delta): 0.0531697
40 (QN/Block) 	Elapsed: 7.314	Loglikelihood: -2.62566e+06	(delta): 0.0163386
41 (QN/Block) 	Elapsed: 7.293	Loglikelihood: -2.62566e+06	(delta): 0.0120911
42 (QN/Block) 	Elapsed: 7.277	Loglikelihood: -2.62566e+06	(delta): 0.00856763
43 (QN/Block) 	Elapsed: 7.27	Loglikelihood: -2.62566e+06	(delta): 0.00731379
44 (QN/Block) 	Elapsed: 7.33	Loglikelihood: -2.62566e+06	(delta): 0.00654971
45 (QN/Block) 	Elapsed: 7.297	Loglikelihood: -2.62566e+06	(delta): 0.00551309
46 (QN/Block) 	Elapsed: 7.427	Loglikelihood: -2.62566e+06	(delta): 0.00498263
47 (QN/Block) 	Elapsed: 7.103	Loglikelihood: -2.62566e+06	(delta): 0.00475543
48 (QN/Block) 	Elapsed: 7.16	Loglikelihood: -2.62566e+06	(delta): 0.00473858
49 (QN/Block) 	Elapsed: 7.149	Loglikelihood: -2.62566e+06	(delta): 0.00487356
50 (QN/Block) 	Elapsed: 7.118	Loglikelihood: -2.62566e+06	(delta): 0.00511203
51 (QN/Block) 	Elapsed: 7.128	Loglikelihood: -2.62566e+06	(delta): 0.00538674
52 (QN/Block) 	Elapsed: 7.629	Loglikelihood: -2.62566e+06	(delta): 0.0056271
53 (QN/Block) 	Elapsed: 7.338	Loglikelihood: -2.62566e+06	(delta): 0.00590336
54 (QN/Block) 	Elapsed: 7.066	Loglikelihood: -2.62566e+06	(delta): 0.00619837
55 (QN/Block) 	Elapsed: 7.06	Loglikelihood: -2.62566e+06	(delta): 0.00648628
56 (QN/Block) 	Elapsed: 7.063	Loglikelihood: -2.62566e+06	(delta): 0.00674525
57 (QN/Block) 	Elapsed: 7.099	Loglikelihood: -2.62566e+06	(delta): 0.00698282
58 (QN/Block) 	Elapsed: 7.056	Loglikelihood: -2.62566e+06	(delta): 0.0072178
59 (QN/Block) 	Elapsed: 7.073	Loglikelihood: -2.62566e+06	(delta): 0.00740144
60 (QN/Block) 	Elapsed: 7.111	Loglikelihood: -2.62566e+06	(delta): 0.00706935
61 (QN/Block) 	Elapsed: 7.03	Loglikelihood: -2.62566e+06	(delta): 0.00713609
62 (QN/Block) 	Elapsed: 7.1	Loglikelihood: -2.62566e+06	(delta): 0.0190034
63 (QN/Block) 	Elapsed: 9.966	Loglikelihood: -2.62566e+06	(delta): 0.0173038
64 (QN/Block) 	Elapsed: 10.442	Loglikelihood: -2.62566e+06	(delta): 0.0250371
65 (QN/Block) 	Elapsed: 10.298	Loglikelihood: -2.62566e+06	(delta): 0.00669588
66 (QN/Block) 	Elapsed: 10.421	Loglikelihood: -2.62566e+06	(delta): 0.00145672
67 (QN/Block) 	Elapsed: 10.252	Loglikelihood: -2.62566e+06	(delta): 0.00787385
68 (QN/Block) 	Elapsed: 10.095	Loglikelihood: -2.62566e+06	(delta): 0.00469537
69 (QN/Block) 	Elapsed: 8.583	Loglikelihood: -2.62566e+06	(delta): 0.00060952
70 (QN/Block) 	Elapsed: 6.593	Loglikelihood: -2.62566e+06	(delta): 0.000459669
71 (QN/Block) 	Elapsed: 6.557	Loglikelihood: -2.62566e+06	(delta): 0.000503501
72 (QN/Block) 	Elapsed: 6.575	Loglikelihood: -2.62566e+06	(delta): 4.69233e-05
Summary: 
Converged in 72 iterations (675.628 sec)
Loglikelihood: -2625660.012709
Fst divergences between estimated populations: 
	Pop0	Pop1	Pop2	Pop3	Pop4	Pop5	Pop6	Pop7	Pop8	Pop9	Pop10	Pop11	Pop12	Pop13	Pop14	Pop15	Pop16	Pop17	
Pop0	
Pop1	0.232	
Pop2	0.432	0.319	
Pop3	0.290	0.234	0.452	
Pop4	0.227	0.168	0.372	0.209	
Pop5	0.255	0.206	0.389	0.256	0.182	
Pop6	0.327	0.276	0.466	0.327	0.270	0.309	
Pop7	0.289	0.206	0.305	0.301	0.219	0.245	0.332	
Pop8	0.205	0.140	0.348	0.191	0.114	0.149	0.245	0.192	
Pop9	0.245	0.200	0.390	0.251	0.168	0.150	0.302	0.243	0.133	
Pop10	0.213	0.181	0.375	0.233	0.161	0.191	0.286	0.212	0.130	0.160	
Pop11	0.289	0.228	0.429	0.193	0.211	0.259	0.324	0.287	0.197	0.254	0.234	
Pop12	0.235	0.186	0.393	0.245	0.175	0.206	0.286	0.249	0.143	0.190	0.179	0.249	
Pop13	0.206	0.149	0.366	0.187	0.117	0.168	0.251	0.206	0.080	0.159	0.136	0.197	0.143	
Pop14	0.252	0.193	0.414	0.105	0.169	0.219	0.289	0.262	0.150	0.211	0.193	0.155	0.208	0.146	
Pop15	0.255	0.185	0.396	0.171	0.173	0.221	0.291	0.257	0.149	0.215	0.195	0.192	0.200	0.151	0.126	
Pop16	0.323	0.260	0.455	0.305	0.232	0.273	0.360	0.310	0.210	0.264	0.257	0.300	0.271	0.221	0.261	0.268	
Pop17	0.426	0.325	0.407	0.452	0.375	0.395	0.443	0.364	0.348	0.395	0.382	0.418	0.382	0.365	0.421	0.398	0.446	
Pop18	0.266	0.222	0.422	0.278	0.222	0.258	0.307	0.290	0.200	0.253	0.240	0.281	0.219	0.200	0.241	0.249	0.313	0.407	
CV error (K=19): 0.42971
Writing output files.
