****                   ADMIXTURE Version 1.3.0                  ****
****                    Copyright 2008-2015                     ****
****           David Alexander, Suyash Shringarpure,            ****
****                John  Novembre, Ken Lange                   ****
****                                                            ****
****                 Please cite our paper!                     ****
****   Information at www.genetics.ucla.edu/software/admixture  ****

Parallel execution requested.  Will use 2 threads.
Cross-validation will be performed.  Folds=5.
Random seed: 43
Point estimation method: Block relaxation algorithm
Convergence acceleration algorithm: QuasiNewton, 3 secant conditions
Point estimation will terminate when objective function delta < 0.0001
Estimation of standard errors disabled; will compute point estimates only.
Size of G: 731x3863
Performing five EM steps to prime main algorithm
1 (EM) 	Elapsed: 2.605	Loglikelihood: -2.51673e+06	(delta): 981152
2 (EM) 	Elapsed: 1.753	Loglikelihood: -2.45085e+06	(delta): 65876.1
3 (EM) 	Elapsed: 1.905	Loglikelihood: -2.43999e+06	(delta): 10858.6
4 (EM) 	Elapsed: 1.87	Loglikelihood: -2.43345e+06	(delta): 6544.67
5 (EM) 	Elapsed: 2.242	Loglikelihood: -2.4275e+06	(delta): 5947.58
Initial loglikelihood: -2.4275e+06
Starting main algorithm
1 (QN/Block) 	Elapsed: 6.539	Loglikelihood: -2.11588e+06	(delta): 311620
2 (QN/Block) 	Elapsed: 6.275	Loglikelihood: -2.06291e+06	(delta): 52969.4
3 (QN/Block) 	Elapsed: 6.878	Loglikelihood: -2.03709e+06	(delta): 25822.9
4 (QN/Block) 	Elapsed: 5.635	Loglikelihood: -2.01406e+06	(delta): 23024.1
5 (QN/Block) 	Elapsed: 6.972	Loglikelihood: -2.0035e+06	(delta): 10566.7
6 (QN/Block) 	Elapsed: 6.463	Loglikelihood: -1.99783e+06	(delta): 5669.11
7 (QN/Block) 	Elapsed: 6.819	Loglikelihood: -1.99508e+06	(delta): 2746.06
8 (QN/Block) 	Elapsed: 6.533	Loglikelihood: -1.99387e+06	(delta): 1214.05
9 (QN/Block) 	Elapsed: 6.625	Loglikelihood: -1.99301e+06	(delta): 857.438
10 (QN/Block) 	Elapsed: 6.306	Loglikelihood: -1.99236e+06	(delta): 647.449
11 (QN/Block) 	Elapsed: 5.61	Loglikelihood: -1.99204e+06	(delta): 324.163
12 (QN/Block) 	Elapsed: 5.776	Loglikelihood: -1.99188e+06	(delta): 153.107
13 (QN/Block) 	Elapsed: 6.186	Loglikelihood: -1.99177e+06	(delta): 115.562
14 (QN/Block) 	Elapsed: 5.619	Loglikelihood: -1.99168e+06	(delta): 88.7882
15 (QN/Block) 	Elapsed: 5.682	Loglikelihood: -1.9916e+06	(delta): 75.9571
16 (QN/Block) 	Elapsed: 6.017	Loglikelihood: -1.99151e+06	(delta): 91.0096
17 (QN/Block) 	Elapsed: 5.796	Loglikelihood: -1.99142e+06	(delta): 91.5783
18 (QN/Block) 	Elapsed: 5.157	Loglikelihood: -1.99136e+06	(delta): 60.2495
19 (QN/Block) 	Elapsed: 5.553	Loglikelihood: -1.99134e+06	(delta): 22.2211
20 (QN/Block) 	Elapsed: 5.171	Loglikelihood: -1.99133e+06	(delta): 5.3804
21 (QN/Block) 	Elapsed: 4.27	Loglikelihood: -1.99133e+06	(delta): 1.82148
22 (QN/Block) 	Elapsed: 4.814	Loglikelihood: -1.99133e+06	(delta): 0.460174
23 (QN/Block) 	Elapsed: 5.198	Loglikelihood: -1.99133e+06	(delta): 0.134523
24 (QN/Block) 	Elapsed: 5.542	Loglikelihood: -1.99133e+06	(delta): 0.0718676
25 (QN/Block) 	Elapsed: 4.084	Loglikelihood: -1.99133e+06	(delta): 0.00813243
26 (QN/Block) 	Elapsed: 5.309	Loglikelihood: -1.99133e+06	(delta): 0.00228007
27 (QN/Block) 	Elapsed: 4.631	Loglikelihood: -1.99133e+06	(delta): 0.000216034
28 (QN/Block) 	Elapsed: 3.711	Loglikelihood: -1.99133e+06	(delta): 0.0001789
29 (QN/Block) 	Elapsed: 4.803	Loglikelihood: -1.99133e+06	(delta): 1.15642e-05
Summary: 
Converged in 29 iterations (179.758 sec)
Loglikelihood: -1991331.140981
Fst divergences between estimated populations: 
	Pop0	Pop1	Pop2	Pop3	Pop4	Pop5	Pop6	Pop7	Pop8	Pop9	Pop10	Pop11	Pop12	Pop13	Pop14	Pop15	
Pop0	
Pop1	0.448	
Pop2	0.425	0.371	
Pop3	0.449	0.390	0.172	
Pop4	0.499	0.455	0.218	0.267	
Pop5	0.484	0.453	0.176	0.230	0.162	
Pop6	0.464	0.419	0.194	0.239	0.294	0.258	
Pop7	0.456	0.414	0.156	0.204	0.200	0.133	0.236	
Pop8	0.491	0.438	0.235	0.252	0.309	0.275	0.289	0.258	
Pop9	0.526	0.466	0.244	0.296	0.324	0.297	0.317	0.289	0.351	
Pop10	0.458	0.391	0.201	0.211	0.274	0.239	0.270	0.220	0.257	0.314	
Pop11	0.416	0.377	0.145	0.189	0.241	0.207	0.214	0.186	0.224	0.271	0.221	
Pop12	0.496	0.453	0.218	0.260	0.256	0.190	0.303	0.184	0.321	0.340	0.280	0.249	
Pop13	0.435	0.382	0.110	0.164	0.217	0.170	0.211	0.152	0.232	0.253	0.196	0.145	0.219	
Pop14	0.210	0.347	0.299	0.322	0.380	0.361	0.345	0.333	0.366	0.404	0.332	0.295	0.372	0.305	
Pop15	0.442	0.391	0.154	0.205	0.237	0.203	0.228	0.182	0.258	0.275	0.228	0.178	0.249	0.153	0.317	
Pop16	0.448	0.403	0.165	0.208	0.279	0.239	0.183	0.221	0.268	0.296	0.254	0.172	0.283	0.188	0.324	0.203	
CV error (K=17): 0.64814
Writing output files.
