****                   ADMIXTURE Version 1.3.0                  ****
****                    Copyright 2008-2015                     ****
****           David Alexander, Suyash Shringarpure,            ****
****                John  Novembre, Ken Lange                   ****
****                                                            ****
****                 Please cite our paper!                     ****
****   Information at www.genetics.ucla.edu/software/admixture  ****

Parallel execution requested.  Will use 2 threads.
Cross-validation will be performed.  Folds=5.
Random seed: 43
Point estimation method: Block relaxation algorithm
Convergence acceleration algorithm: QuasiNewton, 3 secant conditions
Point estimation will terminate when objective function delta < 0.0001
Estimation of standard errors disabled; will compute point estimates only.
Size of G: 732x3865
Performing five EM steps to prime main algorithm
1 (EM) 	Elapsed: 1.368	Loglikelihood: -2.53416e+06	(delta): 1.03337e+06
2 (EM) 	Elapsed: 1.335	Loglikelihood: -2.46846e+06	(delta): 65695.1
3 (EM) 	Elapsed: 1.367	Loglikelihood: -2.45533e+06	(delta): 13130.9
4 (EM) 	Elapsed: 1.37	Loglikelihood: -2.44729e+06	(delta): 8041.21
5 (EM) 	Elapsed: 1.168	Loglikelihood: -2.44072e+06	(delta): 6571.5
Initial loglikelihood: -2.44072e+06
Starting main algorithm
1 (QN/Block) 	Elapsed: 2.787	Loglikelihood: -2.16508e+06	(delta): 275642
2 (QN/Block) 	Elapsed: 2.892	Loglikelihood: -2.10928e+06	(delta): 55792.9
3 (QN/Block) 	Elapsed: 2.852	Loglikelihood: -2.0886e+06	(delta): 20686.5
4 (QN/Block) 	Elapsed: 2.744	Loglikelihood: -2.07402e+06	(delta): 14579.6
5 (QN/Block) 	Elapsed: 1.545	Loglikelihood: -2.06917e+06	(delta): 4846.98
6 (QN/Block) 	Elapsed: 1.557	Loglikelihood: -2.06747e+06	(delta): 1699.19
7 (QN/Block) 	Elapsed: 1.636	Loglikelihood: -2.06608e+06	(delta): 1389.23
8 (QN/Block) 	Elapsed: 1.633	Loglikelihood: -2.06549e+06	(delta): 594.473
9 (QN/Block) 	Elapsed: 1.853	Loglikelihood: -2.06466e+06	(delta): 824.513
10 (QN/Block) 	Elapsed: 2.097	Loglikelihood: -2.06399e+06	(delta): 675.011
11 (QN/Block) 	Elapsed: 1.793	Loglikelihood: -2.06346e+06	(delta): 524.196
12 (QN/Block) 	Elapsed: 1.813	Loglikelihood: -2.06287e+06	(delta): 592.095
13 (QN/Block) 	Elapsed: 1.971	Loglikelihood: -2.06258e+06	(delta): 293.598
14 (QN/Block) 	Elapsed: 1.755	Loglikelihood: -2.06238e+06	(delta): 200.304
15 (QN/Block) 	Elapsed: 1.927	Loglikelihood: -2.06174e+06	(delta): 639.143
16 (QN/Block) 	Elapsed: 1.696	Loglikelihood: -2.0613e+06	(delta): 440.691
17 (QN/Block) 	Elapsed: 1.837	Loglikelihood: -2.06096e+06	(delta): 339.806
18 (QN/Block) 	Elapsed: 1.618	Loglikelihood: -2.06075e+06	(delta): 205.422
19 (QN/Block) 	Elapsed: 1.668	Loglikelihood: -2.06069e+06	(delta): 62.8138
20 (QN/Block) 	Elapsed: 1.595	Loglikelihood: -2.06067e+06	(delta): 21.6243
21 (QN/Block) 	Elapsed: 1.951	Loglikelihood: -2.06066e+06	(delta): 8.31219
22 (QN/Block) 	Elapsed: 1.802	Loglikelihood: -2.06066e+06	(delta): 2.16195
23 (QN/Block) 	Elapsed: 1.722	Loglikelihood: -2.06066e+06	(delta): 0.896423
24 (QN/Block) 	Elapsed: 1.717	Loglikelihood: -2.06066e+06	(delta): 0.314125
25 (QN/Block) 	Elapsed: 1.768	Loglikelihood: -2.06066e+06	(delta): 0.0766227
26 (QN/Block) 	Elapsed: 1.687	Loglikelihood: -2.06066e+06	(delta): 0.0325703
27 (QN/Block) 	Elapsed: 1.659	Loglikelihood: -2.06066e+06	(delta): 0.00424192
28 (QN/Block) 	Elapsed: 1.664	Loglikelihood: -2.06066e+06	(delta): 0.00047551
29 (QN/Block) 	Elapsed: 1.579	Loglikelihood: -2.06066e+06	(delta): 8.62731e-05
Summary: 
Converged in 29 iterations (62.845 sec)
Loglikelihood: -2060656.613270
Fst divergences between estimated populations: 
	Pop0	Pop1	Pop2	Pop3	Pop4	Pop5	Pop6	Pop7	Pop8	
Pop0	
Pop1	0.260	
Pop2	0.451	0.447	
Pop3	0.156	0.239	0.463	
Pop4	0.256	0.247	0.432	0.238	
Pop5	0.167	0.193	0.399	0.149	0.186	
Pop6	0.254	0.238	0.419	0.241	0.250	0.187	
Pop7	0.305	0.318	0.506	0.284	0.302	0.236	0.302	
Pop8	0.225	0.220	0.431	0.222	0.224	0.157	0.211	0.291	
Pop9	0.244	0.233	0.427	0.227	0.167	0.164	0.243	0.289	0.202	
CV error (K=10): 0.64560
Writing output files.
