****                   ADMIXTURE Version 1.3.0                  ****
****                    Copyright 2008-2015                     ****
****           David Alexander, Suyash Shringarpure,            ****
****                John  Novembre, Ken Lange                   ****
****                                                            ****
****                 Please cite our paper!                     ****
****   Information at www.genetics.ucla.edu/software/admixture  ****

Parallel execution requested.  Will use 2 threads.
Cross-validation will be performed.  Folds=5.
Random seed: 43
Point estimation method: Block relaxation algorithm
Convergence acceleration algorithm: QuasiNewton, 3 secant conditions
Point estimation will terminate when objective function delta < 0.0001
Estimation of standard errors disabled; will compute point estimates only.
Size of G: 732x3865
Performing five EM steps to prime main algorithm
1 (EM) 	Elapsed: 0.086	Loglikelihood: -2.42742e+06	(delta): 2.46096e+06
2 (EM) 	Elapsed: 0.086	Loglikelihood: -2.42742e+06	(delta): 0
3 (EM) 	Elapsed: 0.081	Loglikelihood: -2.42742e+06	(delta): 0
4 (EM) 	Elapsed: 0.081	Loglikelihood: -2.42742e+06	(delta): 0
5 (EM) 	Elapsed: 0.082	Loglikelihood: -2.42742e+06	(delta): 0
Initial loglikelihood: -2.42742e+06
Starting main algorithm
1 (QN/Block) 	Elapsed: 0.276	Loglikelihood: -2.42742e+06	(delta): 0
Summary: 
Converged in 1 iterations (0.84 sec)
Loglikelihood: -2427415.678676
CV error (K=1): 0.76211
Writing output files.
