****                   ADMIXTURE Version 1.3.0                  ****
****                    Copyright 2008-2015                     ****
****           David Alexander, Suyash Shringarpure,            ****
****                John  Novembre, Ken Lange                   ****
****                                                            ****
****                 Please cite our paper!                     ****
****   Information at www.genetics.ucla.edu/software/admixture  ****

Parallel execution requested.  Will use 2 threads.
Cross-validation will be performed.  Folds=5.
Random seed: 43
Point estimation method: Block relaxation algorithm
Convergence acceleration algorithm: QuasiNewton, 3 secant conditions
Point estimation will terminate when objective function delta < 0.0001
Estimation of standard errors disabled; will compute point estimates only.
Size of G: 732x3865
Performing five EM steps to prime main algorithm
1 (EM) 	Elapsed: 1.638	Loglikelihood: -2.52396e+06	(delta): 985218
2 (EM) 	Elapsed: 1.606	Loglikelihood: -2.45882e+06	(delta): 65137.9
3 (EM) 	Elapsed: 1.569	Loglikelihood: -2.44777e+06	(delta): 11049.9
4 (EM) 	Elapsed: 1.71	Loglikelihood: -2.44128e+06	(delta): 6486.49
5 (EM) 	Elapsed: 1.239	Loglikelihood: -2.43572e+06	(delta): 5559.69
Initial loglikelihood: -2.43572e+06
Starting main algorithm
1 (QN/Block) 	Elapsed: 2.748	Loglikelihood: -2.13076e+06	(delta): 304963
2 (QN/Block) 	Elapsed: 2.521	Loglikelihood: -2.07049e+06	(delta): 60270.4
3 (QN/Block) 	Elapsed: 2.794	Loglikelihood: -2.04456e+06	(delta): 25932
4 (QN/Block) 	Elapsed: 2.749	Loglikelihood: -2.02917e+06	(delta): 15391.5
5 (QN/Block) 	Elapsed: 3.282	Loglikelihood: -2.02297e+06	(delta): 6200.79
6 (QN/Block) 	Elapsed: 4.379	Loglikelihood: -2.01965e+06	(delta): 3313.99
7 (QN/Block) 	Elapsed: 2.857	Loglikelihood: -2.01807e+06	(delta): 1586.83
8 (QN/Block) 	Elapsed: 2.86	Loglikelihood: -2.01668e+06	(delta): 1389.82
9 (QN/Block) 	Elapsed: 2.929	Loglikelihood: -2.0153e+06	(delta): 1376.88
10 (QN/Block) 	Elapsed: 2.73	Loglikelihood: -2.01379e+06	(delta): 1510.43
11 (QN/Block) 	Elapsed: 3.175	Loglikelihood: -2.01239e+06	(delta): 1396.02
12 (QN/Block) 	Elapsed: 3.141	Loglikelihood: -2.01161e+06	(delta): 784.051
13 (QN/Block) 	Elapsed: 3.063	Loglikelihood: -2.01106e+06	(delta): 543.875
14 (QN/Block) 	Elapsed: 2.971	Loglikelihood: -2.01085e+06	(delta): 210.61
15 (QN/Block) 	Elapsed: 3.046	Loglikelihood: -2.01079e+06	(delta): 63.9612
16 (QN/Block) 	Elapsed: 3.402	Loglikelihood: -2.01077e+06	(delta): 24.2703
17 (QN/Block) 	Elapsed: 3.278	Loglikelihood: -2.01076e+06	(delta): 9.411
18 (QN/Block) 	Elapsed: 3.459	Loglikelihood: -2.01075e+06	(delta): 6.19752
19 (QN/Block) 	Elapsed: 3.268	Loglikelihood: -2.01075e+06	(delta): 4.07335
20 (QN/Block) 	Elapsed: 3.484	Loglikelihood: -2.01074e+06	(delta): 3.91634
21 (QN/Block) 	Elapsed: 3.469	Loglikelihood: -2.01074e+06	(delta): 1.65645
22 (QN/Block) 	Elapsed: 3.477	Loglikelihood: -2.01074e+06	(delta): 0.749016
23 (QN/Block) 	Elapsed: 3.227	Loglikelihood: -2.01074e+06	(delta): 0.399283
24 (QN/Block) 	Elapsed: 3.869	Loglikelihood: -2.01074e+06	(delta): 0.145535
25 (QN/Block) 	Elapsed: 2.922	Loglikelihood: -2.01074e+06	(delta): 0.053781
26 (QN/Block) 	Elapsed: 2.919	Loglikelihood: -2.01074e+06	(delta): 0.0316418
27 (QN/Block) 	Elapsed: 3.845	Loglikelihood: -2.01074e+06	(delta): 0.0226008
28 (QN/Block) 	Elapsed: 2.762	Loglikelihood: -2.01074e+06	(delta): 0.0237703
29 (QN/Block) 	Elapsed: 2.699	Loglikelihood: -2.01074e+06	(delta): 0.00103686
30 (QN/Block) 	Elapsed: 2.864	Loglikelihood: -2.01074e+06	(delta): 0.000109914
31 (QN/Block) 	Elapsed: 2.631	Loglikelihood: -2.01074e+06	(delta): 2.98209e-06
Summary: 
Converged in 31 iterations (106.523 sec)
Loglikelihood: -2010739.127646
Fst divergences between estimated populations: 
	Pop0	Pop1	Pop2	Pop3	Pop4	Pop5	Pop6	Pop7	Pop8	Pop9	Pop10	Pop11	Pop12	Pop13	
Pop0	
Pop1	0.271	
Pop2	0.325	0.240	
Pop3	0.311	0.216	0.269	
Pop4	0.315	0.209	0.291	0.263	
Pop5	0.243	0.146	0.210	0.196	0.196	
Pop6	0.467	0.376	0.455	0.388	0.415	0.371	
Pop7	0.296	0.205	0.161	0.232	0.253	0.169	0.453	
Pop8	0.527	0.417	0.499	0.455	0.462	0.426	0.448	0.485	
Pop9	0.311	0.218	0.224	0.249	0.267	0.181	0.431	0.157	0.471	
Pop10	0.404	0.295	0.380	0.330	0.342	0.300	0.348	0.361	0.211	0.347	
Pop11	0.351	0.223	0.308	0.253	0.285	0.234	0.438	0.273	0.492	0.288	0.367	
Pop12	0.295	0.170	0.277	0.248	0.179	0.167	0.402	0.236	0.447	0.250	0.323	0.266	
Pop13	0.296	0.187	0.267	0.208	0.234	0.173	0.390	0.229	0.449	0.228	0.322	0.251	0.206	
Pop14	0.251	0.142	0.214	0.189	0.202	0.110	0.380	0.166	0.434	0.183	0.304	0.228	0.182	0.161	
CV error (K=15): 0.64571
Writing output files.
