****                   ADMIXTURE Version 1.3.0                  ****
****                    Copyright 2008-2015                     ****
****           David Alexander, Suyash Shringarpure,            ****
****                John  Novembre, Ken Lange                   ****
****                                                            ****
****                 Please cite our paper!                     ****
****   Information at www.genetics.ucla.edu/software/admixture  ****

Parallel execution requested.  Will use 2 threads.
Cross-validation will be performed.  Folds=5.
Random seed: 43
Point estimation method: Block relaxation algorithm
Convergence acceleration algorithm: QuasiNewton, 3 secant conditions
Point estimation will terminate when objective function delta < 0.0001
Estimation of standard errors disabled; will compute point estimates only.
Size of G: 732x8587
Performing five EM steps to prime main algorithm
1 (EM) 	Elapsed: 8.509	Loglikelihood: -3.42023e+06	(delta): 4.14423e+06
2 (EM) 	Elapsed: 6.401	Loglikelihood: -3.24937e+06	(delta): 170863
3 (EM) 	Elapsed: 7.823	Loglikelihood: -3.2285e+06	(delta): 20870.6
4 (EM) 	Elapsed: 7.712	Loglikelihood: -3.21747e+06	(delta): 11027.9
5 (EM) 	Elapsed: 4.68	Loglikelihood: -3.20835e+06	(delta): 9118.97
Initial loglikelihood: -3.20835e+06
Starting main algorithm
1 (QN/Block) 	Elapsed: 13.37	Loglikelihood: -2.83972e+06	(delta): 368631
2 (QN/Block) 	Elapsed: 12.886	Loglikelihood: -2.7371e+06	(delta): 102620
3 (QN/Block) 	Elapsed: 13.588	Loglikelihood: -2.68015e+06	(delta): 56951.1
4 (QN/Block) 	Elapsed: 13.294	Loglikelihood: -2.64578e+06	(delta): 34372.4
5 (QN/Block) 	Elapsed: 14.126	Loglikelihood: -2.6283e+06	(delta): 17478.2
6 (QN/Block) 	Elapsed: 12.218	Loglikelihood: -2.62112e+06	(delta): 7172.4
7 (QN/Block) 	Elapsed: 11.737	Loglikelihood: -2.61778e+06	(delta): 3349.17
8 (QN/Block) 	Elapsed: 11.484	Loglikelihood: -2.61666e+06	(delta): 1112.31
9 (QN/Block) 	Elapsed: 11.927	Loglikelihood: -2.61623e+06	(delta): 434.723
10 (QN/Block) 	Elapsed: 11.5	Loglikelihood: -2.61594e+06	(delta): 291.941
11 (QN/Block) 	Elapsed: 11.789	Loglikelihood: -2.61573e+06	(delta): 204.816
12 (QN/Block) 	Elapsed: 10.914	Loglikelihood: -2.61558e+06	(delta): 153.812
13 (QN/Block) 	Elapsed: 10.121	Loglikelihood: -2.61552e+06	(delta): 57.1214
14 (QN/Block) 	Elapsed: 10.626	Loglikelihood: -2.61549e+06	(delta): 27.1936
15 (QN/Block) 	Elapsed: 7.593	Loglikelihood: -2.61548e+06	(delta): 14.4576
16 (QN/Block) 	Elapsed: 7.713	Loglikelihood: -2.61547e+06	(delta): 8.58234
17 (QN/Block) 	Elapsed: 8.521	Loglikelihood: -2.61547e+06	(delta): 4.6488
18 (QN/Block) 	Elapsed: 7.632	Loglikelihood: -2.61546e+06	(delta): 4.34079
19 (QN/Block) 	Elapsed: 7.661	Loglikelihood: -2.61546e+06	(delta): 2.41758
20 (QN/Block) 	Elapsed: 7.666	Loglikelihood: -2.61546e+06	(delta): 1.51103
21 (QN/Block) 	Elapsed: 7.746	Loglikelihood: -2.61546e+06	(delta): 0.862823
22 (QN/Block) 	Elapsed: 7.685	Loglikelihood: -2.61546e+06	(delta): 0.650379
23 (QN/Block) 	Elapsed: 7.72	Loglikelihood: -2.61545e+06	(delta): 1.23139
24 (QN/Block) 	Elapsed: 7.589	Loglikelihood: -2.61545e+06	(delta): 1.21342
25 (QN/Block) 	Elapsed: 7.573	Loglikelihood: -2.61545e+06	(delta): 1.25673
26 (QN/Block) 	Elapsed: 7.886	Loglikelihood: -2.61545e+06	(delta): 1.66169
27 (QN/Block) 	Elapsed: 7.779	Loglikelihood: -2.61544e+06	(delta): 6.77106
28 (QN/Block) 	Elapsed: 8.726	Loglikelihood: -2.61543e+06	(delta): 18.6474
29 (QN/Block) 	Elapsed: 7.762	Loglikelihood: -2.61535e+06	(delta): 79.1863
30 (QN/Block) 	Elapsed: 8.053	Loglikelihood: -2.61528e+06	(delta): 68.3546
31 (QN/Block) 	Elapsed: 7.917	Loglikelihood: -2.61519e+06	(delta): 88.2766
32 (QN/Block) 	Elapsed: 8.061	Loglikelihood: -2.61508e+06	(delta): 104.348
33 (QN/Block) 	Elapsed: 7.998	Loglikelihood: -2.61496e+06	(delta): 124.293
34 (QN/Block) 	Elapsed: 7.954	Loglikelihood: -2.61482e+06	(delta): 136.468
35 (QN/Block) 	Elapsed: 8.051	Loglikelihood: -2.61474e+06	(delta): 79.2505
36 (QN/Block) 	Elapsed: 7.867	Loglikelihood: -2.61471e+06	(delta): 39.9028
37 (QN/Block) 	Elapsed: 7.874	Loglikelihood: -2.61459e+06	(delta): 114.5
38 (QN/Block) 	Elapsed: 7.908	Loglikelihood: -2.61456e+06	(delta): 28.5614
39 (QN/Block) 	Elapsed: 7.766	Loglikelihood: -2.61455e+06	(delta): 7.37345
40 (QN/Block) 	Elapsed: 7.81	Loglikelihood: -2.61455e+06	(delta): 2.48662
41 (QN/Block) 	Elapsed: 7.789	Loglikelihood: -2.61455e+06	(delta): 0.842292
42 (QN/Block) 	Elapsed: 8.441	Loglikelihood: -2.61455e+06	(delta): 0.274747
43 (QN/Block) 	Elapsed: 7.774	Loglikelihood: -2.61455e+06	(delta): 0.126074
44 (QN/Block) 	Elapsed: 7.769	Loglikelihood: -2.61455e+06	(delta): 0.0708853
45 (QN/Block) 	Elapsed: 7.809	Loglikelihood: -2.61455e+06	(delta): 0.141125
46 (QN/Block) 	Elapsed: 7.889	Loglikelihood: -2.61455e+06	(delta): 0.0516689
47 (QN/Block) 	Elapsed: 7.708	Loglikelihood: -2.61455e+06	(delta): 0.0412796
48 (QN/Block) 	Elapsed: 7.792	Loglikelihood: -2.61455e+06	(delta): 0.0465931
49 (QN/Block) 	Elapsed: 7.711	Loglikelihood: -2.61455e+06	(delta): 0.0429978
50 (QN/Block) 	Elapsed: 7.619	Loglikelihood: -2.61455e+06	(delta): 0.0323837
51 (QN/Block) 	Elapsed: 7.612	Loglikelihood: -2.61455e+06	(delta): 0.0186436
52 (QN/Block) 	Elapsed: 7.613	Loglikelihood: -2.61455e+06	(delta): 0.0140655
53 (QN/Block) 	Elapsed: 7.645	Loglikelihood: -2.61455e+06	(delta): 0.00580764
54 (QN/Block) 	Elapsed: 7.602	Loglikelihood: -2.61455e+06	(delta): 0.00183898
55 (QN/Block) 	Elapsed: 7.582	Loglikelihood: -2.61455e+06	(delta): 0.00288626
56 (QN/Block) 	Elapsed: 7.56	Loglikelihood: -2.61455e+06	(delta): 0.00118136
57 (QN/Block) 	Elapsed: 7.617	Loglikelihood: -2.61455e+06	(delta): 0.000856679
58 (QN/Block) 	Elapsed: 7.558	Loglikelihood: -2.61455e+06	(delta): 0.000245243
59 (QN/Block) 	Elapsed: 7.568	Loglikelihood: -2.61455e+06	(delta): 0.000107731
60 (QN/Block) 	Elapsed: 7.613	Loglikelihood: -2.61455e+06	(delta): 7.10767e-05
Summary: 
Converged in 60 iterations (571.488 sec)
Loglikelihood: -2614550.435478
Fst divergences between estimated populations: 
	Pop0	Pop1	Pop2	Pop3	Pop4	Pop5	Pop6	Pop7	Pop8	Pop9	Pop10	Pop11	Pop12	Pop13	Pop14	Pop15	Pop16	Pop17	Pop18	
Pop0	
Pop1	0.199	
Pop2	0.241	0.151	
Pop3	0.313	0.210	0.261	
Pop4	0.257	0.150	0.219	0.273	
Pop5	0.239	0.131	0.194	0.257	0.191	
Pop6	0.219	0.144	0.208	0.271	0.206	0.179	
Pop7	0.280	0.197	0.156	0.300	0.259	0.234	0.249	
Pop8	0.265	0.205	0.253	0.324	0.256	0.213	0.235	0.289	
Pop9	0.222	0.115	0.170	0.233	0.182	0.162	0.175	0.212	0.228	
Pop10	0.199	0.080	0.147	0.220	0.167	0.135	0.142	0.197	0.206	0.117	
Pop11	0.277	0.191	0.105	0.305	0.256	0.233	0.244	0.192	0.290	0.209	0.187	
Pop12	0.277	0.183	0.172	0.303	0.253	0.228	0.235	0.228	0.285	0.198	0.174	0.209	
Pop13	0.280	0.180	0.162	0.297	0.251	0.226	0.229	0.224	0.286	0.207	0.184	0.205	0.212	
Pop14	0.407	0.349	0.422	0.447	0.395	0.382	0.382	0.418	0.426	0.374	0.363	0.452	0.438	0.417	
Pop15	0.222	0.141	0.195	0.261	0.206	0.181	0.187	0.229	0.233	0.168	0.149	0.234	0.228	0.214	0.326	
Pop16	0.289	0.192	0.263	0.310	0.246	0.212	0.249	0.287	0.288	0.219	0.205	0.301	0.292	0.283	0.364	0.206	
Pop17	0.306	0.246	0.290	0.360	0.310	0.286	0.286	0.324	0.327	0.271	0.250	0.327	0.326	0.319	0.444	0.277	0.332	
Pop18	0.422	0.349	0.414	0.455	0.390	0.375	0.394	0.429	0.432	0.372	0.364	0.451	0.437	0.419	0.407	0.319	0.305	0.467	
Pop19	0.252	0.134	0.212	0.264	0.150	0.160	0.190	0.254	0.245	0.168	0.158	0.251	0.246	0.245	0.395	0.200	0.243	0.302	0.390	
CV error (K=20): 0.43222
Writing output files.
