****                   ADMIXTURE Version 1.3.0                  ****
****                    Copyright 2008-2015                     ****
****           David Alexander, Suyash Shringarpure,            ****
****                John  Novembre, Ken Lange                   ****
****                                                            ****
****                 Please cite our paper!                     ****
****   Information at www.genetics.ucla.edu/software/admixture  ****

Parallel execution requested.  Will use 2 threads.
Cross-validation will be performed.  Folds=5.
Random seed: 43
Point estimation method: Block relaxation algorithm
Convergence acceleration algorithm: QuasiNewton, 3 secant conditions
Point estimation will terminate when objective function delta < 0.0001
Estimation of standard errors disabled; will compute point estimates only.
Size of G: 731x3863
Performing five EM steps to prime main algorithm
1 (EM) 	Elapsed: 0.254	Loglikelihood: -2.55052e+06	(delta): 1.41883e+06
2 (EM) 	Elapsed: 0.247	Loglikelihood: -2.47697e+06	(delta): 73558
3 (EM) 	Elapsed: 0.234	Loglikelihood: -2.45502e+06	(delta): 21948.8
4 (EM) 	Elapsed: 0.221	Loglikelihood: -2.44222e+06	(delta): 12801.8
5 (EM) 	Elapsed: 0.219	Loglikelihood: -2.43383e+06	(delta): 8387.17
Initial loglikelihood: -2.43383e+06
Starting main algorithm
1 (QN/Block) 	Elapsed: 0.704	Loglikelihood: -2.24591e+06	(delta): 187916
2 (QN/Block) 	Elapsed: 0.681	Loglikelihood: -2.2183e+06	(delta): 27615.2
3 (QN/Block) 	Elapsed: 0.583	Loglikelihood: -2.19945e+06	(delta): 18852.6
4 (QN/Block) 	Elapsed: 0.577	Loglikelihood: -2.1869e+06	(delta): 12541.5
5 (QN/Block) 	Elapsed: 0.546	Loglikelihood: -2.1832e+06	(delta): 3701.93
6 (QN/Block) 	Elapsed: 0.635	Loglikelihood: -2.18306e+06	(delta): 144.065
7 (QN/Block) 	Elapsed: 0.547	Loglikelihood: -2.18302e+06	(delta): 35.2887
8 (QN/Block) 	Elapsed: 0.576	Loglikelihood: -2.18302e+06	(delta): 6.46245
9 (QN/Block) 	Elapsed: 0.551	Loglikelihood: -2.18301e+06	(delta): 1.42579
10 (QN/Block) 	Elapsed: 0.545	Loglikelihood: -2.18301e+06	(delta): 0.712193
11 (QN/Block) 	Elapsed: 0.546	Loglikelihood: -2.18301e+06	(delta): 0.070921
12 (QN/Block) 	Elapsed: 0.544	Loglikelihood: -2.18301e+06	(delta): 0.0131722
13 (QN/Block) 	Elapsed: 0.618	Loglikelihood: -2.18301e+06	(delta): 0.00117341
14 (QN/Block) 	Elapsed: 0.685	Loglikelihood: -2.18301e+06	(delta): 0.000265442
15 (QN/Block) 	Elapsed: 0.692	Loglikelihood: -2.18301e+06	(delta): 1.47135e-05
Summary: 
Converged in 15 iterations (10.916 sec)
Loglikelihood: -2183013.938952
Fst divergences between estimated populations: 
	Pop0	Pop1	
Pop0	
Pop1	0.428	
Pop2	0.391	0.171	
CV error (K=3): 0.67022
Writing output files.
