****                   ADMIXTURE Version 1.3.0                  ****
****                    Copyright 2008-2015                     ****
****           David Alexander, Suyash Shringarpure,            ****
****                John  Novembre, Ken Lange                   ****
****                                                            ****
****                 Please cite our paper!                     ****
****   Information at www.genetics.ucla.edu/software/admixture  ****

Parallel execution requested.  Will use 2 threads.
Cross-validation will be performed.  Folds=5.
Random seed: 43
Point estimation method: Block relaxation algorithm
Convergence acceleration algorithm: QuasiNewton, 3 secant conditions
Point estimation will terminate when objective function delta < 0.0001
Estimation of standard errors disabled; will compute point estimates only.
Size of G: 732x8587
Performing five EM steps to prime main algorithm
1 (EM) 	Elapsed: 0.572	Loglikelihood: -3.4349e+06	(delta): 4.81846e+06
2 (EM) 	Elapsed: 0.56	Loglikelihood: -3.28755e+06	(delta): 147348
3 (EM) 	Elapsed: 0.56	Loglikelihood: -3.2583e+06	(delta): 29250.4
4 (EM) 	Elapsed: 0.554	Loglikelihood: -3.24164e+06	(delta): 16664.8
5 (EM) 	Elapsed: 0.545	Loglikelihood: -3.23006e+06	(delta): 11576
Initial loglikelihood: -3.23006e+06
Starting main algorithm
1 (QN/Block) 	Elapsed: 1.296	Loglikelihood: -3.06832e+06	(delta): 161746
2 (QN/Block) 	Elapsed: 1.298	Loglikelihood: -2.90992e+06	(delta): 158400
3 (QN/Block) 	Elapsed: 1.445	Loglikelihood: -2.88369e+06	(delta): 26225
4 (QN/Block) 	Elapsed: 1.463	Loglikelihood: -2.87236e+06	(delta): 11330.4
5 (QN/Block) 	Elapsed: 1.456	Loglikelihood: -2.86832e+06	(delta): 4044.34
6 (QN/Block) 	Elapsed: 1.454	Loglikelihood: -2.86666e+06	(delta): 1657.94
7 (QN/Block) 	Elapsed: 1.458	Loglikelihood: -2.86631e+06	(delta): 345.787
8 (QN/Block) 	Elapsed: 1.455	Loglikelihood: -2.86626e+06	(delta): 49.3172
9 (QN/Block) 	Elapsed: 1.436	Loglikelihood: -2.86626e+06	(delta): 6.67606
10 (QN/Block) 	Elapsed: 1.428	Loglikelihood: -2.86625e+06	(delta): 1.37465
11 (QN/Block) 	Elapsed: 1.428	Loglikelihood: -2.86625e+06	(delta): 0.538859
12 (QN/Block) 	Elapsed: 1.427	Loglikelihood: -2.86625e+06	(delta): 0.150991
13 (QN/Block) 	Elapsed: 1.427	Loglikelihood: -2.86625e+06	(delta): 0.032089
14 (QN/Block) 	Elapsed: 1.425	Loglikelihood: -2.86625e+06	(delta): 0.00839378
15 (QN/Block) 	Elapsed: 1.433	Loglikelihood: -2.86625e+06	(delta): 0.00196881
16 (QN/Block) 	Elapsed: 1.423	Loglikelihood: -2.86625e+06	(delta): 0.00119354
17 (QN/Block) 	Elapsed: 1.435	Loglikelihood: -2.86625e+06	(delta): 0.000394247
18 (QN/Block) 	Elapsed: 1.427	Loglikelihood: -2.86625e+06	(delta): 4.36087e-05
Summary: 
Converged in 18 iterations (30.176 sec)
Loglikelihood: -2866253.939463
Fst divergences between estimated populations: 
	Pop0	Pop1	Pop2	
Pop0	
Pop1	0.316	
Pop2	0.123	0.356	
Pop3	0.110	0.376	0.175	
CV error (K=4): 0.41837
Writing output files.
