****                   ADMIXTURE Version 1.3.0                  ****
****                    Copyright 2008-2015                     ****
****           David Alexander, Suyash Shringarpure,            ****
****                John  Novembre, Ken Lange                   ****
****                                                            ****
****                 Please cite our paper!                     ****
****   Information at www.genetics.ucla.edu/software/admixture  ****

Parallel execution requested.  Will use 2 threads.
Cross-validation will be performed.  Folds=5.
Random seed: 43
Point estimation method: Block relaxation algorithm
Convergence acceleration algorithm: QuasiNewton, 3 secant conditions
Point estimation will terminate when objective function delta < 0.0001
Estimation of standard errors disabled; will compute point estimates only.
Size of G: 731x3863
Performing five EM steps to prime main algorithm
1 (EM) 	Elapsed: 0.56	Loglikelihood: -2.54927e+06	(delta): 1.19511e+06
2 (EM) 	Elapsed: 0.375	Loglikelihood: -2.47796e+06	(delta): 71308.5
3 (EM) 	Elapsed: 0.379	Loglikelihood: -2.45908e+06	(delta): 18881.5
4 (EM) 	Elapsed: 0.378	Loglikelihood: -2.44789e+06	(delta): 11183
5 (EM) 	Elapsed: 0.375	Loglikelihood: -2.43984e+06	(delta): 8051.52
Initial loglikelihood: -2.43984e+06
Starting main algorithm
1 (QN/Block) 	Elapsed: 1.129	Loglikelihood: -2.24051e+06	(delta): 199337
2 (QN/Block) 	Elapsed: 1.082	Loglikelihood: -2.1629e+06	(delta): 77608.3
3 (QN/Block) 	Elapsed: 1.155	Loglikelihood: -2.14777e+06	(delta): 15125.2
4 (QN/Block) 	Elapsed: 1.193	Loglikelihood: -2.1357e+06	(delta): 12074.6
5 (QN/Block) 	Elapsed: 1.183	Loglikelihood: -2.13065e+06	(delta): 5052.81
6 (QN/Block) 	Elapsed: 1.154	Loglikelihood: -2.12666e+06	(delta): 3982.08
7 (QN/Block) 	Elapsed: 1.143	Loglikelihood: -2.12507e+06	(delta): 1596.02
8 (QN/Block) 	Elapsed: 1.055	Loglikelihood: -2.12463e+06	(delta): 438.493
9 (QN/Block) 	Elapsed: 1.045	Loglikelihood: -2.12438e+06	(delta): 254.131
10 (QN/Block) 	Elapsed: 1.053	Loglikelihood: -2.12429e+06	(delta): 84.567
11 (QN/Block) 	Elapsed: 1.06	Loglikelihood: -2.12425e+06	(delta): 38.1912
12 (QN/Block) 	Elapsed: 1.051	Loglikelihood: -2.12423e+06	(delta): 18.8687
13 (QN/Block) 	Elapsed: 1.105	Loglikelihood: -2.1242e+06	(delta): 31.6649
14 (QN/Block) 	Elapsed: 1.085	Loglikelihood: -2.1242e+06	(delta): 6.48994
15 (QN/Block) 	Elapsed: 1.134	Loglikelihood: -2.12419e+06	(delta): 3.4502
16 (QN/Block) 	Elapsed: 1.13	Loglikelihood: -2.12419e+06	(delta): 1.59419
17 (QN/Block) 	Elapsed: 1.139	Loglikelihood: -2.12419e+06	(delta): 0.220093
18 (QN/Block) 	Elapsed: 1.137	Loglikelihood: -2.12419e+06	(delta): 0.0733358
19 (QN/Block) 	Elapsed: 1.143	Loglikelihood: -2.12419e+06	(delta): 0.00633106
20 (QN/Block) 	Elapsed: 1.147	Loglikelihood: -2.12419e+06	(delta): 0.00111988
21 (QN/Block) 	Elapsed: 1.114	Loglikelihood: -2.12419e+06	(delta): 0.000205389
22 (QN/Block) 	Elapsed: 1.134	Loglikelihood: -2.12419e+06	(delta): 9.63984e-05
Summary: 
Converged in 22 iterations (27.844 sec)
Loglikelihood: -2124190.071019
Fst divergences between estimated populations: 
	Pop0	Pop1	Pop2	Pop3	
Pop0	
Pop1	0.145	
Pop2	0.132	0.211	
Pop3	0.137	0.191	0.192	
Pop4	0.384	0.417	0.451	0.394	
CV error (K=5): 0.65256
Writing output files.
