****                   ADMIXTURE Version 1.3.0                  ****
****                    Copyright 2008-2015                     ****
****           David Alexander, Suyash Shringarpure,            ****
****                John  Novembre, Ken Lange                   ****
****                                                            ****
****                 Please cite our paper!                     ****
****   Information at www.genetics.ucla.edu/software/admixture  ****

Parallel execution requested.  Will use 2 threads.
Cross-validation will be performed.  Folds=5.
Random seed: 43
Point estimation method: Block relaxation algorithm
Convergence acceleration algorithm: QuasiNewton, 3 secant conditions
Point estimation will terminate when objective function delta < 0.0001
Estimation of standard errors disabled; will compute point estimates only.
Size of G: 732x8587
Performing five EM steps to prime main algorithm
1 (EM) 	Elapsed: 2.018	Loglikelihood: -3.43873e+06	(delta): 4.45358e+06
2 (EM) 	Elapsed: 2.01	Loglikelihood: -3.28041e+06	(delta): 158320
3 (EM) 	Elapsed: 2.015	Loglikelihood: -3.25364e+06	(delta): 26766.8
4 (EM) 	Elapsed: 1.455	Loglikelihood: -3.23862e+06	(delta): 15026.2
5 (EM) 	Elapsed: 1.19	Loglikelihood: -3.22724e+06	(delta): 11374.3
Initial loglikelihood: -3.22724e+06
Starting main algorithm
1 (QN/Block) 	Elapsed: 3.251	Loglikelihood: -2.9437e+06	(delta): 283541
2 (QN/Block) 	Elapsed: 3.257	Loglikelihood: -2.85571e+06	(delta): 87994.9
3 (QN/Block) 	Elapsed: 3.38	Loglikelihood: -2.82728e+06	(delta): 28425.7
4 (QN/Block) 	Elapsed: 3.344	Loglikelihood: -2.81229e+06	(delta): 14984.6
5 (QN/Block) 	Elapsed: 3.373	Loglikelihood: -2.80714e+06	(delta): 5155.29
6 (QN/Block) 	Elapsed: 3.362	Loglikelihood: -2.8052e+06	(delta): 1942.01
7 (QN/Block) 	Elapsed: 3.601	Loglikelihood: -2.8026e+06	(delta): 2596.93
8 (QN/Block) 	Elapsed: 3.627	Loglikelihood: -2.79994e+06	(delta): 2664.15
9 (QN/Block) 	Elapsed: 3.191	Loglikelihood: -2.79885e+06	(delta): 1082.31
10 (QN/Block) 	Elapsed: 2.815	Loglikelihood: -2.79833e+06	(delta): 528.693
11 (QN/Block) 	Elapsed: 3.313	Loglikelihood: -2.79805e+06	(delta): 273.807
12 (QN/Block) 	Elapsed: 3.283	Loglikelihood: -2.79789e+06	(delta): 160.344
13 (QN/Block) 	Elapsed: 3.171	Loglikelihood: -2.79773e+06	(delta): 159.813
14 (QN/Block) 	Elapsed: 2.462	Loglikelihood: -2.79757e+06	(delta): 158.46
15 (QN/Block) 	Elapsed: 2.859	Loglikelihood: -2.79748e+06	(delta): 91.752
16 (QN/Block) 	Elapsed: 2.155	Loglikelihood: -2.79742e+06	(delta): 62.4059
17 (QN/Block) 	Elapsed: 2.254	Loglikelihood: -2.79738e+06	(delta): 42.8088
18 (QN/Block) 	Elapsed: 2.966	Loglikelihood: -2.79728e+06	(delta): 92.6596
19 (QN/Block) 	Elapsed: 2.9	Loglikelihood: -2.79722e+06	(delta): 58.5778
20 (QN/Block) 	Elapsed: 2.268	Loglikelihood: -2.79714e+06	(delta): 84.0028
21 (QN/Block) 	Elapsed: 3.067	Loglikelihood: -2.79708e+06	(delta): 64.6854
22 (QN/Block) 	Elapsed: 2.372	Loglikelihood: -2.79691e+06	(delta): 166.033
23 (QN/Block) 	Elapsed: 2.512	Loglikelihood: -2.79683e+06	(delta): 78.3733
24 (QN/Block) 	Elapsed: 2.479	Loglikelihood: -2.79677e+06	(delta): 56.771
25 (QN/Block) 	Elapsed: 2.661	Loglikelihood: -2.79674e+06	(delta): 30.8132
26 (QN/Block) 	Elapsed: 2.417	Loglikelihood: -2.79671e+06	(delta): 39.0049
27 (QN/Block) 	Elapsed: 2.432	Loglikelihood: -2.79666e+06	(delta): 48.9833
28 (QN/Block) 	Elapsed: 2.979	Loglikelihood: -2.79663e+06	(delta): 30.169
29 (QN/Block) 	Elapsed: 3.227	Loglikelihood: -2.7966e+06	(delta): 22.773
30 (QN/Block) 	Elapsed: 3.289	Loglikelihood: -2.79659e+06	(delta): 9.32751
31 (QN/Block) 	Elapsed: 2.598	Loglikelihood: -2.79659e+06	(delta): 7.01236
32 (QN/Block) 	Elapsed: 2.903	Loglikelihood: -2.79658e+06	(delta): 4.99529
33 (QN/Block) 	Elapsed: 2.105	Loglikelihood: -2.79658e+06	(delta): 1.82117
34 (QN/Block) 	Elapsed: 2.189	Loglikelihood: -2.79658e+06	(delta): 0.828738
35 (QN/Block) 	Elapsed: 2.444	Loglikelihood: -2.79658e+06	(delta): 0.610383
36 (QN/Block) 	Elapsed: 2.783	Loglikelihood: -2.79658e+06	(delta): 0.369484
37 (QN/Block) 	Elapsed: 2.769	Loglikelihood: -2.79658e+06	(delta): 0.162247
38 (QN/Block) 	Elapsed: 2.549	Loglikelihood: -2.79658e+06	(delta): 0.0841681
39 (QN/Block) 	Elapsed: 3.04	Loglikelihood: -2.79658e+06	(delta): 0.0412122
40 (QN/Block) 	Elapsed: 2.828	Loglikelihood: -2.79658e+06	(delta): 0.0428579
41 (QN/Block) 	Elapsed: 2.889	Loglikelihood: -2.79658e+06	(delta): 0.0152958
42 (QN/Block) 	Elapsed: 2.864	Loglikelihood: -2.79658e+06	(delta): 0.0069812
43 (QN/Block) 	Elapsed: 2.995	Loglikelihood: -2.79658e+06	(delta): 0.00322533
44 (QN/Block) 	Elapsed: 3.198	Loglikelihood: -2.79658e+06	(delta): 0.00103197
45 (QN/Block) 	Elapsed: 2.859	Loglikelihood: -2.79658e+06	(delta): 0.00121102
46 (QN/Block) 	Elapsed: 3.94	Loglikelihood: -2.79658e+06	(delta): 0.000390701
47 (QN/Block) 	Elapsed: 4.645	Loglikelihood: -2.79658e+06	(delta): 0.000504194
48 (QN/Block) 	Elapsed: 4.854	Loglikelihood: -2.79658e+06	(delta): 2.40207e-05
Summary: 
Converged in 48 iterations (155.83 sec)
Loglikelihood: -2796577.912888
Fst divergences between estimated populations: 
	Pop0	Pop1	Pop2	Pop3	Pop4	Pop5	
Pop0	
Pop1	0.188	
Pop2	0.120	0.117	
Pop3	0.234	0.147	0.170	
Pop4	0.366	0.392	0.328	0.406	
Pop5	0.163	0.170	0.099	0.207	0.338	
Pop6	0.179	0.191	0.132	0.231	0.366	0.148	
CV error (K=7): 0.41604
Writing output files.
