****                   ADMIXTURE Version 1.3.0                  ****
****                    Copyright 2008-2015                     ****
****           David Alexander, Suyash Shringarpure,            ****
****                John  Novembre, Ken Lange                   ****
****                                                            ****
****                 Please cite our paper!                     ****
****   Information at www.genetics.ucla.edu/software/admixture  ****

Parallel execution requested.  Will use 2 threads.
Cross-validation will be performed.  Folds=5.
Random seed: 43
Point estimation method: Block relaxation algorithm
Convergence acceleration algorithm: QuasiNewton, 3 secant conditions
Point estimation will terminate when objective function delta < 0.0001
Estimation of standard errors disabled; will compute point estimates only.
Size of G: 731x3863
Performing five EM steps to prime main algorithm
1 (EM) 	Elapsed: 0.904	Loglikelihood: -2.53764e+06	(delta): 1.08524e+06
2 (EM) 	Elapsed: 0.894	Loglikelihood: -2.46988e+06	(delta): 67758
3 (EM) 	Elapsed: 1.056	Loglikelihood: -2.4546e+06	(delta): 15279.7
4 (EM) 	Elapsed: 1.061	Loglikelihood: -2.44512e+06	(delta): 9481.46
5 (EM) 	Elapsed: 1.06	Loglikelihood: -2.43757e+06	(delta): 7555.64
Initial loglikelihood: -2.43757e+06
Starting main algorithm
1 (QN/Block) 	Elapsed: 2.885	Loglikelihood: -2.17743e+06	(delta): 260134
2 (QN/Block) 	Elapsed: 2.866	Loglikelihood: -2.12118e+06	(delta): 56247.1
3 (QN/Block) 	Elapsed: 3.013	Loglikelihood: -2.10226e+06	(delta): 18926.3
4 (QN/Block) 	Elapsed: 2.994	Loglikelihood: -2.09134e+06	(delta): 10918.2
5 (QN/Block) 	Elapsed: 2.936	Loglikelihood: -2.08539e+06	(delta): 5945.76
6 (QN/Block) 	Elapsed: 2.916	Loglikelihood: -2.08309e+06	(delta): 2304.69
7 (QN/Block) 	Elapsed: 2.778	Loglikelihood: -2.08216e+06	(delta): 931.827
8 (QN/Block) 	Elapsed: 2.749	Loglikelihood: -2.08146e+06	(delta): 695.183
9 (QN/Block) 	Elapsed: 2.784	Loglikelihood: -2.08064e+06	(delta): 820.797
10 (QN/Block) 	Elapsed: 2.731	Loglikelihood: -2.08015e+06	(delta): 494.455
11 (QN/Block) 	Elapsed: 2.798	Loglikelihood: -2.07987e+06	(delta): 276.663
12 (QN/Block) 	Elapsed: 2.77	Loglikelihood: -2.07973e+06	(delta): 143.995
13 (QN/Block) 	Elapsed: 2.676	Loglikelihood: -2.07964e+06	(delta): 89.748
14 (QN/Block) 	Elapsed: 2.682	Loglikelihood: -2.07957e+06	(delta): 69.3633
15 (QN/Block) 	Elapsed: 2.254	Loglikelihood: -2.07953e+06	(delta): 36.5847
16 (QN/Block) 	Elapsed: 2.081	Loglikelihood: -2.07952e+06	(delta): 13.0579
17 (QN/Block) 	Elapsed: 1.988	Loglikelihood: -2.07951e+06	(delta): 6.13626
18 (QN/Block) 	Elapsed: 2.263	Loglikelihood: -2.07951e+06	(delta): 4.74722
19 (QN/Block) 	Elapsed: 2.044	Loglikelihood: -2.0795e+06	(delta): 2.67794
20 (QN/Block) 	Elapsed: 1.962	Loglikelihood: -2.0795e+06	(delta): 1.51014
21 (QN/Block) 	Elapsed: 2.006	Loglikelihood: -2.0795e+06	(delta): 0.944631
22 (QN/Block) 	Elapsed: 2.031	Loglikelihood: -2.0795e+06	(delta): 0.622213
23 (QN/Block) 	Elapsed: 2.063	Loglikelihood: -2.0795e+06	(delta): 0.331604
24 (QN/Block) 	Elapsed: 2.524	Loglikelihood: -2.0795e+06	(delta): 0.372035
25 (QN/Block) 	Elapsed: 2.52	Loglikelihood: -2.0795e+06	(delta): 0.130834
26 (QN/Block) 	Elapsed: 2.533	Loglikelihood: -2.0795e+06	(delta): 0.101825
27 (QN/Block) 	Elapsed: 2.52	Loglikelihood: -2.0795e+06	(delta): 0.0425544
28 (QN/Block) 	Elapsed: 2.55	Loglikelihood: -2.0795e+06	(delta): 0.0586082
29 (QN/Block) 	Elapsed: 2.559	Loglikelihood: -2.0795e+06	(delta): 0.0144465
30 (QN/Block) 	Elapsed: 2.541	Loglikelihood: -2.0795e+06	(delta): 0.0259291
31 (QN/Block) 	Elapsed: 2.549	Loglikelihood: -2.0795e+06	(delta): 0.00636139
32 (QN/Block) 	Elapsed: 2.235	Loglikelihood: -2.0795e+06	(delta): 0.00531518
33 (QN/Block) 	Elapsed: 2.026	Loglikelihood: -2.0795e+06	(delta): 0.000955887
34 (QN/Block) 	Elapsed: 2.249	Loglikelihood: -2.0795e+06	(delta): 0.00144975
35 (QN/Block) 	Elapsed: 2.592	Loglikelihood: -2.0795e+06	(delta): 0.000480321
36 (QN/Block) 	Elapsed: 2.906	Loglikelihood: -2.0795e+06	(delta): 0.00035902
37 (QN/Block) 	Elapsed: 2.948	Loglikelihood: -2.0795e+06	(delta): 7.40325e-05
Summary: 
Converged in 37 iterations (100.335 sec)
Loglikelihood: -2079500.072358
Fst divergences between estimated populations: 
	Pop0	Pop1	Pop2	Pop3	Pop4	Pop5	Pop6	
Pop0	
Pop1	0.309	
Pop2	0.290	0.221	
Pop3	0.283	0.244	0.197	
Pop4	0.283	0.254	0.217	0.218	
Pop5	0.232	0.191	0.153	0.154	0.139	
Pop6	0.316	0.263	0.219	0.228	0.235	0.186	
Pop7	0.506	0.397	0.433	0.422	0.461	0.397	0.449	
CV error (K=8): 0.64663
Writing output files.
