****                   ADMIXTURE Version 1.3.0                  ****
****                    Copyright 2008-2015                     ****
****           David Alexander, Suyash Shringarpure,            ****
****                John  Novembre, Ken Lange                   ****
****                                                            ****
****                 Please cite our paper!                     ****
****   Information at www.genetics.ucla.edu/software/admixture  ****

Parallel execution requested.  Will use 2 threads.
Cross-validation will be performed.  Folds=5.
Random seed: 43
Point estimation method: Block relaxation algorithm
Convergence acceleration algorithm: QuasiNewton, 3 secant conditions
Point estimation will terminate when objective function delta < 0.0001
Estimation of standard errors disabled; will compute point estimates only.
Size of G: 731x3863
Performing five EM steps to prime main algorithm
1 (EM) 	Elapsed: 0.738	Loglikelihood: -2.53279e+06	(delta): 1.05288e+06
2 (EM) 	Elapsed: 0.726	Loglikelihood: -2.4667e+06	(delta): 66090.9
3 (EM) 	Elapsed: 0.728	Loglikelihood: -2.45321e+06	(delta): 13486.8
4 (EM) 	Elapsed: 0.721	Loglikelihood: -2.4451e+06	(delta): 8112.07
5 (EM) 	Elapsed: 0.793	Loglikelihood: -2.43874e+06	(delta): 6365.71
Initial loglikelihood: -2.43874e+06
Starting main algorithm
1 (QN/Block) 	Elapsed: 1.853	Loglikelihood: -2.17648e+06	(delta): 262257
2 (QN/Block) 	Elapsed: 2.045	Loglikelihood: -2.11238e+06	(delta): 64098.6
3 (QN/Block) 	Elapsed: 1.963	Loglikelihood: -2.09358e+06	(delta): 18798.3
4 (QN/Block) 	Elapsed: 1.982	Loglikelihood: -2.0836e+06	(delta): 9982.77
5 (QN/Block) 	Elapsed: 1.886	Loglikelihood: -2.08001e+06	(delta): 3585.58
6 (QN/Block) 	Elapsed: 1.967	Loglikelihood: -2.07666e+06	(delta): 3355.58
7 (QN/Block) 	Elapsed: 1.975	Loglikelihood: -2.07522e+06	(delta): 1441.41
8 (QN/Block) 	Elapsed: 1.8	Loglikelihood: -2.074e+06	(delta): 1218.51
9 (QN/Block) 	Elapsed: 1.865	Loglikelihood: -2.07351e+06	(delta): 486.473
10 (QN/Block) 	Elapsed: 1.872	Loglikelihood: -2.07302e+06	(delta): 490.648
11 (QN/Block) 	Elapsed: 1.857	Loglikelihood: -2.07269e+06	(delta): 329.193
12 (QN/Block) 	Elapsed: 1.86	Loglikelihood: -2.07221e+06	(delta): 487.168
13 (QN/Block) 	Elapsed: 1.949	Loglikelihood: -2.07166e+06	(delta): 548.607
14 (QN/Block) 	Elapsed: 1.704	Loglikelihood: -2.07087e+06	(delta): 784.401
15 (QN/Block) 	Elapsed: 1.866	Loglikelihood: -2.07042e+06	(delta): 447.392
16 (QN/Block) 	Elapsed: 1.855	Loglikelihood: -2.07022e+06	(delta): 206.356
17 (QN/Block) 	Elapsed: 1.751	Loglikelihood: -2.0701e+06	(delta): 115.952
18 (QN/Block) 	Elapsed: 1.546	Loglikelihood: -2.07002e+06	(delta): 81.9144
19 (QN/Block) 	Elapsed: 1.684	Loglikelihood: -2.06999e+06	(delta): 35.0143
20 (QN/Block) 	Elapsed: 1.725	Loglikelihood: -2.06998e+06	(delta): 9.16514
21 (QN/Block) 	Elapsed: 1.699	Loglikelihood: -2.06997e+06	(delta): 3.41566
22 (QN/Block) 	Elapsed: 1.581	Loglikelihood: -2.06997e+06	(delta): 2.01745
23 (QN/Block) 	Elapsed: 1.545	Loglikelihood: -2.06997e+06	(delta): 1.295
24 (QN/Block) 	Elapsed: 1.637	Loglikelihood: -2.06997e+06	(delta): 1.38651
25 (QN/Block) 	Elapsed: 1.485	Loglikelihood: -2.06997e+06	(delta): 1.11269
26 (QN/Block) 	Elapsed: 1.793	Loglikelihood: -2.06997e+06	(delta): 0.720558
27 (QN/Block) 	Elapsed: 1.657	Loglikelihood: -2.06997e+06	(delta): 0.241197
28 (QN/Block) 	Elapsed: 1.703	Loglikelihood: -2.06997e+06	(delta): 0.226999
29 (QN/Block) 	Elapsed: 1.415	Loglikelihood: -2.06997e+06	(delta): 0.101406
30 (QN/Block) 	Elapsed: 1.619	Loglikelihood: -2.06997e+06	(delta): 0.0387601
31 (QN/Block) 	Elapsed: 1.311	Loglikelihood: -2.06997e+06	(delta): 0.0197466
32 (QN/Block) 	Elapsed: 1.343	Loglikelihood: -2.06997e+06	(delta): 0.00881356
33 (QN/Block) 	Elapsed: 1.432	Loglikelihood: -2.06997e+06	(delta): 0.013537
34 (QN/Block) 	Elapsed: 1.353	Loglikelihood: -2.06997e+06	(delta): 0.00682792
35 (QN/Block) 	Elapsed: 1.252	Loglikelihood: -2.06997e+06	(delta): 0.00269956
36 (QN/Block) 	Elapsed: 1.251	Loglikelihood: -2.06997e+06	(delta): 0.000837255
37 (QN/Block) 	Elapsed: 1.251	Loglikelihood: -2.06997e+06	(delta): 0.000984207
38 (QN/Block) 	Elapsed: 1.251	Loglikelihood: -2.06997e+06	(delta): 0.00100621
39 (QN/Block) 	Elapsed: 1.251	Loglikelihood: -2.06997e+06	(delta): 0.000282719
40 (QN/Block) 	Elapsed: 1.251	Loglikelihood: -2.06997e+06	(delta): 0.00014869
41 (QN/Block) 	Elapsed: 1.252	Loglikelihood: -2.06997e+06	(delta): 0.000102422
42 (QN/Block) 	Elapsed: 1.251	Loglikelihood: -2.06997e+06	(delta): 0.000109227
43 (QN/Block) 	Elapsed: 1.25	Loglikelihood: -2.06997e+06	(delta): 2.50398e-05
Summary: 
Converged in 43 iterations (75.596 sec)
Loglikelihood: -2069965.643234
Fst divergences between estimated populations: 
	Pop0	Pop1	Pop2	Pop3	Pop4	Pop5	Pop6	Pop7	
Pop0	
Pop1	0.217	
Pop2	0.253	0.220	
Pop3	0.143	0.156	0.194	
Pop4	0.461	0.433	0.398	0.401	
Pop5	0.235	0.219	0.263	0.192	0.450	
Pop6	0.235	0.224	0.258	0.186	0.433	0.247	
Pop7	0.283	0.290	0.309	0.235	0.506	0.317	0.302	
Pop8	0.224	0.201	0.250	0.163	0.428	0.234	0.168	0.288	
CV error (K=9): 0.64615
Writing output files.
